CRITICAL - 2022-12-25 04:17:50 --> Undefined variable $paketM
in APPPATH\Views\home\transaksiView.php on line 195.
 1 APPPATH\Views\home\transaksiView.php(195): CodeIgniter\Debug\Exceptions->errorHandler(2, 'Undefined variable $paketM', 'APPPATH\\Views\\home\\transaksiView.php', 195)
 2 SYSTEMPATH\View\View.php(213): include('APPPATH\\Views\\home\\transaksiView.php')
 3 SYSTEMPATH\View\View.php(216): CodeIgniter\View\View->CodeIgniter\View\{closure}()
 4 SYSTEMPATH\Common.php(1134): CodeIgniter\View\View->render('home/transaksiView', [], true)
 5 APPPATH\Controllers\Transaksi.php(22): view('home/transaksiView', [...])
 6 SYSTEMPATH\CodeIgniter.php(927): App\Controllers\Transaksi->index()
 7 SYSTEMPATH\CodeIgniter.php(482): CodeIgniter\CodeIgniter->runController(Object(App\Controllers\Transaksi))
 8 SYSTEMPATH\CodeIgniter.php(351): CodeIgniter\CodeIgniter->handleRequest(null, Object(Config\Cache), false)
 9 FCPATH\index.php(67): CodeIgniter\CodeIgniter->run()
ERROR - 2022-12-25 04:22:39 --> mysqli_sql_exception: Unknown column 'namaPaket' in 'field list' in C:\xampp\htdocs\myproject\system\Database\MySQLi\Connection.php:292
Stack trace:
#0 C:\xampp\htdocs\myproject\system\Database\MySQLi\Connection.php(292): mysqli->query('SELECT `namaPak...', 0)
#1 C:\xampp\htdocs\myproject\system\Database\BaseConnection.php(666): CodeIgniter\Database\MySQLi\Connection->execute('SELECT `namaPak...')
#2 C:\xampp\htdocs\myproject\system\Database\BaseConnection.php(593): CodeIgniter\Database\BaseConnection->simpleQuery('SELECT `namaPak...')
#3 C:\xampp\htdocs\myproject\system\Database\BaseBuilder.php(1585): CodeIgniter\Database\BaseConnection->query('SELECT `namaPak...', Array, false)
#4 C:\xampp\htdocs\myproject\system\Model.php(223): CodeIgniter\Database\BaseBuilder->get()
#5 C:\xampp\htdocs\myproject\system\BaseModel.php(585): CodeIgniter\Model->doFindAll(0, 0)
#6 C:\xampp\htdocs\myproject\app\Controllers\Transaksi.php(104): CodeIgniter\BaseModel->findAll()
#7 C:\xampp\htdocs\myproject\system\CodeIgniter.php(927): App\Controllers\Transaksi->deskripsi()
#8 C:\xampp\htdocs\myproject\system\CodeIgniter.php(482): CodeIgniter\CodeIgniter->runController(Object(App\Controllers\Transaksi))
#9 C:\xampp\htdocs\myproject\system\CodeIgniter.php(351): CodeIgniter\CodeIgniter->handleRequest(NULL, Object(Config\Cache), false)
#10 C:\xampp\htdocs\myproject\public\index.php(67): CodeIgniter\CodeIgniter->run()
#11 {main}
CRITICAL - 2022-12-25 04:22:39 --> Unknown column 'namaPaket' in 'field list'
in SYSTEMPATH\Database\MySQLi\Connection.php on line 292.
 1 SYSTEMPATH\Database\MySQLi\Connection.php(292): mysqli->query('SELECT `namaPaket`, `deskripsi`
FROM `tbltransaksipembelian`
WHERE `namaPaket` = \'OP006\'
ORDER BY `name`', 0)
 2 SYSTEMPATH\Database\BaseConnection.php(666): CodeIgniter\Database\MySQLi\Connection->execute('SELECT `namaPaket`, `deskripsi`
FROM `tbltransaksipembelian`
WHERE `namaPaket` = \'OP006\'
ORDER BY `name`')
 3 SYSTEMPATH\Database\BaseConnection.php(593): CodeIgniter\Database\BaseConnection->simpleQuery('SELECT `namaPaket`, `deskripsi`
FROM `tbltransaksipembelian`
WHERE `namaPaket` = \'OP006\'
ORDER BY `name`')
 4 SYSTEMPATH\Database\BaseBuilder.php(1585): CodeIgniter\Database\BaseConnection->query('SELECT `namaPaket`, `deskripsi`
FROM `tbltransaksipembelian`
WHERE `namaPaket` = :namaPaket:
ORDER BY `name`', [...], false)
 5 SYSTEMPATH\Model.php(223): CodeIgniter\Database\BaseBuilder->get()
 6 SYSTEMPATH\BaseModel.php(585): CodeIgniter\Model->doFindAll(0, 0)
 7 APPPATH\Controllers\Transaksi.php(104): CodeIgniter\BaseModel->findAll()
 8 SYSTEMPATH\CodeIgniter.php(927): App\Controllers\Transaksi->deskripsi()
 9 SYSTEMPATH\CodeIgniter.php(482): CodeIgniter\CodeIgniter->runController(Object(App\Controllers\Transaksi))
10 SYSTEMPATH\CodeIgniter.php(351): CodeIgniter\CodeIgniter->handleRequest(null, Object(Config\Cache), false)
11 FCPATH\index.php(67): CodeIgniter\CodeIgniter->run()
ERROR - 2022-12-25 04:55:20 --> mysqli_sql_exception: Unknown column 'namaPaket' in 'field list' in C:\xampp\htdocs\myproject\system\Database\MySQLi\Connection.php:292
Stack trace:
#0 C:\xampp\htdocs\myproject\system\Database\MySQLi\Connection.php(292): mysqli->query('SELECT `namaPak...', 0)
#1 C:\xampp\htdocs\myproject\system\Database\BaseConnection.php(666): CodeIgniter\Database\MySQLi\Connection->execute('SELECT `namaPak...')
#2 C:\xampp\htdocs\myproject\system\Database\BaseConnection.php(593): CodeIgniter\Database\BaseConnection->simpleQuery('SELECT `namaPak...')
#3 C:\xampp\htdocs\myproject\system\Database\BaseBuilder.php(1585): CodeIgniter\Database\BaseConnection->query('SELECT `namaPak...', Array, false)
#4 C:\xampp\htdocs\myproject\system\Model.php(223): CodeIgniter\Database\BaseBuilder->get()
#5 C:\xampp\htdocs\myproject\system\BaseModel.php(585): CodeIgniter\Model->doFindAll(0, 0)
#6 C:\xampp\htdocs\myproject\app\Controllers\Transaksi.php(104): CodeIgniter\BaseModel->findAll()
#7 C:\xampp\htdocs\myproject\system\CodeIgniter.php(927): App\Controllers\Transaksi->deskripsi()
#8 C:\xampp\htdocs\myproject\system\CodeIgniter.php(482): CodeIgniter\CodeIgniter->runController(Object(App\Controllers\Transaksi))
#9 C:\xampp\htdocs\myproject\system\CodeIgniter.php(351): CodeIgniter\CodeIgniter->handleRequest(NULL, Object(Config\Cache), false)
#10 C:\xampp\htdocs\myproject\public\index.php(67): CodeIgniter\CodeIgniter->run()
#11 {main}
CRITICAL - 2022-12-25 04:55:20 --> Unknown column 'namaPaket' in 'field list'
in SYSTEMPATH\Database\MySQLi\Connection.php on line 292.
 1 SYSTEMPATH\Database\MySQLi\Connection.php(292): mysqli->query('SELECT `namaPaket`, `deskripsi`
FROM `tbltransaksipembelian`
WHERE `namaPaket` IS NULL
ORDER BY `name`', 0)
 2 SYSTEMPATH\Database\BaseConnection.php(666): CodeIgniter\Database\MySQLi\Connection->execute('SELECT `namaPaket`, `deskripsi`
FROM `tbltransaksipembelian`
WHERE `namaPaket` IS NULL
ORDER BY `name`')
 3 SYSTEMPATH\Database\BaseConnection.php(593): CodeIgniter\Database\BaseConnection->simpleQuery('SELECT `namaPaket`, `deskripsi`
FROM `tbltransaksipembelian`
WHERE `namaPaket` IS NULL
ORDER BY `name`')
 4 SYSTEMPATH\Database\BaseBuilder.php(1585): CodeIgniter\Database\BaseConnection->query('SELECT `namaPaket`, `deskripsi`
FROM `tbltransaksipembelian`
WHERE `namaPaket` IS NULL
ORDER BY `name`', [], false)
 5 SYSTEMPATH\Model.php(223): CodeIgniter\Database\BaseBuilder->get()
 6 SYSTEMPATH\BaseModel.php(585): CodeIgniter\Model->doFindAll(0, 0)
 7 APPPATH\Controllers\Transaksi.php(104): CodeIgniter\BaseModel->findAll()
 8 SYSTEMPATH\CodeIgniter.php(927): App\Controllers\Transaksi->deskripsi()
 9 SYSTEMPATH\CodeIgniter.php(482): CodeIgniter\CodeIgniter->runController(Object(App\Controllers\Transaksi))
10 SYSTEMPATH\CodeIgniter.php(351): CodeIgniter\CodeIgniter->handleRequest(null, Object(Config\Cache), false)
11 FCPATH\index.php(67): CodeIgniter\CodeIgniter->run()
ERROR - 2022-12-25 05:06:14 --> mysqli_sql_exception: Unknown column 'name' in 'order clause' in C:\xampp\htdocs\myproject\system\Database\MySQLi\Connection.php:292
Stack trace:
#0 C:\xampp\htdocs\myproject\system\Database\MySQLi\Connection.php(292): mysqli->query('SELECT `idPaket...', 0)
#1 C:\xampp\htdocs\myproject\system\Database\BaseConnection.php(666): CodeIgniter\Database\MySQLi\Connection->execute('SELECT `idPaket...')
#2 C:\xampp\htdocs\myproject\system\Database\BaseConnection.php(593): CodeIgniter\Database\BaseConnection->simpleQuery('SELECT `idPaket...')
#3 C:\xampp\htdocs\myproject\system\Database\BaseBuilder.php(1585): CodeIgniter\Database\BaseConnection->query('SELECT `idPaket...', Array, false)
#4 C:\xampp\htdocs\myproject\system\Model.php(223): CodeIgniter\Database\BaseBuilder->get()
#5 C:\xampp\htdocs\myproject\system\BaseModel.php(585): CodeIgniter\Model->doFindAll(0, 0)
#6 C:\xampp\htdocs\myproject\app\Controllers\Transaksi.php(121): CodeIgniter\BaseModel->findAll()
#7 C:\xampp\htdocs\myproject\system\CodeIgniter.php(927): App\Controllers\Transaksi->loadPaket()
#8 C:\xampp\htdocs\myproject\system\CodeIgniter.php(482): CodeIgniter\CodeIgniter->runController(Object(App\Controllers\Transaksi))
#9 C:\xampp\htdocs\myproject\system\CodeIgniter.php(351): CodeIgniter\CodeIgniter->handleRequest(NULL, Object(Config\Cache), false)
#10 C:\xampp\htdocs\myproject\public\index.php(67): CodeIgniter\CodeIgniter->run()
#11 {main}
CRITICAL - 2022-12-25 05:06:14 --> Unknown column 'name' in 'order clause'
in SYSTEMPATH\Database\MySQLi\Connection.php on line 292.
 1 SYSTEMPATH\Database\MySQLi\Connection.php(292): mysqli->query('SELECT `idPaket`, `namaPaket`
FROM `tblpaket`
WHERE `idOperator` = \'\'
ORDER BY `name`', 0)
 2 SYSTEMPATH\Database\BaseConnection.php(666): CodeIgniter\Database\MySQLi\Connection->execute('SELECT `idPaket`, `namaPaket`
FROM `tblpaket`
WHERE `idOperator` = \'\'
ORDER BY `name`')
 3 SYSTEMPATH\Database\BaseConnection.php(593): CodeIgniter\Database\BaseConnection->simpleQuery('SELECT `idPaket`, `namaPaket`
FROM `tblpaket`
WHERE `idOperator` = \'\'
ORDER BY `name`')
 4 SYSTEMPATH\Database\BaseBuilder.php(1585): CodeIgniter\Database\BaseConnection->query('SELECT `idPaket`, `namaPaket`
FROM `tblpaket`
WHERE `idOperator` = :idOperator:
ORDER BY `name`', [...], false)
 5 SYSTEMPATH\Model.php(223): CodeIgniter\Database\BaseBuilder->get()
 6 SYSTEMPATH\BaseModel.php(585): CodeIgniter\Model->doFindAll(0, 0)
 7 APPPATH\Controllers\Transaksi.php(121): CodeIgniter\BaseModel->findAll()
 8 SYSTEMPATH\CodeIgniter.php(927): App\Controllers\Transaksi->loadPaket()
 9 SYSTEMPATH\CodeIgniter.php(482): CodeIgniter\CodeIgniter->runController(Object(App\Controllers\Transaksi))
10 SYSTEMPATH\CodeIgniter.php(351): CodeIgniter\CodeIgniter->handleRequest(null, Object(Config\Cache), false)
11 FCPATH\index.php(67): CodeIgniter\CodeIgniter->run()
ERROR - 2022-12-25 05:06:17 --> mysqli_sql_exception: Unknown column 'name' in 'order clause' in C:\xampp\htdocs\myproject\system\Database\MySQLi\Connection.php:292
Stack trace:
#0 C:\xampp\htdocs\myproject\system\Database\MySQLi\Connection.php(292): mysqli->query('SELECT `idPaket...', 0)
#1 C:\xampp\htdocs\myproject\system\Database\BaseConnection.php(666): CodeIgniter\Database\MySQLi\Connection->execute('SELECT `idPaket...')
#2 C:\xampp\htdocs\myproject\system\Database\BaseConnection.php(593): CodeIgniter\Database\BaseConnection->simpleQuery('SELECT `idPaket...')
#3 C:\xampp\htdocs\myproject\system\Database\BaseBuilder.php(1585): CodeIgniter\Database\BaseConnection->query('SELECT `idPaket...', Array, false)
#4 C:\xampp\htdocs\myproject\system\Model.php(223): CodeIgniter\Database\BaseBuilder->get()
#5 C:\xampp\htdocs\myproject\system\BaseModel.php(585): CodeIgniter\Model->doFindAll(0, 0)
#6 C:\xampp\htdocs\myproject\app\Controllers\Transaksi.php(121): CodeIgniter\BaseModel->findAll()
#7 C:\xampp\htdocs\myproject\system\CodeIgniter.php(927): App\Controllers\Transaksi->loadPaket()
#8 C:\xampp\htdocs\myproject\system\CodeIgniter.php(482): CodeIgniter\CodeIgniter->runController(Object(App\Controllers\Transaksi))
#9 C:\xampp\htdocs\myproject\system\CodeIgniter.php(351): CodeIgniter\CodeIgniter->handleRequest(NULL, Object(Config\Cache), false)
#10 C:\xampp\htdocs\myproject\public\index.php(67): CodeIgniter\CodeIgniter->run()
#11 {main}
CRITICAL - 2022-12-25 05:06:17 --> Unknown column 'name' in 'order clause'
in SYSTEMPATH\Database\MySQLi\Connection.php on line 292.
 1 SYSTEMPATH\Database\MySQLi\Connection.php(292): mysqli->query('SELECT `idPaket`, `namaPaket`
FROM `tblpaket`
WHERE `idOperator` = \'OP006\'
ORDER BY `name`', 0)
 2 SYSTEMPATH\Database\BaseConnection.php(666): CodeIgniter\Database\MySQLi\Connection->execute('SELECT `idPaket`, `namaPaket`
FROM `tblpaket`
WHERE `idOperator` = \'OP006\'
ORDER BY `name`')
 3 SYSTEMPATH\Database\BaseConnection.php(593): CodeIgniter\Database\BaseConnection->simpleQuery('SELECT `idPaket`, `namaPaket`
FROM `tblpaket`
WHERE `idOperator` = \'OP006\'
ORDER BY `name`')
 4 SYSTEMPATH\Database\BaseBuilder.php(1585): CodeIgniter\Database\BaseConnection->query('SELECT `idPaket`, `namaPaket`
FROM `tblpaket`
WHERE `idOperator` = :idOperator:
ORDER BY `name`', [...], false)
 5 SYSTEMPATH\Model.php(223): CodeIgniter\Database\BaseBuilder->get()
 6 SYSTEMPATH\BaseModel.php(585): CodeIgniter\Model->doFindAll(0, 0)
 7 APPPATH\Controllers\Transaksi.php(121): CodeIgniter\BaseModel->findAll()
 8 SYSTEMPATH\CodeIgniter.php(927): App\Controllers\Transaksi->loadPaket()
 9 SYSTEMPATH\CodeIgniter.php(482): CodeIgniter\CodeIgniter->runController(Object(App\Controllers\Transaksi))
10 SYSTEMPATH\CodeIgniter.php(351): CodeIgniter\CodeIgniter->handleRequest(null, Object(Config\Cache), false)
11 FCPATH\index.php(67): CodeIgniter\CodeIgniter->run()
ERROR - 2022-12-25 05:06:22 --> mysqli_sql_exception: Unknown column 'name' in 'order clause' in C:\xampp\htdocs\myproject\system\Database\MySQLi\Connection.php:292
Stack trace:
#0 C:\xampp\htdocs\myproject\system\Database\MySQLi\Connection.php(292): mysqli->query('SELECT `idPaket...', 0)
#1 C:\xampp\htdocs\myproject\system\Database\BaseConnection.php(666): CodeIgniter\Database\MySQLi\Connection->execute('SELECT `idPaket...')
#2 C:\xampp\htdocs\myproject\system\Database\BaseConnection.php(593): CodeIgniter\Database\BaseConnection->simpleQuery('SELECT `idPaket...')
#3 C:\xampp\htdocs\myproject\system\Database\BaseBuilder.php(1585): CodeIgniter\Database\BaseConnection->query('SELECT `idPaket...', Array, false)
#4 C:\xampp\htdocs\myproject\system\Model.php(223): CodeIgniter\Database\BaseBuilder->get()
#5 C:\xampp\htdocs\myproject\system\BaseModel.php(585): CodeIgniter\Model->doFindAll(0, 0)
#6 C:\xampp\htdocs\myproject\app\Controllers\Transaksi.php(121): CodeIgniter\BaseModel->findAll()
#7 C:\xampp\htdocs\myproject\system\CodeIgniter.php(927): App\Controllers\Transaksi->loadPaket()
#8 C:\xampp\htdocs\myproject\system\CodeIgniter.php(482): CodeIgniter\CodeIgniter->runController(Object(App\Controllers\Transaksi))
#9 C:\xampp\htdocs\myproject\system\CodeIgniter.php(351): CodeIgniter\CodeIgniter->handleRequest(NULL, Object(Config\Cache), false)
#10 C:\xampp\htdocs\myproject\public\index.php(67): CodeIgniter\CodeIgniter->run()
#11 {main}
CRITICAL - 2022-12-25 05:06:22 --> Unknown column 'name' in 'order clause'
in SYSTEMPATH\Database\MySQLi\Connection.php on line 292.
 1 SYSTEMPATH\Database\MySQLi\Connection.php(292): mysqli->query('SELECT `idPaket`, `namaPaket`
FROM `tblpaket`
WHERE `idOperator` = \'OP002\'
ORDER BY `name`', 0)
 2 SYSTEMPATH\Database\BaseConnection.php(666): CodeIgniter\Database\MySQLi\Connection->execute('SELECT `idPaket`, `namaPaket`
FROM `tblpaket`
WHERE `idOperator` = \'OP002\'
ORDER BY `name`')
 3 SYSTEMPATH\Database\BaseConnection.php(593): CodeIgniter\Database\BaseConnection->simpleQuery('SELECT `idPaket`, `namaPaket`
FROM `tblpaket`
WHERE `idOperator` = \'OP002\'
ORDER BY `name`')
 4 SYSTEMPATH\Database\BaseBuilder.php(1585): CodeIgniter\Database\BaseConnection->query('SELECT `idPaket`, `namaPaket`
FROM `tblpaket`
WHERE `idOperator` = :idOperator:
ORDER BY `name`', [...], false)
 5 SYSTEMPATH\Model.php(223): CodeIgniter\Database\BaseBuilder->get()
 6 SYSTEMPATH\BaseModel.php(585): CodeIgniter\Model->doFindAll(0, 0)
 7 APPPATH\Controllers\Transaksi.php(121): CodeIgniter\BaseModel->findAll()
 8 SYSTEMPATH\CodeIgniter.php(927): App\Controllers\Transaksi->loadPaket()
 9 SYSTEMPATH\CodeIgniter.php(482): CodeIgniter\CodeIgniter->runController(Object(App\Controllers\Transaksi))
10 SYSTEMPATH\CodeIgniter.php(351): CodeIgniter\CodeIgniter->handleRequest(null, Object(Config\Cache), false)
11 FCPATH\index.php(67): CodeIgniter\CodeIgniter->run()
ERROR - 2022-12-25 05:06:22 --> mysqli_sql_exception: Unknown column 'name' in 'order clause' in C:\xampp\htdocs\myproject\system\Database\MySQLi\Connection.php:292
Stack trace:
#0 C:\xampp\htdocs\myproject\system\Database\MySQLi\Connection.php(292): mysqli->query('SELECT `idPaket...', 0)
#1 C:\xampp\htdocs\myproject\system\Database\BaseConnection.php(666): CodeIgniter\Database\MySQLi\Connection->execute('SELECT `idPaket...')
#2 C:\xampp\htdocs\myproject\system\Database\BaseConnection.php(593): CodeIgniter\Database\BaseConnection->simpleQuery('SELECT `idPaket...')
#3 C:\xampp\htdocs\myproject\system\Database\BaseBuilder.php(1585): CodeIgniter\Database\BaseConnection->query('SELECT `idPaket...', Array, false)
#4 C:\xampp\htdocs\myproject\system\Model.php(223): CodeIgniter\Database\BaseBuilder->get()
#5 C:\xampp\htdocs\myproject\system\BaseModel.php(585): CodeIgniter\Model->doFindAll(0, 0)
#6 C:\xampp\htdocs\myproject\app\Controllers\Transaksi.php(121): CodeIgniter\BaseModel->findAll()
#7 C:\xampp\htdocs\myproject\system\CodeIgniter.php(927): App\Controllers\Transaksi->loadPaket()
#8 C:\xampp\htdocs\myproject\system\CodeIgniter.php(482): CodeIgniter\CodeIgniter->runController(Object(App\Controllers\Transaksi))
#9 C:\xampp\htdocs\myproject\system\CodeIgniter.php(351): CodeIgniter\CodeIgniter->handleRequest(NULL, Object(Config\Cache), false)
#10 C:\xampp\htdocs\myproject\public\index.php(67): CodeIgniter\CodeIgniter->run()
#11 {main}
CRITICAL - 2022-12-25 05:06:22 --> Unknown column 'name' in 'order clause'
in SYSTEMPATH\Database\MySQLi\Connection.php on line 292.
 1 SYSTEMPATH\Database\MySQLi\Connection.php(292): mysqli->query('SELECT `idPaket`, `namaPaket`
FROM `tblpaket`
WHERE `idOperator` = \'OP002\'
ORDER BY `name`', 0)
 2 SYSTEMPATH\Database\BaseConnection.php(666): CodeIgniter\Database\MySQLi\Connection->execute('SELECT `idPaket`, `namaPaket`
FROM `tblpaket`
WHERE `idOperator` = \'OP002\'
ORDER BY `name`')
 3 SYSTEMPATH\Database\BaseConnection.php(593): CodeIgniter\Database\BaseConnection->simpleQuery('SELECT `idPaket`, `namaPaket`
FROM `tblpaket`
WHERE `idOperator` = \'OP002\'
ORDER BY `name`')
 4 SYSTEMPATH\Database\BaseBuilder.php(1585): CodeIgniter\Database\BaseConnection->query('SELECT `idPaket`, `namaPaket`
FROM `tblpaket`
WHERE `idOperator` = :idOperator:
ORDER BY `name`', [...], false)
 5 SYSTEMPATH\Model.php(223): CodeIgniter\Database\BaseBuilder->get()
 6 SYSTEMPATH\BaseModel.php(585): CodeIgniter\Model->doFindAll(0, 0)
 7 APPPATH\Controllers\Transaksi.php(121): CodeIgniter\BaseModel->findAll()
 8 SYSTEMPATH\CodeIgniter.php(927): App\Controllers\Transaksi->loadPaket()
 9 SYSTEMPATH\CodeIgniter.php(482): CodeIgniter\CodeIgniter->runController(Object(App\Controllers\Transaksi))
10 SYSTEMPATH\CodeIgniter.php(351): CodeIgniter\CodeIgniter->handleRequest(null, Object(Config\Cache), false)
11 FCPATH\index.php(67): CodeIgniter\CodeIgniter->run()
ERROR - 2022-12-25 05:06:33 --> mysqli_sql_exception: Unknown column 'name' in 'order clause' in C:\xampp\htdocs\myproject\system\Database\MySQLi\Connection.php:292
Stack trace:
#0 C:\xampp\htdocs\myproject\system\Database\MySQLi\Connection.php(292): mysqli->query('SELECT `idPaket...', 0)
#1 C:\xampp\htdocs\myproject\system\Database\BaseConnection.php(666): CodeIgniter\Database\MySQLi\Connection->execute('SELECT `idPaket...')
#2 C:\xampp\htdocs\myproject\system\Database\BaseConnection.php(593): CodeIgniter\Database\BaseConnection->simpleQuery('SELECT `idPaket...')
#3 C:\xampp\htdocs\myproject\system\Database\BaseBuilder.php(1585): CodeIgniter\Database\BaseConnection->query('SELECT `idPaket...', Array, false)
#4 C:\xampp\htdocs\myproject\system\Model.php(223): CodeIgniter\Database\BaseBuilder->get()
#5 C:\xampp\htdocs\myproject\system\BaseModel.php(585): CodeIgniter\Model->doFindAll(0, 0)
#6 C:\xampp\htdocs\myproject\app\Controllers\Transaksi.php(121): CodeIgniter\BaseModel->findAll()
#7 C:\xampp\htdocs\myproject\system\CodeIgniter.php(927): App\Controllers\Transaksi->loadPaket()
#8 C:\xampp\htdocs\myproject\system\CodeIgniter.php(482): CodeIgniter\CodeIgniter->runController(Object(App\Controllers\Transaksi))
#9 C:\xampp\htdocs\myproject\system\CodeIgniter.php(351): CodeIgniter\CodeIgniter->handleRequest(NULL, Object(Config\Cache), false)
#10 C:\xampp\htdocs\myproject\public\index.php(67): CodeIgniter\CodeIgniter->run()
#11 {main}
CRITICAL - 2022-12-25 05:06:33 --> Unknown column 'name' in 'order clause'
in SYSTEMPATH\Database\MySQLi\Connection.php on line 292.
 1 SYSTEMPATH\Database\MySQLi\Connection.php(292): mysqli->query('SELECT `idPaket`, `namaPaket`
FROM `tblpaket`
WHERE `idOperator` = \'OP001\'
ORDER BY `name`', 0)
 2 SYSTEMPATH\Database\BaseConnection.php(666): CodeIgniter\Database\MySQLi\Connection->execute('SELECT `idPaket`, `namaPaket`
FROM `tblpaket`
WHERE `idOperator` = \'OP001\'
ORDER BY `name`')
 3 SYSTEMPATH\Database\BaseConnection.php(593): CodeIgniter\Database\BaseConnection->simpleQuery('SELECT `idPaket`, `namaPaket`
FROM `tblpaket`
WHERE `idOperator` = \'OP001\'
ORDER BY `name`')
 4 SYSTEMPATH\Database\BaseBuilder.php(1585): CodeIgniter\Database\BaseConnection->query('SELECT `idPaket`, `namaPaket`
FROM `tblpaket`
WHERE `idOperator` = :idOperator:
ORDER BY `name`', [...], false)
 5 SYSTEMPATH\Model.php(223): CodeIgniter\Database\BaseBuilder->get()
 6 SYSTEMPATH\BaseModel.php(585): CodeIgniter\Model->doFindAll(0, 0)
 7 APPPATH\Controllers\Transaksi.php(121): CodeIgniter\BaseModel->findAll()
 8 SYSTEMPATH\CodeIgniter.php(927): App\Controllers\Transaksi->loadPaket()
 9 SYSTEMPATH\CodeIgniter.php(482): CodeIgniter\CodeIgniter->runController(Object(App\Controllers\Transaksi))
10 SYSTEMPATH\CodeIgniter.php(351): CodeIgniter\CodeIgniter->handleRequest(null, Object(Config\Cache), false)
11 FCPATH\index.php(67): CodeIgniter\CodeIgniter->run()
ERROR - 2022-12-25 05:06:37 --> mysqli_sql_exception: Unknown column 'name' in 'order clause' in C:\xampp\htdocs\myproject\system\Database\MySQLi\Connection.php:292
Stack trace:
#0 C:\xampp\htdocs\myproject\system\Database\MySQLi\Connection.php(292): mysqli->query('SELECT `idPaket...', 0)
#1 C:\xampp\htdocs\myproject\system\Database\BaseConnection.php(666): CodeIgniter\Database\MySQLi\Connection->execute('SELECT `idPaket...')
#2 C:\xampp\htdocs\myproject\system\Database\BaseConnection.php(593): CodeIgniter\Database\BaseConnection->simpleQuery('SELECT `idPaket...')
#3 C:\xampp\htdocs\myproject\system\Database\BaseBuilder.php(1585): CodeIgniter\Database\BaseConnection->query('SELECT `idPaket...', Array, false)
#4 C:\xampp\htdocs\myproject\system\Model.php(223): CodeIgniter\Database\BaseBuilder->get()
#5 C:\xampp\htdocs\myproject\system\BaseModel.php(585): CodeIgniter\Model->doFindAll(0, 0)
#6 C:\xampp\htdocs\myproject\app\Controllers\Transaksi.php(121): CodeIgniter\BaseModel->findAll()
#7 C:\xampp\htdocs\myproject\system\CodeIgniter.php(927): App\Controllers\Transaksi->loadPaket()
#8 C:\xampp\htdocs\myproject\system\CodeIgniter.php(482): CodeIgniter\CodeIgniter->runController(Object(App\Controllers\Transaksi))
#9 C:\xampp\htdocs\myproject\system\CodeIgniter.php(351): CodeIgniter\CodeIgniter->handleRequest(NULL, Object(Config\Cache), false)
#10 C:\xampp\htdocs\myproject\public\index.php(67): CodeIgniter\CodeIgniter->run()
#11 {main}
CRITICAL - 2022-12-25 05:06:37 --> Unknown column 'name' in 'order clause'
in SYSTEMPATH\Database\MySQLi\Connection.php on line 292.
 1 SYSTEMPATH\Database\MySQLi\Connection.php(292): mysqli->query('SELECT `idPaket`, `namaPaket`
FROM `tblpaket`
WHERE `idOperator` = \'OP002\'
ORDER BY `name`', 0)
 2 SYSTEMPATH\Database\BaseConnection.php(666): CodeIgniter\Database\MySQLi\Connection->execute('SELECT `idPaket`, `namaPaket`
FROM `tblpaket`
WHERE `idOperator` = \'OP002\'
ORDER BY `name`')
 3 SYSTEMPATH\Database\BaseConnection.php(593): CodeIgniter\Database\BaseConnection->simpleQuery('SELECT `idPaket`, `namaPaket`
FROM `tblpaket`
WHERE `idOperator` = \'OP002\'
ORDER BY `name`')
 4 SYSTEMPATH\Database\BaseBuilder.php(1585): CodeIgniter\Database\BaseConnection->query('SELECT `idPaket`, `namaPaket`
FROM `tblpaket`
WHERE `idOperator` = :idOperator:
ORDER BY `name`', [...], false)
 5 SYSTEMPATH\Model.php(223): CodeIgniter\Database\BaseBuilder->get()
 6 SYSTEMPATH\BaseModel.php(585): CodeIgniter\Model->doFindAll(0, 0)
 7 APPPATH\Controllers\Transaksi.php(121): CodeIgniter\BaseModel->findAll()
 8 SYSTEMPATH\CodeIgniter.php(927): App\Controllers\Transaksi->loadPaket()
 9 SYSTEMPATH\CodeIgniter.php(482): CodeIgniter\CodeIgniter->runController(Object(App\Controllers\Transaksi))
10 SYSTEMPATH\CodeIgniter.php(351): CodeIgniter\CodeIgniter->handleRequest(null, Object(Config\Cache), false)
11 FCPATH\index.php(67): CodeIgniter\CodeIgniter->run()
ERROR - 2022-12-25 05:07:20 --> mysqli_sql_exception: Unknown column 'name' in 'order clause' in C:\xampp\htdocs\myproject\system\Database\MySQLi\Connection.php:292
Stack trace:
#0 C:\xampp\htdocs\myproject\system\Database\MySQLi\Connection.php(292): mysqli->query('SELECT `idPaket...', 0)
#1 C:\xampp\htdocs\myproject\system\Database\BaseConnection.php(666): CodeIgniter\Database\MySQLi\Connection->execute('SELECT `idPaket...')
#2 C:\xampp\htdocs\myproject\system\Database\BaseConnection.php(593): CodeIgniter\Database\BaseConnection->simpleQuery('SELECT `idPaket...')
#3 C:\xampp\htdocs\myproject\system\Database\BaseBuilder.php(1585): CodeIgniter\Database\BaseConnection->query('SELECT `idPaket...', Array, false)
#4 C:\xampp\htdocs\myproject\system\Model.php(223): CodeIgniter\Database\BaseBuilder->get()
#5 C:\xampp\htdocs\myproject\system\BaseModel.php(585): CodeIgniter\Model->doFindAll(0, 0)
#6 C:\xampp\htdocs\myproject\app\Controllers\Transaksi.php(121): CodeIgniter\BaseModel->findAll()
#7 C:\xampp\htdocs\myproject\system\CodeIgniter.php(927): App\Controllers\Transaksi->loadPaket()
#8 C:\xampp\htdocs\myproject\system\CodeIgniter.php(482): CodeIgniter\CodeIgniter->runController(Object(App\Controllers\Transaksi))
#9 C:\xampp\htdocs\myproject\system\CodeIgniter.php(351): CodeIgniter\CodeIgniter->handleRequest(NULL, Object(Config\Cache), false)
#10 C:\xampp\htdocs\myproject\public\index.php(67): CodeIgniter\CodeIgniter->run()
#11 {main}
CRITICAL - 2022-12-25 05:07:20 --> Unknown column 'name' in 'order clause'
in SYSTEMPATH\Database\MySQLi\Connection.php on line 292.
 1 SYSTEMPATH\Database\MySQLi\Connection.php(292): mysqli->query('SELECT `idPaket`, `namaPaket`
FROM `tblpaket`
WHERE `idOperator` = \'OP001\'
ORDER BY `name`', 0)
 2 SYSTEMPATH\Database\BaseConnection.php(666): CodeIgniter\Database\MySQLi\Connection->execute('SELECT `idPaket`, `namaPaket`
FROM `tblpaket`
WHERE `idOperator` = \'OP001\'
ORDER BY `name`')
 3 SYSTEMPATH\Database\BaseConnection.php(593): CodeIgniter\Database\BaseConnection->simpleQuery('SELECT `idPaket`, `namaPaket`
FROM `tblpaket`
WHERE `idOperator` = \'OP001\'
ORDER BY `name`')
 4 SYSTEMPATH\Database\BaseBuilder.php(1585): CodeIgniter\Database\BaseConnection->query('SELECT `idPaket`, `namaPaket`
FROM `tblpaket`
WHERE `idOperator` = :idOperator:
ORDER BY `name`', [...], false)
 5 SYSTEMPATH\Model.php(223): CodeIgniter\Database\BaseBuilder->get()
 6 SYSTEMPATH\BaseModel.php(585): CodeIgniter\Model->doFindAll(0, 0)
 7 APPPATH\Controllers\Transaksi.php(121): CodeIgniter\BaseModel->findAll()
 8 SYSTEMPATH\CodeIgniter.php(927): App\Controllers\Transaksi->loadPaket()
 9 SYSTEMPATH\CodeIgniter.php(482): CodeIgniter\CodeIgniter->runController(Object(App\Controllers\Transaksi))
10 SYSTEMPATH\CodeIgniter.php(351): CodeIgniter\CodeIgniter->handleRequest(null, Object(Config\Cache), false)
11 FCPATH\index.php(67): CodeIgniter\CodeIgniter->run()
CRITICAL - 2022-12-25 05:08:07 --> Cannot use object of type stdClass as array
in APPPATH\Controllers\Transaksi.php on line 125.
 1 SYSTEMPATH\CodeIgniter.php(927): App\Controllers\Transaksi->loadPaket()
 2 SYSTEMPATH\CodeIgniter.php(482): CodeIgniter\CodeIgniter->runController(Object(App\Controllers\Transaksi))
 3 SYSTEMPATH\CodeIgniter.php(351): CodeIgniter\CodeIgniter->handleRequest(null, Object(Config\Cache), false)
 4 FCPATH\index.php(67): CodeIgniter\CodeIgniter->run()
CRITICAL - 2022-12-25 05:10:19 --> Cannot use object of type stdClass as array
in APPPATH\Controllers\Transaksi.php on line 125.
 1 SYSTEMPATH\CodeIgniter.php(927): App\Controllers\Transaksi->loadPaket()
 2 SYSTEMPATH\CodeIgniter.php(482): CodeIgniter\CodeIgniter->runController(Object(App\Controllers\Transaksi))
 3 SYSTEMPATH\CodeIgniter.php(351): CodeIgniter\CodeIgniter->handleRequest(null, Object(Config\Cache), false)
 4 FCPATH\index.php(67): CodeIgniter\CodeIgniter->run()
CRITICAL - 2022-12-25 05:10:20 --> Cannot use object of type stdClass as array
in APPPATH\Controllers\Transaksi.php on line 125.
 1 SYSTEMPATH\CodeIgniter.php(927): App\Controllers\Transaksi->loadPaket()
 2 SYSTEMPATH\CodeIgniter.php(482): CodeIgniter\CodeIgniter->runController(Object(App\Controllers\Transaksi))
 3 SYSTEMPATH\CodeIgniter.php(351): CodeIgniter\CodeIgniter->handleRequest(null, Object(Config\Cache), false)
 4 FCPATH\index.php(67): CodeIgniter\CodeIgniter->run()
CRITICAL - 2022-12-25 05:24:47 --> Cannot use object of type stdClass as array
in APPPATH\Controllers\Transaksi.php on line 125.
 1 SYSTEMPATH\CodeIgniter.php(927): App\Controllers\Transaksi->loadPaket()
 2 SYSTEMPATH\CodeIgniter.php(482): CodeIgniter\CodeIgniter->runController(Object(App\Controllers\Transaksi))
 3 SYSTEMPATH\CodeIgniter.php(351): CodeIgniter\CodeIgniter->handleRequest(null, Object(Config\Cache), false)
 4 FCPATH\index.php(67): CodeIgniter\CodeIgniter->run()
CRITICAL - 2022-12-25 05:26:15 --> Cannot use object of type stdClass as array
in APPPATH\Controllers\Transaksi.php on line 125.
 1 SYSTEMPATH\CodeIgniter.php(927): App\Controllers\Transaksi->loadPaket()
 2 SYSTEMPATH\CodeIgniter.php(482): CodeIgniter\CodeIgniter->runController(Object(App\Controllers\Transaksi))
 3 SYSTEMPATH\CodeIgniter.php(351): CodeIgniter\CodeIgniter->handleRequest(null, Object(Config\Cache), false)
 4 FCPATH\index.php(67): CodeIgniter\CodeIgniter->run()
CRITICAL - 2022-12-25 05:28:34 --> Cannot use object of type stdClass as array
in APPPATH\Controllers\Transaksi.php on line 125.
 1 SYSTEMPATH\CodeIgniter.php(927): App\Controllers\Transaksi->loadPaket()
 2 SYSTEMPATH\CodeIgniter.php(482): CodeIgniter\CodeIgniter->runController(Object(App\Controllers\Transaksi))
 3 SYSTEMPATH\CodeIgniter.php(351): CodeIgniter\CodeIgniter->handleRequest(null, Object(Config\Cache), false)
 4 FCPATH\index.php(67): CodeIgniter\CodeIgniter->run()
CRITICAL - 2022-12-25 05:34:30 --> Cannot use object of type stdClass as array
in APPPATH\Controllers\Transaksi.php on line 125.
 1 SYSTEMPATH\CodeIgniter.php(927): App\Controllers\Transaksi->loadPaket()
 2 SYSTEMPATH\CodeIgniter.php(482): CodeIgniter\CodeIgniter->runController(Object(App\Controllers\Transaksi))
 3 SYSTEMPATH\CodeIgniter.php(351): CodeIgniter\CodeIgniter->handleRequest(null, Object(Config\Cache), false)
 4 FCPATH\index.php(67): CodeIgniter\CodeIgniter->run()
CRITICAL - 2022-12-25 05:35:13 --> Cannot use object of type stdClass as array
in APPPATH\Controllers\Transaksi.php on line 125.
 1 SYSTEMPATH\CodeIgniter.php(927): App\Controllers\Transaksi->loadPaket()
 2 SYSTEMPATH\CodeIgniter.php(482): CodeIgniter\CodeIgniter->runController(Object(App\Controllers\Transaksi))
 3 SYSTEMPATH\CodeIgniter.php(351): CodeIgniter\CodeIgniter->handleRequest(null, Object(Config\Cache), false)
 4 FCPATH\index.php(67): CodeIgniter\CodeIgniter->run()
CRITICAL - 2022-12-25 05:41:55 --> Cannot use object of type stdClass as array
in APPPATH\Controllers\Transaksi.php on line 125.
 1 SYSTEMPATH\CodeIgniter.php(927): App\Controllers\Transaksi->loadPaket()
 2 SYSTEMPATH\CodeIgniter.php(482): CodeIgniter\CodeIgniter->runController(Object(App\Controllers\Transaksi))
 3 SYSTEMPATH\CodeIgniter.php(351): CodeIgniter\CodeIgniter->handleRequest(null, Object(Config\Cache), false)
 4 FCPATH\index.php(67): CodeIgniter\CodeIgniter->run()
CRITICAL - 2022-12-25 05:42:08 --> Cannot use object of type stdClass as array
in APPPATH\Controllers\Transaksi.php on line 125.
 1 SYSTEMPATH\CodeIgniter.php(927): App\Controllers\Transaksi->loadPaket()
 2 SYSTEMPATH\CodeIgniter.php(482): CodeIgniter\CodeIgniter->runController(Object(App\Controllers\Transaksi))
 3 SYSTEMPATH\CodeIgniter.php(351): CodeIgniter\CodeIgniter->handleRequest(null, Object(Config\Cache), false)
 4 FCPATH\index.php(67): CodeIgniter\CodeIgniter->run()
CRITICAL - 2022-12-25 05:55:15 --> Cannot use object of type stdClass as array
in APPPATH\Controllers\Transaksi.php on line 125.
 1 SYSTEMPATH\CodeIgniter.php(927): App\Controllers\Transaksi->loadPaket()
 2 SYSTEMPATH\CodeIgniter.php(482): CodeIgniter\CodeIgniter->runController(Object(App\Controllers\Transaksi))
 3 SYSTEMPATH\CodeIgniter.php(351): CodeIgniter\CodeIgniter->handleRequest(null, Object(Config\Cache), false)
 4 FCPATH\index.php(67): CodeIgniter\CodeIgniter->run()
CRITICAL - 2022-12-25 05:57:06 --> Undefined variable $data
in APPPATH\Views\home\transaksiView.php on line 82.
 1 APPPATH\Views\home\transaksiView.php(82): CodeIgniter\Debug\Exceptions->errorHandler(2, 'Undefined variable $data', 'APPPATH\\Views\\home\\transaksiView.php', 82)
 2 SYSTEMPATH\View\View.php(213): include('APPPATH\\Views\\home\\transaksiView.php')
 3 SYSTEMPATH\View\View.php(216): CodeIgniter\View\View->CodeIgniter\View\{closure}()
 4 SYSTEMPATH\Common.php(1134): CodeIgniter\View\View->render('home/transaksiView', [], true)
 5 APPPATH\Controllers\Transaksi.php(22): view('home/transaksiView', [...])
 6 SYSTEMPATH\CodeIgniter.php(927): App\Controllers\Transaksi->index()
 7 SYSTEMPATH\CodeIgniter.php(482): CodeIgniter\CodeIgniter->runController(Object(App\Controllers\Transaksi))
 8 SYSTEMPATH\CodeIgniter.php(351): CodeIgniter\CodeIgniter->handleRequest(null, Object(Config\Cache), false)
 9 FCPATH\index.php(67): CodeIgniter\CodeIgniter->run()
CRITICAL - 2022-12-25 05:57:39 --> Cannot use object of type stdClass as array
in APPPATH\Controllers\Transaksi.php on line 125.
 1 SYSTEMPATH\CodeIgniter.php(927): App\Controllers\Transaksi->loadPaket()
 2 SYSTEMPATH\CodeIgniter.php(482): CodeIgniter\CodeIgniter->runController(Object(App\Controllers\Transaksi))
 3 SYSTEMPATH\CodeIgniter.php(351): CodeIgniter\CodeIgniter->handleRequest(null, Object(Config\Cache), false)
 4 FCPATH\index.php(67): CodeIgniter\CodeIgniter->run()
CRITICAL - 2022-12-25 05:57:55 --> Cannot use object of type stdClass as array
in APPPATH\Controllers\Transaksi.php on line 125.
 1 SYSTEMPATH\CodeIgniter.php(927): App\Controllers\Transaksi->loadPaket()
 2 SYSTEMPATH\CodeIgniter.php(482): CodeIgniter\CodeIgniter->runController(Object(App\Controllers\Transaksi))
 3 SYSTEMPATH\CodeIgniter.php(351): CodeIgniter\CodeIgniter->handleRequest(null, Object(Config\Cache), false)
 4 FCPATH\index.php(67): CodeIgniter\CodeIgniter->run()
CRITICAL - 2022-12-25 06:04:36 --> Cannot use object of type stdClass as array
in APPPATH\Controllers\Transaksi.php on line 125.
 1 SYSTEMPATH\CodeIgniter.php(927): App\Controllers\Transaksi->loadPaket()
 2 SYSTEMPATH\CodeIgniter.php(482): CodeIgniter\CodeIgniter->runController(Object(App\Controllers\Transaksi))
 3 SYSTEMPATH\CodeIgniter.php(351): CodeIgniter\CodeIgniter->handleRequest(null, Object(Config\Cache), false)
 4 FCPATH\index.php(67): CodeIgniter\CodeIgniter->run()
CRITICAL - 2022-12-25 06:05:17 --> Cannot use object of type stdClass as array
in APPPATH\Controllers\Transaksi.php on line 126.
 1 SYSTEMPATH\CodeIgniter.php(927): App\Controllers\Transaksi->loadPaket()
 2 SYSTEMPATH\CodeIgniter.php(482): CodeIgniter\CodeIgniter->runController(Object(App\Controllers\Transaksi))
 3 SYSTEMPATH\CodeIgniter.php(351): CodeIgniter\CodeIgniter->handleRequest(null, Object(Config\Cache), false)
 4 FCPATH\index.php(67): CodeIgniter\CodeIgniter->run()
CRITICAL - 2022-12-25 06:05:45 --> Cannot use object of type stdClass as array
in APPPATH\Controllers\Transaksi.php on line 125.
 1 SYSTEMPATH\CodeIgniter.php(927): App\Controllers\Transaksi->loadPaket()
 2 SYSTEMPATH\CodeIgniter.php(482): CodeIgniter\CodeIgniter->runController(Object(App\Controllers\Transaksi))
 3 SYSTEMPATH\CodeIgniter.php(351): CodeIgniter\CodeIgniter->handleRequest(null, Object(Config\Cache), false)
 4 FCPATH\index.php(67): CodeIgniter\CodeIgniter->run()
CRITICAL - 2022-12-25 07:58:50 --> Undefined array key "namaPaket"
in APPPATH\Models\PaketModel.php on line 65.
 1 APPPATH\Models\PaketModel.php(65): CodeIgniter\Debug\Exceptions->errorHandler(2, 'Undefined array key "namaPaket"', 'APPPATH\\Models\\PaketModel.php', 65)
 2 APPPATH\Controllers\Operator.php(160): App\Models\PaketModel->updateData('P0001', [...])
 3 SYSTEMPATH\CodeIgniter.php(927): App\Controllers\Operator->updatePaket('P0001')
 4 SYSTEMPATH\CodeIgniter.php(482): CodeIgniter\CodeIgniter->runController(Object(App\Controllers\Operator))
 5 SYSTEMPATH\CodeIgniter.php(351): CodeIgniter\CodeIgniter->handleRequest(null, Object(Config\Cache), false)
 6 FCPATH\index.php(67): CodeIgniter\CodeIgniter->run()
CRITICAL - 2022-12-25 07:58:52 --> Undefined array key "namaPaket"
in APPPATH\Models\PaketModel.php on line 65.
 1 APPPATH\Models\PaketModel.php(65): CodeIgniter\Debug\Exceptions->errorHandler(2, 'Undefined array key "namaPaket"', 'APPPATH\\Models\\PaketModel.php', 65)
 2 APPPATH\Controllers\Operator.php(160): App\Models\PaketModel->updateData('P0001', [...])
 3 SYSTEMPATH\CodeIgniter.php(927): App\Controllers\Operator->updatePaket('P0001')
 4 SYSTEMPATH\CodeIgniter.php(482): CodeIgniter\CodeIgniter->runController(Object(App\Controllers\Operator))
 5 SYSTEMPATH\CodeIgniter.php(351): CodeIgniter\CodeIgniter->handleRequest(null, Object(Config\Cache), false)
 6 FCPATH\index.php(67): CodeIgniter\CodeIgniter->run()
CRITICAL - 2022-12-25 07:58:56 --> Undefined array key "namaPaket"
in APPPATH\Models\PaketModel.php on line 65.
 1 APPPATH\Models\PaketModel.php(65): CodeIgniter\Debug\Exceptions->errorHandler(2, 'Undefined array key "namaPaket"', 'APPPATH\\Models\\PaketModel.php', 65)
 2 APPPATH\Controllers\Operator.php(160): App\Models\PaketModel->updateData('P0001', [...])
 3 SYSTEMPATH\CodeIgniter.php(927): App\Controllers\Operator->updatePaket('P0001')
 4 SYSTEMPATH\CodeIgniter.php(482): CodeIgniter\CodeIgniter->runController(Object(App\Controllers\Operator))
 5 SYSTEMPATH\CodeIgniter.php(351): CodeIgniter\CodeIgniter->handleRequest(null, Object(Config\Cache), false)
 6 FCPATH\index.php(67): CodeIgniter\CodeIgniter->run()
CRITICAL - 2022-12-25 07:59:03 --> Undefined array key "namaPaket"
in APPPATH\Models\PaketModel.php on line 65.
 1 APPPATH\Models\PaketModel.php(65): CodeIgniter\Debug\Exceptions->errorHandler(2, 'Undefined array key "namaPaket"', 'APPPATH\\Models\\PaketModel.php', 65)
 2 APPPATH\Controllers\Operator.php(160): App\Models\PaketModel->updateData('P0001', [...])
 3 SYSTEMPATH\CodeIgniter.php(927): App\Controllers\Operator->updatePaket('P0001')
 4 SYSTEMPATH\CodeIgniter.php(482): CodeIgniter\CodeIgniter->runController(Object(App\Controllers\Operator))
 5 SYSTEMPATH\CodeIgniter.php(351): CodeIgniter\CodeIgniter->handleRequest(null, Object(Config\Cache), false)
 6 FCPATH\index.php(67): CodeIgniter\CodeIgniter->run()
CRITICAL - 2022-12-25 07:59:36 --> Undefined array key "namaPaket"
in APPPATH\Models\PaketModel.php on line 65.
 1 APPPATH\Models\PaketModel.php(65): CodeIgniter\Debug\Exceptions->errorHandler(2, 'Undefined array key "namaPaket"', 'APPPATH\\Models\\PaketModel.php', 65)
 2 APPPATH\Controllers\Operator.php(160): App\Models\PaketModel->updateData('P0001', [...])
 3 SYSTEMPATH\CodeIgniter.php(927): App\Controllers\Operator->updatePaket('P0001')
 4 SYSTEMPATH\CodeIgniter.php(482): CodeIgniter\CodeIgniter->runController(Object(App\Controllers\Operator))
 5 SYSTEMPATH\CodeIgniter.php(351): CodeIgniter\CodeIgniter->handleRequest(null, Object(Config\Cache), false)
 6 FCPATH\index.php(67): CodeIgniter\CodeIgniter->run()
CRITICAL - 2022-12-25 07:59:36 --> Undefined array key "namaPaket"
in APPPATH\Models\PaketModel.php on line 65.
 1 APPPATH\Models\PaketModel.php(65): CodeIgniter\Debug\Exceptions->errorHandler(2, 'Undefined array key "namaPaket"', 'APPPATH\\Models\\PaketModel.php', 65)
 2 APPPATH\Controllers\Operator.php(160): App\Models\PaketModel->updateData('P0001', [...])
 3 SYSTEMPATH\CodeIgniter.php(927): App\Controllers\Operator->updatePaket('P0001')
 4 SYSTEMPATH\CodeIgniter.php(482): CodeIgniter\CodeIgniter->runController(Object(App\Controllers\Operator))
 5 SYSTEMPATH\CodeIgniter.php(351): CodeIgniter\CodeIgniter->handleRequest(null, Object(Config\Cache), false)
 6 FCPATH\index.php(67): CodeIgniter\CodeIgniter->run()
CRITICAL - 2022-12-25 07:59:52 --> Undefined array key "namaPaket"
in APPPATH\Models\PaketModel.php on line 65.
 1 APPPATH\Models\PaketModel.php(65): CodeIgniter\Debug\Exceptions->errorHandler(2, 'Undefined array key "namaPaket"', 'APPPATH\\Models\\PaketModel.php', 65)
 2 APPPATH\Controllers\Operator.php(160): App\Models\PaketModel->updateData('P0001', [...])
 3 SYSTEMPATH\CodeIgniter.php(927): App\Controllers\Operator->updatePaket('P0001')
 4 SYSTEMPATH\CodeIgniter.php(482): CodeIgniter\CodeIgniter->runController(Object(App\Controllers\Operator))
 5 SYSTEMPATH\CodeIgniter.php(351): CodeIgniter\CodeIgniter->handleRequest(null, Object(Config\Cache), false)
 6 FCPATH\index.php(67): CodeIgniter\CodeIgniter->run()
CRITICAL - 2022-12-25 08:02:21 --> Undefined array key "harga"
in APPPATH\Models\PaketModel.php on line 68.
 1 APPPATH\Models\PaketModel.php(68): CodeIgniter\Debug\Exceptions->errorHandler(2, 'Undefined array key "harga"', 'APPPATH\\Models\\PaketModel.php', 68)
 2 APPPATH\Controllers\Operator.php(160): App\Models\PaketModel->updateData('P0001', [...])
 3 SYSTEMPATH\CodeIgniter.php(927): App\Controllers\Operator->updatePaket('P0001')
 4 SYSTEMPATH\CodeIgniter.php(482): CodeIgniter\CodeIgniter->runController(Object(App\Controllers\Operator))
 5 SYSTEMPATH\CodeIgniter.php(351): CodeIgniter\CodeIgniter->handleRequest(null, Object(Config\Cache), false)
 6 FCPATH\index.php(67): CodeIgniter\CodeIgniter->run()
CRITICAL - 2022-12-25 08:02:21 --> Undefined array key "harga"
in APPPATH\Models\PaketModel.php on line 68.
 1 APPPATH\Models\PaketModel.php(68): CodeIgniter\Debug\Exceptions->errorHandler(2, 'Undefined array key "harga"', 'APPPATH\\Models\\PaketModel.php', 68)
 2 APPPATH\Controllers\Operator.php(160): App\Models\PaketModel->updateData('P0001', [...])
 3 SYSTEMPATH\CodeIgniter.php(927): App\Controllers\Operator->updatePaket('P0001')
 4 SYSTEMPATH\CodeIgniter.php(482): CodeIgniter\CodeIgniter->runController(Object(App\Controllers\Operator))
 5 SYSTEMPATH\CodeIgniter.php(351): CodeIgniter\CodeIgniter->handleRequest(null, Object(Config\Cache), false)
 6 FCPATH\index.php(67): CodeIgniter\CodeIgniter->run()
CRITICAL - 2022-12-25 08:02:28 --> Undefined array key "harga"
in APPPATH\Models\PaketModel.php on line 68.
 1 APPPATH\Models\PaketModel.php(68): CodeIgniter\Debug\Exceptions->errorHandler(2, 'Undefined array key "harga"', 'APPPATH\\Models\\PaketModel.php', 68)
 2 APPPATH\Controllers\Operator.php(160): App\Models\PaketModel->updateData('P0001', [])
 3 SYSTEMPATH\CodeIgniter.php(927): App\Controllers\Operator->updatePaket('P0001')
 4 SYSTEMPATH\CodeIgniter.php(482): CodeIgniter\CodeIgniter->runController(Object(App\Controllers\Operator))
 5 SYSTEMPATH\CodeIgniter.php(351): CodeIgniter\CodeIgniter->handleRequest(null, Object(Config\Cache), false)
 6 FCPATH\index.php(67): CodeIgniter\CodeIgniter->run()
CRITICAL - 2022-12-25 08:04:58 --> Undefined array key "namaPaket"
in APPPATH\Models\PaketModel.php on line 65.
 1 APPPATH\Models\PaketModel.php(65): CodeIgniter\Debug\Exceptions->errorHandler(2, 'Undefined array key "namaPaket"', 'APPPATH\\Models\\PaketModel.php', 65)
 2 APPPATH\Controllers\Operator.php(160): App\Models\PaketModel->updateData('P0001', [...])
 3 SYSTEMPATH\CodeIgniter.php(927): App\Controllers\Operator->updatePaket('P0001')
 4 SYSTEMPATH\CodeIgniter.php(482): CodeIgniter\CodeIgniter->runController(Object(App\Controllers\Operator))
 5 SYSTEMPATH\CodeIgniter.php(351): CodeIgniter\CodeIgniter->handleRequest(null, Object(Config\Cache), false)
 6 FCPATH\index.php(67): CodeIgniter\CodeIgniter->run()
CRITICAL - 2022-12-25 08:04:58 --> Undefined array key "namaPaket"
in APPPATH\Models\PaketModel.php on line 65.
 1 APPPATH\Models\PaketModel.php(65): CodeIgniter\Debug\Exceptions->errorHandler(2, 'Undefined array key "namaPaket"', 'APPPATH\\Models\\PaketModel.php', 65)
 2 APPPATH\Controllers\Operator.php(160): App\Models\PaketModel->updateData('P0001', [...])
 3 SYSTEMPATH\CodeIgniter.php(927): App\Controllers\Operator->updatePaket('P0001')
 4 SYSTEMPATH\CodeIgniter.php(482): CodeIgniter\CodeIgniter->runController(Object(App\Controllers\Operator))
 5 SYSTEMPATH\CodeIgniter.php(351): CodeIgniter\CodeIgniter->handleRequest(null, Object(Config\Cache), false)
 6 FCPATH\index.php(67): CodeIgniter\CodeIgniter->run()
CRITICAL - 2022-12-25 08:05:04 --> Undefined array key "namaPaket"
in APPPATH\Models\PaketModel.php on line 65.
 1 APPPATH\Models\PaketModel.php(65): CodeIgniter\Debug\Exceptions->errorHandler(2, 'Undefined array key "namaPaket"', 'APPPATH\\Models\\PaketModel.php', 65)
 2 APPPATH\Controllers\Operator.php(160): App\Models\PaketModel->updateData('P0001', [])
 3 SYSTEMPATH\CodeIgniter.php(927): App\Controllers\Operator->updatePaket('P0001')
 4 SYSTEMPATH\CodeIgniter.php(482): CodeIgniter\CodeIgniter->runController(Object(App\Controllers\Operator))
 5 SYSTEMPATH\CodeIgniter.php(351): CodeIgniter\CodeIgniter->handleRequest(null, Object(Config\Cache), false)
 6 FCPATH\index.php(67): CodeIgniter\CodeIgniter->run()
CRITICAL - 2022-12-25 08:05:55 --> Undefined array key "namaPaket"
in APPPATH\Models\PaketModel.php on line 65.
 1 APPPATH\Models\PaketModel.php(65): CodeIgniter\Debug\Exceptions->errorHandler(2, 'Undefined array key "namaPaket"', 'APPPATH\\Models\\PaketModel.php', 65)
 2 APPPATH\Controllers\Operator.php(160): App\Models\PaketModel->updateData('P0001', [])
 3 SYSTEMPATH\CodeIgniter.php(927): App\Controllers\Operator->updatePaket('P0001')
 4 SYSTEMPATH\CodeIgniter.php(482): CodeIgniter\CodeIgniter->runController(Object(App\Controllers\Operator))
 5 SYSTEMPATH\CodeIgniter.php(351): CodeIgniter\CodeIgniter->handleRequest(null, Object(Config\Cache), false)
 6 FCPATH\index.php(67): CodeIgniter\CodeIgniter->run()
CRITICAL - 2022-12-25 08:08:09 --> Undefined array key "namaPaket"
in APPPATH\Models\PaketModel.php on line 65.
 1 APPPATH\Models\PaketModel.php(65): CodeIgniter\Debug\Exceptions->errorHandler(2, 'Undefined array key "namaPaket"', 'APPPATH\\Models\\PaketModel.php', 65)
 2 APPPATH\Controllers\Operator.php(160): App\Models\PaketModel->updateData('P0001', [...])
 3 SYSTEMPATH\CodeIgniter.php(927): App\Controllers\Operator->updatePaket('P0001')
 4 SYSTEMPATH\CodeIgniter.php(482): CodeIgniter\CodeIgniter->runController(Object(App\Controllers\Operator))
 5 SYSTEMPATH\CodeIgniter.php(351): CodeIgniter\CodeIgniter->handleRequest(null, Object(Config\Cache), false)
 6 FCPATH\index.php(67): CodeIgniter\CodeIgniter->run()
CRITICAL - 2022-12-25 08:08:51 --> Undefined array key "namaPaket"
in APPPATH\Models\PaketModel.php on line 65.
 1 APPPATH\Models\PaketModel.php(65): CodeIgniter\Debug\Exceptions->errorHandler(2, 'Undefined array key "namaPaket"', 'APPPATH\\Models\\PaketModel.php', 65)
 2 APPPATH\Controllers\Operator.php(160): App\Models\PaketModel->updateData('P0001', [...])
 3 SYSTEMPATH\CodeIgniter.php(927): App\Controllers\Operator->updatePaket('P0001')
 4 SYSTEMPATH\CodeIgniter.php(482): CodeIgniter\CodeIgniter->runController(Object(App\Controllers\Operator))
 5 SYSTEMPATH\CodeIgniter.php(351): CodeIgniter\CodeIgniter->handleRequest(null, Object(Config\Cache), false)
 6 FCPATH\index.php(67): CodeIgniter\CodeIgniter->run()
CRITICAL - 2022-12-25 08:09:44 --> Undefined array key "namaPaket"
in APPPATH\Models\PaketModel.php on line 65.
 1 APPPATH\Models\PaketModel.php(65): CodeIgniter\Debug\Exceptions->errorHandler(2, 'Undefined array key "namaPaket"', 'APPPATH\\Models\\PaketModel.php', 65)
 2 APPPATH\Controllers\Operator.php(160): App\Models\PaketModel->updateData('P0001', [...])
 3 SYSTEMPATH\CodeIgniter.php(927): App\Controllers\Operator->updatePaket('P0001')
 4 SYSTEMPATH\CodeIgniter.php(482): CodeIgniter\CodeIgniter->runController(Object(App\Controllers\Operator))
 5 SYSTEMPATH\CodeIgniter.php(351): CodeIgniter\CodeIgniter->handleRequest(null, Object(Config\Cache), false)
 6 FCPATH\index.php(67): CodeIgniter\CodeIgniter->run()
CRITICAL - 2022-12-25 08:10:42 --> Undefined array key "namaOperator"
in APPPATH\Models\OperatorModel.php on line 54.
 1 APPPATH\Models\OperatorModel.php(54): CodeIgniter\Debug\Exceptions->errorHandler(2, 'Undefined array key "namaOperator"', 'APPPATH\\Models\\OperatorModel.php', 54)
 2 APPPATH\Controllers\Operator.php(160): App\Models\OperatorModel->updateData('P0001', [...])
 3 SYSTEMPATH\CodeIgniter.php(927): App\Controllers\Operator->updatePaket('P0001')
 4 SYSTEMPATH\CodeIgniter.php(482): CodeIgniter\CodeIgniter->runController(Object(App\Controllers\Operator))
 5 SYSTEMPATH\CodeIgniter.php(351): CodeIgniter\CodeIgniter->handleRequest(null, Object(Config\Cache), false)
 6 FCPATH\index.php(67): CodeIgniter\CodeIgniter->run()
CRITICAL - 2022-12-25 08:12:52 --> Undefined array key "namaPaket"
in APPPATH\Models\PaketModel.php on line 77.
 1 APPPATH\Models\PaketModel.php(77): CodeIgniter\Debug\Exceptions->errorHandler(2, 'Undefined array key "namaPaket"', 'APPPATH\\Models\\PaketModel.php', 77)
 2 APPPATH\Controllers\Operator.php(160): App\Models\PaketModel->updateData('P0001', [...])
 3 SYSTEMPATH\CodeIgniter.php(927): App\Controllers\Operator->updatePaket('P0001')
 4 SYSTEMPATH\CodeIgniter.php(482): CodeIgniter\CodeIgniter->runController(Object(App\Controllers\Operator))
 5 SYSTEMPATH\CodeIgniter.php(351): CodeIgniter\CodeIgniter->handleRequest(null, Object(Config\Cache), false)
 6 FCPATH\index.php(67): CodeIgniter\CodeIgniter->run()
CRITICAL - 2022-12-25 08:12:53 --> Undefined array key "namaPaket"
in APPPATH\Models\PaketModel.php on line 77.
 1 APPPATH\Models\PaketModel.php(77): CodeIgniter\Debug\Exceptions->errorHandler(2, 'Undefined array key "namaPaket"', 'APPPATH\\Models\\PaketModel.php', 77)
 2 APPPATH\Controllers\Operator.php(160): App\Models\PaketModel->updateData('P0001', [])
 3 SYSTEMPATH\CodeIgniter.php(927): App\Controllers\Operator->updatePaket('P0001')
 4 SYSTEMPATH\CodeIgniter.php(482): CodeIgniter\CodeIgniter->runController(Object(App\Controllers\Operator))
 5 SYSTEMPATH\CodeIgniter.php(351): CodeIgniter\CodeIgniter->handleRequest(null, Object(Config\Cache), false)
 6 FCPATH\index.php(67): CodeIgniter\CodeIgniter->run()
CRITICAL - 2022-12-25 08:18:37 --> Undefined array key "namaPaket"
in APPPATH\Models\PaketModel.php on line 65.
 1 APPPATH\Models\PaketModel.php(65): CodeIgniter\Debug\Exceptions->errorHandler(2, 'Undefined array key "namaPaket"', 'APPPATH\\Models\\PaketModel.php', 65)
 2 APPPATH\Controllers\Operator.php(160): App\Models\PaketModel->updateData('P0001', [...])
 3 SYSTEMPATH\CodeIgniter.php(927): App\Controllers\Operator->updatePaket('P0001')
 4 SYSTEMPATH\CodeIgniter.php(482): CodeIgniter\CodeIgniter->runController(Object(App\Controllers\Operator))
 5 SYSTEMPATH\CodeIgniter.php(351): CodeIgniter\CodeIgniter->handleRequest(null, Object(Config\Cache), false)
 6 FCPATH\index.php(67): CodeIgniter\CodeIgniter->run()
ERROR - 2022-12-25 08:21:07 --> mysqli_sql_exception: Unknown column 'idPaketUpdate' in 'field list' in C:\xampp\htdocs\myproject\system\Database\MySQLi\Connection.php:292
Stack trace:
#0 C:\xampp\htdocs\myproject\system\Database\MySQLi\Connection.php(292): mysqli->query('UPDATE `tblpake...', 0)
#1 C:\xampp\htdocs\myproject\system\Database\BaseConnection.php(666): CodeIgniter\Database\MySQLi\Connection->execute('UPDATE `tblpake...')
#2 C:\xampp\htdocs\myproject\system\Database\BaseConnection.php(593): CodeIgniter\Database\BaseConnection->simpleQuery('UPDATE `tblpake...')
#3 C:\xampp\htdocs\myproject\system\Database\BaseBuilder.php(2079): CodeIgniter\Database\BaseConnection->query('UPDATE `tblpake...', Array, false)
#4 C:\xampp\htdocs\myproject\app\Models\PaketModel.php(63): CodeIgniter\Database\BaseBuilder->update(Array)
#5 C:\xampp\htdocs\myproject\app\Controllers\Operator.php(160): App\Models\PaketModel->updateData('P0001', Array)
#6 C:\xampp\htdocs\myproject\system\CodeIgniter.php(927): App\Controllers\Operator->updatePaket('P0001')
#7 C:\xampp\htdocs\myproject\system\CodeIgniter.php(482): CodeIgniter\CodeIgniter->runController(Object(App\Controllers\Operator))
#8 C:\xampp\htdocs\myproject\system\CodeIgniter.php(351): CodeIgniter\CodeIgniter->handleRequest(NULL, Object(Config\Cache), false)
#9 C:\xampp\htdocs\myproject\public\index.php(67): CodeIgniter\CodeIgniter->run()
#10 {main}
CRITICAL - 2022-12-25 08:21:07 --> Unknown column 'idPaketUpdate' in 'field list'
in SYSTEMPATH\Database\MySQLi\Connection.php on line 292.
 1 SYSTEMPATH\Database\MySQLi\Connection.php(292): mysqli->query('UPDATE `tblpaket` SET `idPaketUpdate` = \'\', `namaPaketUpdate` = \'Freedom1\', `hargaUpdate` = \'45000\', `hargaJualUpdate` = \'50000\'
WHERE `idPaket` = \'P0001\'', 0)
 2 SYSTEMPATH\Database\BaseConnection.php(666): CodeIgniter\Database\MySQLi\Connection->execute('UPDATE `tblpaket` SET `idPaketUpdate` = \'\', `namaPaketUpdate` = \'Freedom1\', `hargaUpdate` = \'45000\', `hargaJualUpdate` = \'50000\'
WHERE `idPaket` = \'P0001\'')
 3 SYSTEMPATH\Database\BaseConnection.php(593): CodeIgniter\Database\BaseConnection->simpleQuery('UPDATE `tblpaket` SET `idPaketUpdate` = \'\', `namaPaketUpdate` = \'Freedom1\', `hargaUpdate` = \'45000\', `hargaJualUpdate` = \'50000\'
WHERE `idPaket` = \'P0001\'')
 4 SYSTEMPATH\Database\BaseBuilder.php(2079): CodeIgniter\Database\BaseConnection->query('UPDATE `tblpaket` SET `idPaketUpdate` = :idPaketUpdate:, `namaPaketUpdate` = :namaPaketUpdate:, `hargaUpdate` = :hargaUpdate:, `hargaJualUpdate` = :hargaJualUpdate:
WHERE `idPaket` = :idPaket:', [...], false)
 5 APPPATH\Models\PaketModel.php(63): CodeIgniter\Database\BaseBuilder->update([...])
 6 APPPATH\Controllers\Operator.php(160): App\Models\PaketModel->updateData('P0001', [...])
 7 SYSTEMPATH\CodeIgniter.php(927): App\Controllers\Operator->updatePaket('P0001')
 8 SYSTEMPATH\CodeIgniter.php(482): CodeIgniter\CodeIgniter->runController(Object(App\Controllers\Operator))
 9 SYSTEMPATH\CodeIgniter.php(351): CodeIgniter\CodeIgniter->handleRequest(null, Object(Config\Cache), false)
10 FCPATH\index.php(67): CodeIgniter\CodeIgniter->run()
ERROR - 2022-12-25 08:21:18 --> mysqli_sql_exception: Unknown column 'idPaketUpdate' in 'field list' in C:\xampp\htdocs\myproject\system\Database\MySQLi\Connection.php:292
Stack trace:
#0 C:\xampp\htdocs\myproject\system\Database\MySQLi\Connection.php(292): mysqli->query('UPDATE `tblpake...', 0)
#1 C:\xampp\htdocs\myproject\system\Database\BaseConnection.php(666): CodeIgniter\Database\MySQLi\Connection->execute('UPDATE `tblpake...')
#2 C:\xampp\htdocs\myproject\system\Database\BaseConnection.php(593): CodeIgniter\Database\BaseConnection->simpleQuery('UPDATE `tblpake...')
#3 C:\xampp\htdocs\myproject\system\Database\BaseBuilder.php(2079): CodeIgniter\Database\BaseConnection->query('UPDATE `tblpake...', Array, false)
#4 C:\xampp\htdocs\myproject\app\Models\PaketModel.php(63): CodeIgniter\Database\BaseBuilder->update(Array)
#5 C:\xampp\htdocs\myproject\app\Controllers\Operator.php(160): App\Models\PaketModel->updateData('P0001', Array)
#6 C:\xampp\htdocs\myproject\system\CodeIgniter.php(927): App\Controllers\Operator->updatePaket('P0001')
#7 C:\xampp\htdocs\myproject\system\CodeIgniter.php(482): CodeIgniter\CodeIgniter->runController(Object(App\Controllers\Operator))
#8 C:\xampp\htdocs\myproject\system\CodeIgniter.php(351): CodeIgniter\CodeIgniter->handleRequest(NULL, Object(Config\Cache), false)
#9 C:\xampp\htdocs\myproject\public\index.php(67): CodeIgniter\CodeIgniter->run()
#10 {main}
CRITICAL - 2022-12-25 08:21:18 --> Unknown column 'idPaketUpdate' in 'field list'
in SYSTEMPATH\Database\MySQLi\Connection.php on line 292.
 1 SYSTEMPATH\Database\MySQLi\Connection.php(292): mysqli->query('UPDATE `tblpaket` SET `idPaketUpdate` = \'\', `namaPaketUpdate` = \'Freedom2\', `hargaUpdate` = \'45000\', `hargaJualUpdate` = \'50000\'
WHERE `idPaket` = \'P0001\'', 0)
 2 SYSTEMPATH\Database\BaseConnection.php(666): CodeIgniter\Database\MySQLi\Connection->execute('UPDATE `tblpaket` SET `idPaketUpdate` = \'\', `namaPaketUpdate` = \'Freedom2\', `hargaUpdate` = \'45000\', `hargaJualUpdate` = \'50000\'
WHERE `idPaket` = \'P0001\'')
 3 SYSTEMPATH\Database\BaseConnection.php(593): CodeIgniter\Database\BaseConnection->simpleQuery('UPDATE `tblpaket` SET `idPaketUpdate` = \'\', `namaPaketUpdate` = \'Freedom2\', `hargaUpdate` = \'45000\', `hargaJualUpdate` = \'50000\'
WHERE `idPaket` = \'P0001\'')
 4 SYSTEMPATH\Database\BaseBuilder.php(2079): CodeIgniter\Database\BaseConnection->query('UPDATE `tblpaket` SET `idPaketUpdate` = :idPaketUpdate:, `namaPaketUpdate` = :namaPaketUpdate:, `hargaUpdate` = :hargaUpdate:, `hargaJualUpdate` = :hargaJualUpdate:
WHERE `idPaket` = :idPaket:', [...], false)
 5 APPPATH\Models\PaketModel.php(63): CodeIgniter\Database\BaseBuilder->update([...])
 6 APPPATH\Controllers\Operator.php(160): App\Models\PaketModel->updateData('P0001', [...])
 7 SYSTEMPATH\CodeIgniter.php(927): App\Controllers\Operator->updatePaket('P0001')
 8 SYSTEMPATH\CodeIgniter.php(482): CodeIgniter\CodeIgniter->runController(Object(App\Controllers\Operator))
 9 SYSTEMPATH\CodeIgniter.php(351): CodeIgniter\CodeIgniter->handleRequest(null, Object(Config\Cache), false)
10 FCPATH\index.php(67): CodeIgniter\CodeIgniter->run()
ERROR - 2022-12-25 08:21:18 --> mysqli_sql_exception: Unknown column 'idPaketUpdate' in 'field list' in C:\xampp\htdocs\myproject\system\Database\MySQLi\Connection.php:292
Stack trace:
#0 C:\xampp\htdocs\myproject\system\Database\MySQLi\Connection.php(292): mysqli->query('UPDATE `tblpake...', 0)
#1 C:\xampp\htdocs\myproject\system\Database\BaseConnection.php(666): CodeIgniter\Database\MySQLi\Connection->execute('UPDATE `tblpake...')
#2 C:\xampp\htdocs\myproject\system\Database\BaseConnection.php(593): CodeIgniter\Database\BaseConnection->simpleQuery('UPDATE `tblpake...')
#3 C:\xampp\htdocs\myproject\system\Database\BaseBuilder.php(2079): CodeIgniter\Database\BaseConnection->query('UPDATE `tblpake...', Array, false)
#4 C:\xampp\htdocs\myproject\app\Models\PaketModel.php(63): CodeIgniter\Database\BaseBuilder->update(Array)
#5 C:\xampp\htdocs\myproject\app\Controllers\Operator.php(160): App\Models\PaketModel->updateData('P0001', Array)
#6 C:\xampp\htdocs\myproject\system\CodeIgniter.php(927): App\Controllers\Operator->updatePaket('P0001')
#7 C:\xampp\htdocs\myproject\system\CodeIgniter.php(482): CodeIgniter\CodeIgniter->runController(Object(App\Controllers\Operator))
#8 C:\xampp\htdocs\myproject\system\CodeIgniter.php(351): CodeIgniter\CodeIgniter->handleRequest(NULL, Object(Config\Cache), false)
#9 C:\xampp\htdocs\myproject\public\index.php(67): CodeIgniter\CodeIgniter->run()
#10 {main}
CRITICAL - 2022-12-25 08:21:18 --> Unknown column 'idPaketUpdate' in 'field list'
in SYSTEMPATH\Database\MySQLi\Connection.php on line 292.
 1 SYSTEMPATH\Database\MySQLi\Connection.php(292): mysqli->query('UPDATE `tblpaket` SET `idPaketUpdate` = \'\', `namaPaketUpdate` = \'Freedom2\', `hargaUpdate` = \'45000\', `hargaJualUpdate` = \'50000\'
WHERE `idPaket` = \'P0001\'', 0)
 2 SYSTEMPATH\Database\BaseConnection.php(666): CodeIgniter\Database\MySQLi\Connection->execute('UPDATE `tblpaket` SET `idPaketUpdate` = \'\', `namaPaketUpdate` = \'Freedom2\', `hargaUpdate` = \'45000\', `hargaJualUpdate` = \'50000\'
WHERE `idPaket` = \'P0001\'')
 3 SYSTEMPATH\Database\BaseConnection.php(593): CodeIgniter\Database\BaseConnection->simpleQuery('UPDATE `tblpaket` SET `idPaketUpdate` = \'\', `namaPaketUpdate` = \'Freedom2\', `hargaUpdate` = \'45000\', `hargaJualUpdate` = \'50000\'
WHERE `idPaket` = \'P0001\'')
 4 SYSTEMPATH\Database\BaseBuilder.php(2079): CodeIgniter\Database\BaseConnection->query('UPDATE `tblpaket` SET `idPaketUpdate` = :idPaketUpdate:, `namaPaketUpdate` = :namaPaketUpdate:, `hargaUpdate` = :hargaUpdate:, `hargaJualUpdate` = :hargaJualUpdate:
WHERE `idPaket` = :idPaket:', [...], false)
 5 APPPATH\Models\PaketModel.php(63): CodeIgniter\Database\BaseBuilder->update([...])
 6 APPPATH\Controllers\Operator.php(160): App\Models\PaketModel->updateData('P0001', [...])
 7 SYSTEMPATH\CodeIgniter.php(927): App\Controllers\Operator->updatePaket('P0001')
 8 SYSTEMPATH\CodeIgniter.php(482): CodeIgniter\CodeIgniter->runController(Object(App\Controllers\Operator))
 9 SYSTEMPATH\CodeIgniter.php(351): CodeIgniter\CodeIgniter->handleRequest(null, Object(Config\Cache), false)
10 FCPATH\index.php(67): CodeIgniter\CodeIgniter->run()
CRITICAL - 2022-12-25 08:22:09 --> Undefined array key "namaPaket"
in APPPATH\Models\PaketModel.php on line 65.
 1 APPPATH\Models\PaketModel.php(65): CodeIgniter\Debug\Exceptions->errorHandler(2, 'Undefined array key "namaPaket"', 'APPPATH\\Models\\PaketModel.php', 65)
 2 APPPATH\Controllers\Operator.php(160): App\Models\PaketModel->updateData('P0001', [...])
 3 SYSTEMPATH\CodeIgniter.php(927): App\Controllers\Operator->updatePaket('P0001')
 4 SYSTEMPATH\CodeIgniter.php(482): CodeIgniter\CodeIgniter->runController(Object(App\Controllers\Operator))
 5 SYSTEMPATH\CodeIgniter.php(351): CodeIgniter\CodeIgniter->handleRequest(null, Object(Config\Cache), false)
 6 FCPATH\index.php(67): CodeIgniter\CodeIgniter->run()
CRITICAL - 2022-12-25 08:24:03 --> You must use the "set" method to update an entry.
in SYSTEMPATH\Database\BaseBuilder.php on line 2122.
 1 SYSTEMPATH\Database\BaseBuilder.php(2058): CodeIgniter\Database\BaseBuilder->validateUpdate()
 2 APPPATH\Models\PaketModel.php(68): CodeIgniter\Database\BaseBuilder->update([])
 3 APPPATH\Controllers\Operator.php(160): App\Models\PaketModel->updateData('P0001', [...])
 4 SYSTEMPATH\CodeIgniter.php(927): App\Controllers\Operator->updatePaket('P0001')
 5 SYSTEMPATH\CodeIgniter.php(482): CodeIgniter\CodeIgniter->runController(Object(App\Controllers\Operator))
 6 SYSTEMPATH\CodeIgniter.php(351): CodeIgniter\CodeIgniter->handleRequest(null, Object(Config\Cache), false)
 7 FCPATH\index.php(67): CodeIgniter\CodeIgniter->run()
CRITICAL - 2022-12-25 08:25:45 --> Undefined array key "namaPaket"
in APPPATH\Models\PaketModel.php on line 65.
 1 APPPATH\Models\PaketModel.php(65): CodeIgniter\Debug\Exceptions->errorHandler(2, 'Undefined array key "namaPaket"', 'APPPATH\\Models\\PaketModel.php', 65)
 2 APPPATH\Controllers\Operator.php(160): App\Models\PaketModel->updateData('P0001', [...])
 3 SYSTEMPATH\CodeIgniter.php(927): App\Controllers\Operator->updatePaket('P0001')
 4 SYSTEMPATH\CodeIgniter.php(482): CodeIgniter\CodeIgniter->runController(Object(App\Controllers\Operator))
 5 SYSTEMPATH\CodeIgniter.php(351): CodeIgniter\CodeIgniter->handleRequest(null, Object(Config\Cache), false)
 6 FCPATH\index.php(67): CodeIgniter\CodeIgniter->run()
CRITICAL - 2022-12-25 08:25:45 --> Undefined array key "namaPaket"
in APPPATH\Models\PaketModel.php on line 65.
 1 APPPATH\Models\PaketModel.php(65): CodeIgniter\Debug\Exceptions->errorHandler(2, 'Undefined array key "namaPaket"', 'APPPATH\\Models\\PaketModel.php', 65)
 2 APPPATH\Controllers\Operator.php(160): App\Models\PaketModel->updateData('P0001', [...])
 3 SYSTEMPATH\CodeIgniter.php(927): App\Controllers\Operator->updatePaket('P0001')
 4 SYSTEMPATH\CodeIgniter.php(482): CodeIgniter\CodeIgniter->runController(Object(App\Controllers\Operator))
 5 SYSTEMPATH\CodeIgniter.php(351): CodeIgniter\CodeIgniter->handleRequest(null, Object(Config\Cache), false)
 6 FCPATH\index.php(67): CodeIgniter\CodeIgniter->run()
CRITICAL - 2022-12-25 08:26:23 --> Undefined array key "namaPaket"
in APPPATH\Models\PaketModel.php on line 65.
 1 APPPATH\Models\PaketModel.php(65): CodeIgniter\Debug\Exceptions->errorHandler(2, 'Undefined array key "namaPaket"', 'APPPATH\\Models\\PaketModel.php', 65)
 2 APPPATH\Controllers\Operator.php(160): App\Models\PaketModel->updateData('P0001', [...])
 3 SYSTEMPATH\CodeIgniter.php(927): App\Controllers\Operator->updatePaket('P0001')
 4 SYSTEMPATH\CodeIgniter.php(482): CodeIgniter\CodeIgniter->runController(Object(App\Controllers\Operator))
 5 SYSTEMPATH\CodeIgniter.php(351): CodeIgniter\CodeIgniter->handleRequest(null, Object(Config\Cache), false)
 6 FCPATH\index.php(67): CodeIgniter\CodeIgniter->run()
CRITICAL - 2022-12-25 08:27:37 --> Too few arguments to function App\Controllers\Operator::updatePaket(), 0 passed in C:\xampp\htdocs\myproject\system\CodeIgniter.php on line 927 and exactly 1 expected
in APPPATH\Controllers\Operator.php on line 156.
 1 SYSTEMPATH\CodeIgniter.php(927): App\Controllers\Operator->updatePaket()
 2 SYSTEMPATH\CodeIgniter.php(482): CodeIgniter\CodeIgniter->runController(Object(App\Controllers\Operator))
 3 SYSTEMPATH\CodeIgniter.php(351): CodeIgniter\CodeIgniter->handleRequest(null, Object(Config\Cache), false)
 4 FCPATH\index.php(67): CodeIgniter\CodeIgniter->run()
CRITICAL - 2022-12-25 08:27:49 --> Undefined array key "namaPaket"
in APPPATH\Models\PaketModel.php on line 65.
 1 APPPATH\Models\PaketModel.php(65): CodeIgniter\Debug\Exceptions->errorHandler(2, 'Undefined array key "namaPaket"', 'APPPATH\\Models\\PaketModel.php', 65)
 2 APPPATH\Controllers\Operator.php(160): App\Models\PaketModel->updateData('P0001', [])
 3 SYSTEMPATH\CodeIgniter.php(927): App\Controllers\Operator->updatePaket('P0001')
 4 SYSTEMPATH\CodeIgniter.php(482): CodeIgniter\CodeIgniter->runController(Object(App\Controllers\Operator))
 5 SYSTEMPATH\CodeIgniter.php(351): CodeIgniter\CodeIgniter->handleRequest(null, Object(Config\Cache), false)
 6 FCPATH\index.php(67): CodeIgniter\CodeIgniter->run()
ERROR - 2022-12-25 08:28:50 --> mysqli_sql_exception: Unknown column 'namaOperatorUpdate' in 'field list' in C:\xampp\htdocs\myproject\system\Database\MySQLi\Connection.php:292
Stack trace:
#0 C:\xampp\htdocs\myproject\system\Database\MySQLi\Connection.php(292): mysqli->query('UPDATE `tbloper...', 0)
#1 C:\xampp\htdocs\myproject\system\Database\BaseConnection.php(666): CodeIgniter\Database\MySQLi\Connection->execute('UPDATE `tbloper...')
#2 C:\xampp\htdocs\myproject\system\Database\BaseConnection.php(593): CodeIgniter\Database\BaseConnection->simpleQuery('UPDATE `tbloper...')
#3 C:\xampp\htdocs\myproject\system\Database\BaseBuilder.php(2079): CodeIgniter\Database\BaseConnection->query('UPDATE `tbloper...', Array, false)
#4 C:\xampp\htdocs\myproject\app\Models\OperatorModel.php(54): CodeIgniter\Database\BaseBuilder->update(Array)
#5 C:\xampp\htdocs\myproject\app\Controllers\Operator.php(86): App\Models\OperatorModel->updateData('OP001', Array)
#6 C:\xampp\htdocs\myproject\system\CodeIgniter.php(927): App\Controllers\Operator->update('OP001')
#7 C:\xampp\htdocs\myproject\system\CodeIgniter.php(482): CodeIgniter\CodeIgniter->runController(Object(App\Controllers\Operator))
#8 C:\xampp\htdocs\myproject\system\CodeIgniter.php(351): CodeIgniter\CodeIgniter->handleRequest(NULL, Object(Config\Cache), false)
#9 C:\xampp\htdocs\myproject\public\index.php(67): CodeIgniter\CodeIgniter->run()
#10 {main}
CRITICAL - 2022-12-25 08:28:50 --> Unknown column 'namaOperatorUpdate' in 'field list'
in SYSTEMPATH\Database\MySQLi\Connection.php on line 292.
 1 SYSTEMPATH\Database\MySQLi\Connection.php(292): mysqli->query('UPDATE `tbloperator` SET `namaOperatorUpdate` = \'Indosat2\'
WHERE `idOperator` = \'OP001\'', 0)
 2 SYSTEMPATH\Database\BaseConnection.php(666): CodeIgniter\Database\MySQLi\Connection->execute('UPDATE `tbloperator` SET `namaOperatorUpdate` = \'Indosat2\'
WHERE `idOperator` = \'OP001\'')
 3 SYSTEMPATH\Database\BaseConnection.php(593): CodeIgniter\Database\BaseConnection->simpleQuery('UPDATE `tbloperator` SET `namaOperatorUpdate` = \'Indosat2\'
WHERE `idOperator` = \'OP001\'')
 4 SYSTEMPATH\Database\BaseBuilder.php(2079): CodeIgniter\Database\BaseConnection->query('UPDATE `tbloperator` SET `namaOperatorUpdate` = :namaOperatorUpdate:
WHERE `idOperator` = :idOperator:', [...], false)
 5 APPPATH\Models\OperatorModel.php(54): CodeIgniter\Database\BaseBuilder->update([...])
 6 APPPATH\Controllers\Operator.php(86): App\Models\OperatorModel->updateData('OP001', [...])
 7 SYSTEMPATH\CodeIgniter.php(927): App\Controllers\Operator->update('OP001')
 8 SYSTEMPATH\CodeIgniter.php(482): CodeIgniter\CodeIgniter->runController(Object(App\Controllers\Operator))
 9 SYSTEMPATH\CodeIgniter.php(351): CodeIgniter\CodeIgniter->handleRequest(null, Object(Config\Cache), false)
10 FCPATH\index.php(67): CodeIgniter\CodeIgniter->run()
ERROR - 2022-12-25 08:29:03 --> mysqli_sql_exception: Unknown column 'namaOperatorUpdate' in 'field list' in C:\xampp\htdocs\myproject\system\Database\MySQLi\Connection.php:292
Stack trace:
#0 C:\xampp\htdocs\myproject\system\Database\MySQLi\Connection.php(292): mysqli->query('UPDATE `tbloper...', 0)
#1 C:\xampp\htdocs\myproject\system\Database\BaseConnection.php(666): CodeIgniter\Database\MySQLi\Connection->execute('UPDATE `tbloper...')
#2 C:\xampp\htdocs\myproject\system\Database\BaseConnection.php(593): CodeIgniter\Database\BaseConnection->simpleQuery('UPDATE `tbloper...')
#3 C:\xampp\htdocs\myproject\system\Database\BaseBuilder.php(2079): CodeIgniter\Database\BaseConnection->query('UPDATE `tbloper...', Array, false)
#4 C:\xampp\htdocs\myproject\app\Models\OperatorModel.php(54): CodeIgniter\Database\BaseBuilder->update(Array)
#5 C:\xampp\htdocs\myproject\app\Controllers\Operator.php(86): App\Models\OperatorModel->updateData('OP001', Array)
#6 C:\xampp\htdocs\myproject\system\CodeIgniter.php(927): App\Controllers\Operator->update('OP001')
#7 C:\xampp\htdocs\myproject\system\CodeIgniter.php(482): CodeIgniter\CodeIgniter->runController(Object(App\Controllers\Operator))
#8 C:\xampp\htdocs\myproject\system\CodeIgniter.php(351): CodeIgniter\CodeIgniter->handleRequest(NULL, Object(Config\Cache), false)
#9 C:\xampp\htdocs\myproject\public\index.php(67): CodeIgniter\CodeIgniter->run()
#10 {main}
CRITICAL - 2022-12-25 08:29:03 --> Unknown column 'namaOperatorUpdate' in 'field list'
in SYSTEMPATH\Database\MySQLi\Connection.php on line 292.
 1 SYSTEMPATH\Database\MySQLi\Connection.php(292): mysqli->query('UPDATE `tbloperator` SET `namaOperatorUpdate` = \'Indosat2\'
WHERE `idOperator` = \'OP001\'', 0)
 2 SYSTEMPATH\Database\BaseConnection.php(666): CodeIgniter\Database\MySQLi\Connection->execute('UPDATE `tbloperator` SET `namaOperatorUpdate` = \'Indosat2\'
WHERE `idOperator` = \'OP001\'')
 3 SYSTEMPATH\Database\BaseConnection.php(593): CodeIgniter\Database\BaseConnection->simpleQuery('UPDATE `tbloperator` SET `namaOperatorUpdate` = \'Indosat2\'
WHERE `idOperator` = \'OP001\'')
 4 SYSTEMPATH\Database\BaseBuilder.php(2079): CodeIgniter\Database\BaseConnection->query('UPDATE `tbloperator` SET `namaOperatorUpdate` = :namaOperatorUpdate:
WHERE `idOperator` = :idOperator:', [...], false)
 5 APPPATH\Models\OperatorModel.php(54): CodeIgniter\Database\BaseBuilder->update([...])
 6 APPPATH\Controllers\Operator.php(86): App\Models\OperatorModel->updateData('OP001', [...])
 7 SYSTEMPATH\CodeIgniter.php(927): App\Controllers\Operator->update('OP001')
 8 SYSTEMPATH\CodeIgniter.php(482): CodeIgniter\CodeIgniter->runController(Object(App\Controllers\Operator))
 9 SYSTEMPATH\CodeIgniter.php(351): CodeIgniter\CodeIgniter->handleRequest(null, Object(Config\Cache), false)
10 FCPATH\index.php(67): CodeIgniter\CodeIgniter->run()
CRITICAL - 2022-12-25 08:30:03 --> Undefined array key "namaPaket"
in APPPATH\Models\PaketModel.php on line 65.
 1 APPPATH\Models\PaketModel.php(65): CodeIgniter\Debug\Exceptions->errorHandler(2, 'Undefined array key "namaPaket"', 'APPPATH\\Models\\PaketModel.php', 65)
 2 APPPATH\Controllers\Operator.php(160): App\Models\PaketModel->updateData('P0001', [...])
 3 SYSTEMPATH\CodeIgniter.php(927): App\Controllers\Operator->updatePaket('P0001')
 4 SYSTEMPATH\CodeIgniter.php(482): CodeIgniter\CodeIgniter->runController(Object(App\Controllers\Operator))
 5 SYSTEMPATH\CodeIgniter.php(351): CodeIgniter\CodeIgniter->handleRequest(null, Object(Config\Cache), false)
 6 FCPATH\index.php(67): CodeIgniter\CodeIgniter->run()
CRITICAL - 2022-12-25 08:39:26 --> Undefined array key "namaPaket"
in APPPATH\Models\PaketModel.php on line 65.
 1 APPPATH\Models\PaketModel.php(65): CodeIgniter\Debug\Exceptions->errorHandler(2, 'Undefined array key "namaPaket"', 'APPPATH\\Models\\PaketModel.php', 65)
 2 APPPATH\Controllers\Operator.php(160): App\Models\PaketModel->updateData('P0001', [...])
 3 SYSTEMPATH\CodeIgniter.php(927): App\Controllers\Operator->updatePaket('P0001')
 4 SYSTEMPATH\CodeIgniter.php(482): CodeIgniter\CodeIgniter->runController(Object(App\Controllers\Operator))
 5 SYSTEMPATH\CodeIgniter.php(351): CodeIgniter\CodeIgniter->handleRequest(null, Object(Config\Cache), false)
 6 FCPATH\index.php(67): CodeIgniter\CodeIgniter->run()
CRITICAL - 2022-12-25 08:39:36 --> Undefined array key "namaPaket"
in APPPATH\Models\PaketModel.php on line 65.
 1 APPPATH\Models\PaketModel.php(65): CodeIgniter\Debug\Exceptions->errorHandler(2, 'Undefined array key "namaPaket"', 'APPPATH\\Models\\PaketModel.php', 65)
 2 APPPATH\Controllers\Operator.php(160): App\Models\PaketModel->updateData('P0001', [...])
 3 SYSTEMPATH\CodeIgniter.php(927): App\Controllers\Operator->updatePaket('P0001')
 4 SYSTEMPATH\CodeIgniter.php(482): CodeIgniter\CodeIgniter->runController(Object(App\Controllers\Operator))
 5 SYSTEMPATH\CodeIgniter.php(351): CodeIgniter\CodeIgniter->handleRequest(null, Object(Config\Cache), false)
 6 FCPATH\index.php(67): CodeIgniter\CodeIgniter->run()
CRITICAL - 2022-12-25 08:41:48 --> Undefined array key "namaPaket"
in APPPATH\Models\PaketModel.php on line 65.
 1 APPPATH\Models\PaketModel.php(65): CodeIgniter\Debug\Exceptions->errorHandler(2, 'Undefined array key "namaPaket"', 'APPPATH\\Models\\PaketModel.php', 65)
 2 APPPATH\Controllers\Operator.php(160): App\Models\PaketModel->updateData('null', [...])
 3 SYSTEMPATH\CodeIgniter.php(927): App\Controllers\Operator->updatePaket('null')
 4 SYSTEMPATH\CodeIgniter.php(482): CodeIgniter\CodeIgniter->runController(Object(App\Controllers\Operator))
 5 SYSTEMPATH\CodeIgniter.php(351): CodeIgniter\CodeIgniter->handleRequest(null, Object(Config\Cache), false)
 6 FCPATH\index.php(67): CodeIgniter\CodeIgniter->run()
CRITICAL - 2022-12-25 08:42:03 --> Undefined array key "namaPaket"
in APPPATH\Models\PaketModel.php on line 65.
 1 APPPATH\Models\PaketModel.php(65): CodeIgniter\Debug\Exceptions->errorHandler(2, 'Undefined array key "namaPaket"', 'APPPATH\\Models\\PaketModel.php', 65)
 2 APPPATH\Controllers\Operator.php(160): App\Models\PaketModel->updateData('P0001', [...])
 3 SYSTEMPATH\CodeIgniter.php(927): App\Controllers\Operator->updatePaket('P0001')
 4 SYSTEMPATH\CodeIgniter.php(482): CodeIgniter\CodeIgniter->runController(Object(App\Controllers\Operator))
 5 SYSTEMPATH\CodeIgniter.php(351): CodeIgniter\CodeIgniter->handleRequest(null, Object(Config\Cache), false)
 6 FCPATH\index.php(67): CodeIgniter\CodeIgniter->run()
CRITICAL - 2022-12-25 08:43:34 --> Undefined array key "namaPaket"
in APPPATH\Models\PaketModel.php on line 65.
 1 APPPATH\Models\PaketModel.php(65): CodeIgniter\Debug\Exceptions->errorHandler(2, 'Undefined array key "namaPaket"', 'APPPATH\\Models\\PaketModel.php', 65)
 2 APPPATH\Controllers\Operator.php(160): App\Models\PaketModel->updateData('P0001', [])
 3 SYSTEMPATH\CodeIgniter.php(927): App\Controllers\Operator->updatePaket('P0001')
 4 SYSTEMPATH\CodeIgniter.php(482): CodeIgniter\CodeIgniter->runController(Object(App\Controllers\Operator))
 5 SYSTEMPATH\CodeIgniter.php(351): CodeIgniter\CodeIgniter->handleRequest(null, Object(Config\Cache), false)
 6 FCPATH\index.php(67): CodeIgniter\CodeIgniter->run()
CRITICAL - 2022-12-25 08:45:07 --> Undefined array key "harga"
in APPPATH\Models\PaketModel.php on line 67.
 1 APPPATH\Models\PaketModel.php(67): CodeIgniter\Debug\Exceptions->errorHandler(2, 'Undefined array key "harga"', 'APPPATH\\Models\\PaketModel.php', 67)
 2 APPPATH\Controllers\Operator.php(160): App\Models\PaketModel->updateData('P0001', [...])
 3 SYSTEMPATH\CodeIgniter.php(927): App\Controllers\Operator->updatePaket('P0001')
 4 SYSTEMPATH\CodeIgniter.php(482): CodeIgniter\CodeIgniter->runController(Object(App\Controllers\Operator))
 5 SYSTEMPATH\CodeIgniter.php(351): CodeIgniter\CodeIgniter->handleRequest(null, Object(Config\Cache), false)
 6 FCPATH\index.php(67): CodeIgniter\CodeIgniter->run()
CRITICAL - 2022-12-25 08:45:15 --> Undefined array key "harga"
in APPPATH\Models\PaketModel.php on line 67.
 1 APPPATH\Models\PaketModel.php(67): CodeIgniter\Debug\Exceptions->errorHandler(2, 'Undefined array key "harga"', 'APPPATH\\Models\\PaketModel.php', 67)
 2 APPPATH\Controllers\Operator.php(160): App\Models\PaketModel->updateData('P0001', [...])
 3 SYSTEMPATH\CodeIgniter.php(927): App\Controllers\Operator->updatePaket('P0001')
 4 SYSTEMPATH\CodeIgniter.php(482): CodeIgniter\CodeIgniter->runController(Object(App\Controllers\Operator))
 5 SYSTEMPATH\CodeIgniter.php(351): CodeIgniter\CodeIgniter->handleRequest(null, Object(Config\Cache), false)
 6 FCPATH\index.php(67): CodeIgniter\CodeIgniter->run()
