CRITICAL - 2022-12-21 04:46:24 --> Undefined variable $pelanggaranM
in APPPATH\Views\home\jenisPelanggaran.php on line 54.
 1 APPPATH\Views\home\jenisPelanggaran.php(54): CodeIgniter\Debug\Exceptions->errorHandler(2, 'Undefined variable $pelanggaranM', 'APPPATH\\Views\\home\\jenisPelanggaran.php', 54)
 2 SYSTEMPATH\View\View.php(213): include('APPPATH\\Views\\home\\jenisPelanggaran.php')
 3 SYSTEMPATH\View\View.php(216): CodeIgniter\View\View->CodeIgniter\View\{closure}()
 4 SYSTEMPATH\Common.php(1134): CodeIgniter\View\View->render('home/jenisPelanggaran', [], true)
 5 APPPATH\Controllers\Home.php(49): view('home/jenisPelanggaran')
 6 SYSTEMPATH\CodeIgniter.php(927): App\Controllers\Home->jenispelanggaran()
 7 SYSTEMPATH\CodeIgniter.php(482): CodeIgniter\CodeIgniter->runController(Object(App\Controllers\Home))
 8 SYSTEMPATH\CodeIgniter.php(351): CodeIgniter\CodeIgniter->handleRequest(null, Object(Config\Cache), false)
 9 FCPATH\index.php(67): CodeIgniter\CodeIgniter->run()
CRITICAL - 2022-12-21 04:46:30 --> Undefined variable $pelanggaranM
in APPPATH\Views\home\jenisPelanggaran.php on line 54.
 1 APPPATH\Views\home\jenisPelanggaran.php(54): CodeIgniter\Debug\Exceptions->errorHandler(2, 'Undefined variable $pelanggaranM', 'APPPATH\\Views\\home\\jenisPelanggaran.php', 54)
 2 SYSTEMPATH\View\View.php(213): include('APPPATH\\Views\\home\\jenisPelanggaran.php')
 3 SYSTEMPATH\View\View.php(216): CodeIgniter\View\View->CodeIgniter\View\{closure}()
 4 SYSTEMPATH\Common.php(1134): CodeIgniter\View\View->render('home/jenisPelanggaran', [], true)
 5 APPPATH\Controllers\Home.php(49): view('home/jenisPelanggaran')
 6 SYSTEMPATH\CodeIgniter.php(927): App\Controllers\Home->jenispelanggaran()
 7 SYSTEMPATH\CodeIgniter.php(482): CodeIgniter\CodeIgniter->runController(Object(App\Controllers\Home))
 8 SYSTEMPATH\CodeIgniter.php(351): CodeIgniter\CodeIgniter->handleRequest(null, Object(Config\Cache), false)
 9 FCPATH\index.php(67): CodeIgniter\CodeIgniter->run()
CRITICAL - 2022-12-21 05:10:46 --> Undefined variable $pelanggaran
in APPPATH\Views\home\jenisPelanggaran.php on line 54.
 1 APPPATH\Views\home\jenisPelanggaran.php(54): CodeIgniter\Debug\Exceptions->errorHandler(2, 'Undefined variable $pelanggaran', 'APPPATH\\Views\\home\\jenisPelanggaran.php', 54)
 2 SYSTEMPATH\View\View.php(213): include('APPPATH\\Views\\home\\jenisPelanggaran.php')
 3 SYSTEMPATH\View\View.php(216): CodeIgniter\View\View->CodeIgniter\View\{closure}()
 4 SYSTEMPATH\Common.php(1134): CodeIgniter\View\View->render('home/jenisPelanggaran', [], true)
 5 APPPATH\Controllers\Home.php(49): view('home/jenisPelanggaran')
 6 SYSTEMPATH\CodeIgniter.php(927): App\Controllers\Home->jenispelanggaran()
 7 SYSTEMPATH\CodeIgniter.php(482): CodeIgniter\CodeIgniter->runController(Object(App\Controllers\Home))
 8 SYSTEMPATH\CodeIgniter.php(351): CodeIgniter\CodeIgniter->handleRequest(null, Object(Config\Cache), false)
 9 FCPATH\index.php(67): CodeIgniter\CodeIgniter->run()
CRITICAL - 2022-12-21 05:10:51 --> Undefined variable $pelanggaranM
in APPPATH\Views\home\jenisPelanggaran.php on line 54.
 1 APPPATH\Views\home\jenisPelanggaran.php(54): CodeIgniter\Debug\Exceptions->errorHandler(2, 'Undefined variable $pelanggaranM', 'APPPATH\\Views\\home\\jenisPelanggaran.php', 54)
 2 SYSTEMPATH\View\View.php(213): include('APPPATH\\Views\\home\\jenisPelanggaran.php')
 3 SYSTEMPATH\View\View.php(216): CodeIgniter\View\View->CodeIgniter\View\{closure}()
 4 SYSTEMPATH\Common.php(1134): CodeIgniter\View\View->render('home/jenisPelanggaran', [], true)
 5 APPPATH\Controllers\Home.php(49): view('home/jenisPelanggaran')
 6 SYSTEMPATH\CodeIgniter.php(927): App\Controllers\Home->jenispelanggaran()
 7 SYSTEMPATH\CodeIgniter.php(482): CodeIgniter\CodeIgniter->runController(Object(App\Controllers\Home))
 8 SYSTEMPATH\CodeIgniter.php(351): CodeIgniter\CodeIgniter->handleRequest(null, Object(Config\Cache), false)
 9 FCPATH\index.php(67): CodeIgniter\CodeIgniter->run()
CRITICAL - 2022-12-21 06:42:16 --> Call to undefined method CodeIgniter\Database\MySQLi\Connection::start_cache()
in APPPATH\Models\PelanggaranModel.php on line 38.
 1 APPPATH\Controllers\Pelanggaran.php(22): App\Models\PelanggaranModel->getValie()
 2 SYSTEMPATH\CodeIgniter.php(927): App\Controllers\Pelanggaran->index()
 3 SYSTEMPATH\CodeIgniter.php(482): CodeIgniter\CodeIgniter->runController(Object(App\Controllers\Pelanggaran))
 4 SYSTEMPATH\CodeIgniter.php(351): CodeIgniter\CodeIgniter->handleRequest(null, Object(Config\Cache), false)
 5 FCPATH\index.php(67): CodeIgniter\CodeIgniter->run()
CRITICAL - 2022-12-21 06:42:33 --> Call to undefined method CodeIgniter\Database\MySQLi\Connection::select()
in APPPATH\Models\PelanggaranModel.php on line 39.
 1 APPPATH\Controllers\Pelanggaran.php(22): App\Models\PelanggaranModel->getValie()
 2 SYSTEMPATH\CodeIgniter.php(927): App\Controllers\Pelanggaran->index()
 3 SYSTEMPATH\CodeIgniter.php(482): CodeIgniter\CodeIgniter->runController(Object(App\Controllers\Pelanggaran))
 4 SYSTEMPATH\CodeIgniter.php(351): CodeIgniter\CodeIgniter->handleRequest(null, Object(Config\Cache), false)
 5 FCPATH\index.php(67): CodeIgniter\CodeIgniter->run()
CRITICAL - 2022-12-21 06:42:34 --> Call to undefined method CodeIgniter\Database\MySQLi\Connection::select()
in APPPATH\Models\PelanggaranModel.php on line 39.
 1 APPPATH\Controllers\Pelanggaran.php(22): App\Models\PelanggaranModel->getValie()
 2 SYSTEMPATH\CodeIgniter.php(927): App\Controllers\Pelanggaran->index()
 3 SYSTEMPATH\CodeIgniter.php(482): CodeIgniter\CodeIgniter->runController(Object(App\Controllers\Pelanggaran))
 4 SYSTEMPATH\CodeIgniter.php(351): CodeIgniter\CodeIgniter->handleRequest(null, Object(Config\Cache), false)
 5 FCPATH\index.php(67): CodeIgniter\CodeIgniter->run()
CRITICAL - 2022-12-21 07:13:50 --> Call to undefined method CodeIgniter\Database\MySQLi\Result::get()
in APPPATH\Models\PelanggaranModel.php on line 50.
 1 APPPATH\Controllers\Pelanggaran.php(22): App\Models\PelanggaranModel->getAll()
 2 SYSTEMPATH\CodeIgniter.php(927): App\Controllers\Pelanggaran->index()
 3 SYSTEMPATH\CodeIgniter.php(482): CodeIgniter\CodeIgniter->runController(Object(App\Controllers\Pelanggaran))
 4 SYSTEMPATH\CodeIgniter.php(351): CodeIgniter\CodeIgniter->handleRequest(null, Object(Config\Cache), false)
 5 FCPATH\index.php(67): CodeIgniter\CodeIgniter->run()
CRITICAL - 2022-12-21 07:14:28 --> Call to undefined method CodeIgniter\Database\MySQLi\Result::limit()
in APPPATH\Models\PelanggaranModel.php on line 43.
 1 APPPATH\Controllers\Home.php(249): App\Models\PelanggaranModel->getAll('ROOTPATH\\public', '0', '10', [...], [...])
 2 SYSTEMPATH\CodeIgniter.php(927): App\Controllers\Home->datajenispelanggaran()
 3 SYSTEMPATH\CodeIgniter.php(482): CodeIgniter\CodeIgniter->runController(Object(App\Controllers\Home))
 4 SYSTEMPATH\CodeIgniter.php(351): CodeIgniter\CodeIgniter->handleRequest(null, Object(Config\Cache), false)
 5 FCPATH\index.php(67): CodeIgniter\CodeIgniter->run()
CRITICAL - 2022-12-21 07:15:03 --> Call to undefined method CodeIgniter\Database\MySQLi\Result::limit()
in APPPATH\Models\PelanggaranModel.php on line 43.
 1 APPPATH\Controllers\Home.php(249): App\Models\PelanggaranModel->getAll('ROOTPATH\\public', '0', '10', [...], [...])
 2 SYSTEMPATH\CodeIgniter.php(927): App\Controllers\Home->datajenispelanggaran()
 3 SYSTEMPATH\CodeIgniter.php(482): CodeIgniter\CodeIgniter->runController(Object(App\Controllers\Home))
 4 SYSTEMPATH\CodeIgniter.php(351): CodeIgniter\CodeIgniter->handleRequest(null, Object(Config\Cache), false)
 5 FCPATH\index.php(67): CodeIgniter\CodeIgniter->run()
CRITICAL - 2022-12-21 07:15:26 --> Call to undefined method CodeIgniter\Database\MySQLi\Result::limit()
in APPPATH\Models\PelanggaranModel.php on line 43.
 1 APPPATH\Controllers\Home.php(249): App\Models\PelanggaranModel->getAll('ROOTPATH\\public', '0', '10', [...], [...])
 2 SYSTEMPATH\CodeIgniter.php(927): App\Controllers\Home->datajenispelanggaran()
 3 SYSTEMPATH\CodeIgniter.php(482): CodeIgniter\CodeIgniter->runController(Object(App\Controllers\Home))
 4 SYSTEMPATH\CodeIgniter.php(351): CodeIgniter\CodeIgniter->handleRequest(null, Object(Config\Cache), false)
 5 FCPATH\index.php(67): CodeIgniter\CodeIgniter->run()
CRITICAL - 2022-12-21 07:15:45 --> Undefined variable $pelanggaranM
in APPPATH\Views\home\jenisPelanggaran.php on line 54.
 1 APPPATH\Views\home\jenisPelanggaran.php(54): CodeIgniter\Debug\Exceptions->errorHandler(2, 'Undefined variable $pelanggaranM', 'APPPATH\\Views\\home\\jenisPelanggaran.php', 54)
 2 SYSTEMPATH\View\View.php(213): include('APPPATH\\Views\\home\\jenisPelanggaran.php')
 3 SYSTEMPATH\View\View.php(216): CodeIgniter\View\View->CodeIgniter\View\{closure}()
 4 SYSTEMPATH\Common.php(1134): CodeIgniter\View\View->render('home/jenisPelanggaran', [], true)
 5 APPPATH\Controllers\Home.php(49): view('home/jenisPelanggaran')
 6 SYSTEMPATH\CodeIgniter.php(927): App\Controllers\Home->jenispelanggaran()
 7 SYSTEMPATH\CodeIgniter.php(482): CodeIgniter\CodeIgniter->runController(Object(App\Controllers\Home))
 8 SYSTEMPATH\CodeIgniter.php(351): CodeIgniter\CodeIgniter->handleRequest(null, Object(Config\Cache), false)
 9 FCPATH\index.php(67): CodeIgniter\CodeIgniter->run()
CRITICAL - 2022-12-21 07:15:45 --> Undefined variable $pelanggaranM
in APPPATH\Views\home\jenisPelanggaran.php on line 54.
 1 APPPATH\Views\home\jenisPelanggaran.php(54): CodeIgniter\Debug\Exceptions->errorHandler(2, 'Undefined variable $pelanggaranM', 'APPPATH\\Views\\home\\jenisPelanggaran.php', 54)
 2 SYSTEMPATH\View\View.php(213): include('APPPATH\\Views\\home\\jenisPelanggaran.php')
 3 SYSTEMPATH\View\View.php(216): CodeIgniter\View\View->CodeIgniter\View\{closure}()
 4 SYSTEMPATH\Common.php(1134): CodeIgniter\View\View->render('home/jenisPelanggaran', [], true)
 5 APPPATH\Controllers\Home.php(49): view('home/jenisPelanggaran')
 6 SYSTEMPATH\CodeIgniter.php(927): App\Controllers\Home->jenispelanggaran()
 7 SYSTEMPATH\CodeIgniter.php(482): CodeIgniter\CodeIgniter->runController(Object(App\Controllers\Home))
 8 SYSTEMPATH\CodeIgniter.php(351): CodeIgniter\CodeIgniter->handleRequest(null, Object(Config\Cache), false)
 9 FCPATH\index.php(67): CodeIgniter\CodeIgniter->run()
CRITICAL - 2022-12-21 07:16:00 --> Undefined variable $pelanggaranM
in APPPATH\Views\home\jenisPelanggaran.php on line 54.
 1 APPPATH\Views\home\jenisPelanggaran.php(54): CodeIgniter\Debug\Exceptions->errorHandler(2, 'Undefined variable $pelanggaranM', 'APPPATH\\Views\\home\\jenisPelanggaran.php', 54)
 2 SYSTEMPATH\View\View.php(213): include('APPPATH\\Views\\home\\jenisPelanggaran.php')
 3 SYSTEMPATH\View\View.php(216): CodeIgniter\View\View->CodeIgniter\View\{closure}()
 4 SYSTEMPATH\Common.php(1134): CodeIgniter\View\View->render('home/jenisPelanggaran', [], true)
 5 APPPATH\Controllers\Home.php(49): view('home/jenisPelanggaran')
 6 SYSTEMPATH\CodeIgniter.php(927): App\Controllers\Home->jenispelanggaran()
 7 SYSTEMPATH\CodeIgniter.php(482): CodeIgniter\CodeIgniter->runController(Object(App\Controllers\Home))
 8 SYSTEMPATH\CodeIgniter.php(351): CodeIgniter\CodeIgniter->handleRequest(null, Object(Config\Cache), false)
 9 FCPATH\index.php(67): CodeIgniter\CodeIgniter->run()
CRITICAL - 2022-12-21 07:16:14 --> Call to undefined method CodeIgniter\Database\MySQLi\Result::limit()
in APPPATH\Models\PelanggaranModel.php on line 43.
 1 APPPATH\Controllers\Home.php(249): App\Models\PelanggaranModel->getAll('ROOTPATH\\public', '0', '10', [...], [...])
 2 SYSTEMPATH\CodeIgniter.php(927): App\Controllers\Home->datajenispelanggaran()
 3 SYSTEMPATH\CodeIgniter.php(482): CodeIgniter\CodeIgniter->runController(Object(App\Controllers\Home))
 4 SYSTEMPATH\CodeIgniter.php(351): CodeIgniter\CodeIgniter->handleRequest(null, Object(Config\Cache), false)
 5 FCPATH\index.php(67): CodeIgniter\CodeIgniter->run()
CRITICAL - 2022-12-21 07:16:34 --> Call to undefined method CodeIgniter\Database\MySQLi\Result::limit()
in APPPATH\Models\PelanggaranModel.php on line 43.
 1 APPPATH\Controllers\Home.php(249): App\Models\PelanggaranModel->getAll('ROOTPATH\\public', '0', '10', [...], [...])
 2 SYSTEMPATH\CodeIgniter.php(927): App\Controllers\Home->datajenispelanggaran()
 3 SYSTEMPATH\CodeIgniter.php(482): CodeIgniter\CodeIgniter->runController(Object(App\Controllers\Home))
 4 SYSTEMPATH\CodeIgniter.php(351): CodeIgniter\CodeIgniter->handleRequest(null, Object(Config\Cache), false)
 5 FCPATH\index.php(67): CodeIgniter\CodeIgniter->run()
CRITICAL - 2022-12-21 16:40:20 --> Undefined variable $pelanggaranM
in APPPATH\Views\home\jenisPelanggaran.php on line 54.
 1 APPPATH\Views\home\jenisPelanggaran.php(54): CodeIgniter\Debug\Exceptions->errorHandler(2, 'Undefined variable $pelanggaranM', 'APPPATH\\Views\\home\\jenisPelanggaran.php', 54)
 2 SYSTEMPATH\View\View.php(213): include('APPPATH\\Views\\home\\jenisPelanggaran.php')
 3 SYSTEMPATH\View\View.php(216): CodeIgniter\View\View->CodeIgniter\View\{closure}()
 4 SYSTEMPATH\Common.php(1134): CodeIgniter\View\View->render('home/jenisPelanggaran', [], true)
 5 APPPATH\Controllers\Home.php(49): view('home/jenisPelanggaran')
 6 SYSTEMPATH\CodeIgniter.php(927): App\Controllers\Home->jenispelanggaran()
 7 SYSTEMPATH\CodeIgniter.php(482): CodeIgniter\CodeIgniter->runController(Object(App\Controllers\Home))
 8 SYSTEMPATH\CodeIgniter.php(351): CodeIgniter\CodeIgniter->handleRequest(null, Object(Config\Cache), false)
 9 FCPATH\index.php(67): CodeIgniter\CodeIgniter->run()
CRITICAL - 2022-12-21 18:00:51 --> Undefined variable $pelanggaranM
in APPPATH\Views\home\jenisPelanggaran.php on line 184.
 1 APPPATH\Views\home\jenisPelanggaran.php(184): CodeIgniter\Debug\Exceptions->errorHandler(2, 'Undefined variable $pelanggaranM', 'APPPATH\\Views\\home\\jenisPelanggaran.php', 184)
 2 SYSTEMPATH\View\View.php(213): include('APPPATH\\Views\\home\\jenisPelanggaran.php')
 3 SYSTEMPATH\View\View.php(216): CodeIgniter\View\View->CodeIgniter\View\{closure}()
 4 SYSTEMPATH\Common.php(1134): CodeIgniter\View\View->render('home/jenisPelanggaran', [], true)
 5 APPPATH\Controllers\Home.php(49): view('home/jenisPelanggaran')
 6 SYSTEMPATH\CodeIgniter.php(927): App\Controllers\Home->jenispelanggaran()
 7 SYSTEMPATH\CodeIgniter.php(482): CodeIgniter\CodeIgniter->runController(Object(App\Controllers\Home))
 8 SYSTEMPATH\CodeIgniter.php(351): CodeIgniter\CodeIgniter->handleRequest(null, Object(Config\Cache), false)
 9 FCPATH\index.php(67): CodeIgniter\CodeIgniter->run()
CRITICAL - 2022-12-21 18:01:16 --> Undefined variable $pelanggaranM
in APPPATH\Views\home\jenisPelanggaran.php on line 184.
 1 APPPATH\Views\home\jenisPelanggaran.php(184): CodeIgniter\Debug\Exceptions->errorHandler(2, 'Undefined variable $pelanggaranM', 'APPPATH\\Views\\home\\jenisPelanggaran.php', 184)
 2 SYSTEMPATH\View\View.php(213): include('APPPATH\\Views\\home\\jenisPelanggaran.php')
 3 SYSTEMPATH\View\View.php(216): CodeIgniter\View\View->CodeIgniter\View\{closure}()
 4 SYSTEMPATH\Common.php(1134): CodeIgniter\View\View->render('home/jenisPelanggaran', [], true)
 5 APPPATH\Controllers\Home.php(49): view('home/jenisPelanggaran')
 6 SYSTEMPATH\CodeIgniter.php(927): App\Controllers\Home->jenispelanggaran()
 7 SYSTEMPATH\CodeIgniter.php(482): CodeIgniter\CodeIgniter->runController(Object(App\Controllers\Home))
 8 SYSTEMPATH\CodeIgniter.php(351): CodeIgniter\CodeIgniter->handleRequest(null, Object(Config\Cache), false)
 9 FCPATH\index.php(67): CodeIgniter\CodeIgniter->run()
CRITICAL - 2022-12-21 18:57:25 --> Undefined variable $pelaku
in APPPATH\Views\home\jenisPelanggaran.php on line 184.
 1 APPPATH\Views\home\jenisPelanggaran.php(184): CodeIgniter\Debug\Exceptions->errorHandler(2, 'Undefined variable $pelaku', 'APPPATH\\Views\\home\\jenisPelanggaran.php', 184)
 2 SYSTEMPATH\View\View.php(213): include('APPPATH\\Views\\home\\jenisPelanggaran.php')
 3 SYSTEMPATH\View\View.php(216): CodeIgniter\View\View->CodeIgniter\View\{closure}()
 4 SYSTEMPATH\Common.php(1134): CodeIgniter\View\View->render('home/jenisPelanggaran', [], true)
 5 APPPATH\Controllers\Pelanggaran.php(23): view('home/jenisPelanggaran', [...])
 6 SYSTEMPATH\CodeIgniter.php(927): App\Controllers\Pelanggaran->index()
 7 SYSTEMPATH\CodeIgniter.php(482): CodeIgniter\CodeIgniter->runController(Object(App\Controllers\Pelanggaran))
 8 SYSTEMPATH\CodeIgniter.php(351): CodeIgniter\CodeIgniter->handleRequest(null, Object(Config\Cache), false)
 9 FCPATH\index.php(67): CodeIgniter\CodeIgniter->run()
CRITICAL - 2022-12-21 19:00:12 --> Undefined variable $pelakuM
in APPPATH\Views\home\jenisPelanggaran.php on line 184.
 1 APPPATH\Views\home\jenisPelanggaran.php(184): CodeIgniter\Debug\Exceptions->errorHandler(2, 'Undefined variable $pelakuM', 'APPPATH\\Views\\home\\jenisPelanggaran.php', 184)
 2 SYSTEMPATH\View\View.php(213): include('APPPATH\\Views\\home\\jenisPelanggaran.php')
 3 SYSTEMPATH\View\View.php(216): CodeIgniter\View\View->CodeIgniter\View\{closure}()
 4 SYSTEMPATH\Common.php(1134): CodeIgniter\View\View->render('home/jenisPelanggaran', [], true)
 5 APPPATH\Controllers\Pelanggaran.php(23): view('home/jenisPelanggaran', [...])
 6 SYSTEMPATH\CodeIgniter.php(927): App\Controllers\Pelanggaran->index()
 7 SYSTEMPATH\CodeIgniter.php(482): CodeIgniter\CodeIgniter->runController(Object(App\Controllers\Pelanggaran))
 8 SYSTEMPATH\CodeIgniter.php(351): CodeIgniter\CodeIgniter->handleRequest(null, Object(Config\Cache), false)
 9 FCPATH\index.php(67): CodeIgniter\CodeIgniter->run()
CRITICAL - 2022-12-21 19:00:27 --> Undefined variable $pelakuM
in APPPATH\Views\home\jenisPelanggaran.php on line 184.
 1 APPPATH\Views\home\jenisPelanggaran.php(184): CodeIgniter\Debug\Exceptions->errorHandler(2, 'Undefined variable $pelakuM', 'APPPATH\\Views\\home\\jenisPelanggaran.php', 184)
 2 SYSTEMPATH\View\View.php(213): include('APPPATH\\Views\\home\\jenisPelanggaran.php')
 3 SYSTEMPATH\View\View.php(216): CodeIgniter\View\View->CodeIgniter\View\{closure}()
 4 SYSTEMPATH\Common.php(1134): CodeIgniter\View\View->render('home/jenisPelanggaran', [], true)
 5 APPPATH\Controllers\Home.php(49): view('home/jenisPelanggaran')
 6 SYSTEMPATH\CodeIgniter.php(927): App\Controllers\Home->jenispelanggaran()
 7 SYSTEMPATH\CodeIgniter.php(482): CodeIgniter\CodeIgniter->runController(Object(App\Controllers\Home))
 8 SYSTEMPATH\CodeIgniter.php(351): CodeIgniter\CodeIgniter->handleRequest(null, Object(Config\Cache), false)
 9 FCPATH\index.php(67): CodeIgniter\CodeIgniter->run()
CRITICAL - 2022-12-21 19:00:36 --> Undefined variable $pelakuM
in APPPATH\Views\home\jenisPelanggaran.php on line 184.
 1 APPPATH\Views\home\jenisPelanggaran.php(184): CodeIgniter\Debug\Exceptions->errorHandler(2, 'Undefined variable $pelakuM', 'APPPATH\\Views\\home\\jenisPelanggaran.php', 184)
 2 SYSTEMPATH\View\View.php(213): include('APPPATH\\Views\\home\\jenisPelanggaran.php')
 3 SYSTEMPATH\View\View.php(216): CodeIgniter\View\View->CodeIgniter\View\{closure}()
 4 SYSTEMPATH\Common.php(1134): CodeIgniter\View\View->render('home/jenisPelanggaran', [], true)
 5 APPPATH\Controllers\Pelanggaran.php(23): view('home/jenisPelanggaran', [...])
 6 SYSTEMPATH\CodeIgniter.php(927): App\Controllers\Pelanggaran->index()
 7 SYSTEMPATH\CodeIgniter.php(482): CodeIgniter\CodeIgniter->runController(Object(App\Controllers\Pelanggaran))
 8 SYSTEMPATH\CodeIgniter.php(351): CodeIgniter\CodeIgniter->handleRequest(null, Object(Config\Cache), false)
 9 FCPATH\index.php(67): CodeIgniter\CodeIgniter->run()
CRITICAL - 2022-12-21 19:00:39 --> Undefined property: App\Controllers\Pelanggaran::$group
in APPPATH\Controllers\Pelanggaran.php on line 27.
 1 APPPATH\Controllers\Pelanggaran.php(27): CodeIgniter\Debug\Exceptions->errorHandler(2, 'Undefined property: App\\Controllers\\Pelanggaran::$group', 'APPPATH\\Controllers\\Pelanggaran.php', 27)
 2 SYSTEMPATH\CodeIgniter.php(927): App\Controllers\Pelanggaran->new()
 3 SYSTEMPATH\CodeIgniter.php(482): CodeIgniter\CodeIgniter->runController(Object(App\Controllers\Pelanggaran))
 4 SYSTEMPATH\CodeIgniter.php(351): CodeIgniter\CodeIgniter->handleRequest(null, Object(Config\Cache), false)
 5 FCPATH\index.php(67): CodeIgniter\CodeIgniter->run()
CRITICAL - 2022-12-21 19:00:59 --> Invalid file: pelanggar/jenisPelanggaran.php
in SYSTEMPATH\Exceptions\FrameworkException.php on line 33.
 1 SYSTEMPATH\View\View.php(201): CodeIgniter\Exceptions\FrameworkException::forInvalidFile('pelanggar/jenisPelanggaran.php')
 2 SYSTEMPATH\Common.php(1134): CodeIgniter\View\View->render('pelanggar/jenisPelanggaran', [], true)
 3 APPPATH\Controllers\Pelanggaran.php(28): view('pelanggar/jenisPelanggaran', [...])
 4 SYSTEMPATH\CodeIgniter.php(927): App\Controllers\Pelanggaran->new()
 5 SYSTEMPATH\CodeIgniter.php(482): CodeIgniter\CodeIgniter->runController(Object(App\Controllers\Pelanggaran))
 6 SYSTEMPATH\CodeIgniter.php(351): CodeIgniter\CodeIgniter->handleRequest(null, Object(Config\Cache), false)
 7 FCPATH\index.php(67): CodeIgniter\CodeIgniter->run()
CRITICAL - 2022-12-21 19:01:02 --> Invalid file: pelanggar/jenisPelanggaran.php
in SYSTEMPATH\Exceptions\FrameworkException.php on line 33.
 1 SYSTEMPATH\View\View.php(201): CodeIgniter\Exceptions\FrameworkException::forInvalidFile('pelanggar/jenisPelanggaran.php')
 2 SYSTEMPATH\Common.php(1134): CodeIgniter\View\View->render('pelanggar/jenisPelanggaran', [], true)
 3 APPPATH\Controllers\Pelanggaran.php(28): view('pelanggar/jenisPelanggaran', [...])
 4 SYSTEMPATH\CodeIgniter.php(927): App\Controllers\Pelanggaran->new()
 5 SYSTEMPATH\CodeIgniter.php(482): CodeIgniter\CodeIgniter->runController(Object(App\Controllers\Pelanggaran))
 6 SYSTEMPATH\CodeIgniter.php(351): CodeIgniter\CodeIgniter->handleRequest(null, Object(Config\Cache), false)
 7 FCPATH\index.php(67): CodeIgniter\CodeIgniter->run()
CRITICAL - 2022-12-21 19:02:39 --> Undefined variable $pelakuM
in APPPATH\Views\home\jenisPelanggaran.php on line 184.
 1 APPPATH\Views\home\jenisPelanggaran.php(184): CodeIgniter\Debug\Exceptions->errorHandler(2, 'Undefined variable $pelakuM', 'APPPATH\\Views\\home\\jenisPelanggaran.php', 184)
 2 SYSTEMPATH\View\View.php(213): include('APPPATH\\Views\\home\\jenisPelanggaran.php')
 3 SYSTEMPATH\View\View.php(216): CodeIgniter\View\View->CodeIgniter\View\{closure}()
 4 SYSTEMPATH\Common.php(1134): CodeIgniter\View\View->render('home/jenisPelanggaran', [], true)
 5 APPPATH\Controllers\Home.php(49): view('home/jenisPelanggaran')
 6 SYSTEMPATH\CodeIgniter.php(927): App\Controllers\Home->jenispelanggaran()
 7 SYSTEMPATH\CodeIgniter.php(482): CodeIgniter\CodeIgniter->runController(Object(App\Controllers\Home))
 8 SYSTEMPATH\CodeIgniter.php(351): CodeIgniter\CodeIgniter->handleRequest(null, Object(Config\Cache), false)
 9 FCPATH\index.php(67): CodeIgniter\CodeIgniter->run()
CRITICAL - 2022-12-21 19:02:43 --> Undefined variable $pelakuM
in APPPATH\Views\home\jenisPelanggaran.php on line 184.
 1 APPPATH\Views\home\jenisPelanggaran.php(184): CodeIgniter\Debug\Exceptions->errorHandler(2, 'Undefined variable $pelakuM', 'APPPATH\\Views\\home\\jenisPelanggaran.php', 184)
 2 SYSTEMPATH\View\View.php(213): include('APPPATH\\Views\\home\\jenisPelanggaran.php')
 3 SYSTEMPATH\View\View.php(216): CodeIgniter\View\View->CodeIgniter\View\{closure}()
 4 SYSTEMPATH\Common.php(1134): CodeIgniter\View\View->render('home/jenisPelanggaran', [], true)
 5 APPPATH\Controllers\Home.php(49): view('home/jenisPelanggaran')
 6 SYSTEMPATH\CodeIgniter.php(927): App\Controllers\Home->jenispelanggaran()
 7 SYSTEMPATH\CodeIgniter.php(482): CodeIgniter\CodeIgniter->runController(Object(App\Controllers\Home))
 8 SYSTEMPATH\CodeIgniter.php(351): CodeIgniter\CodeIgniter->handleRequest(null, Object(Config\Cache), false)
 9 FCPATH\index.php(67): CodeIgniter\CodeIgniter->run()
ERROR - 2022-12-21 19:04:49 --> mysqli_sql_exception: Duplicate entry 'H004' for key 'PRIMARY' in C:\xampp\htdocs\myproject\system\Database\MySQLi\Connection.php:292
Stack trace:
#0 C:\xampp\htdocs\myproject\system\Database\MySQLi\Connection.php(292): mysqli->query('INSERT INTO `tb...', 0)
#1 C:\xampp\htdocs\myproject\system\Database\BaseConnection.php(666): CodeIgniter\Database\MySQLi\Connection->execute('INSERT INTO `tb...')
#2 C:\xampp\htdocs\myproject\system\Database\BaseConnection.php(593): CodeIgniter\Database\BaseConnection->simpleQuery('INSERT INTO `tb...')
#3 C:\xampp\htdocs\myproject\system\Database\BaseBuilder.php(1916): CodeIgniter\Database\BaseConnection->query('INSERT INTO `tb...', Array, false)
#4 C:\xampp\htdocs\myproject\system\Model.php(279): CodeIgniter\Database\BaseBuilder->insert()
#5 C:\xampp\htdocs\myproject\system\BaseModel.php(749): CodeIgniter\Model->doInsert(Array)
#6 C:\xampp\htdocs\myproject\system\Model.php(667): CodeIgniter\BaseModel->insert(Array, false)
#7 C:\xampp\htdocs\myproject\app\Controllers\Home.php(284): CodeIgniter\Model->insert(Array, false)
#8 C:\xampp\htdocs\myproject\system\CodeIgniter.php(927): App\Controllers\Home->simpanjenispelanggaran()
#9 C:\xampp\htdocs\myproject\system\CodeIgniter.php(482): CodeIgniter\CodeIgniter->runController(Object(App\Controllers\Home))
#10 C:\xampp\htdocs\myproject\system\CodeIgniter.php(351): CodeIgniter\CodeIgniter->handleRequest(NULL, Object(Config\Cache), false)
#11 C:\xampp\htdocs\myproject\public\index.php(67): CodeIgniter\CodeIgniter->run()
#12 {main}
CRITICAL - 2022-12-21 19:04:49 --> Duplicate entry 'H004' for key 'PRIMARY'
in SYSTEMPATH\Database\MySQLi\Connection.php on line 292.
 1 SYSTEMPATH\Database\MySQLi\Connection.php(292): mysqli->query('INSERT INTO `tblpelaku` (`idPelaku`) VALUES (\'H004\')', 0)
 2 SYSTEMPATH\Database\BaseConnection.php(666): CodeIgniter\Database\MySQLi\Connection->execute('INSERT INTO `tblpelaku` (`idPelaku`) VALUES (\'H004\')')
 3 SYSTEMPATH\Database\BaseConnection.php(593): CodeIgniter\Database\BaseConnection->simpleQuery('INSERT INTO `tblpelaku` (`idPelaku`) VALUES (\'H004\')')
 4 SYSTEMPATH\Database\BaseBuilder.php(1916): CodeIgniter\Database\BaseConnection->query('INSERT INTO `tblpelaku` (`idPelaku`) VALUES (:idPelaku:)', [...], false)
 5 SYSTEMPATH\Model.php(279): CodeIgniter\Database\BaseBuilder->insert()
 6 SYSTEMPATH\BaseModel.php(749): CodeIgniter\Model->doInsert([...])
 7 SYSTEMPATH\Model.php(667): CodeIgniter\BaseModel->insert([...], false)
 8 APPPATH\Controllers\Home.php(284): CodeIgniter\Model->insert([...], false)
 9 SYSTEMPATH\CodeIgniter.php(927): App\Controllers\Home->simpanjenispelanggaran()
10 SYSTEMPATH\CodeIgniter.php(482): CodeIgniter\CodeIgniter->runController(Object(App\Controllers\Home))
11 SYSTEMPATH\CodeIgniter.php(351): CodeIgniter\CodeIgniter->handleRequest(null, Object(Config\Cache), false)
12 FCPATH\index.php(67): CodeIgniter\CodeIgniter->run()
ERROR - 2022-12-21 19:13:12 --> mysqli_sql_exception: Duplicate entry 'H001' for key 'PRIMARY' in C:\xampp\htdocs\myproject\system\Database\MySQLi\Connection.php:292
Stack trace:
#0 C:\xampp\htdocs\myproject\system\Database\MySQLi\Connection.php(292): mysqli->query('INSERT INTO `tb...', 0)
#1 C:\xampp\htdocs\myproject\system\Database\BaseConnection.php(666): CodeIgniter\Database\MySQLi\Connection->execute('INSERT INTO `tb...')
#2 C:\xampp\htdocs\myproject\system\Database\BaseConnection.php(593): CodeIgniter\Database\BaseConnection->simpleQuery('INSERT INTO `tb...')
#3 C:\xampp\htdocs\myproject\system\Database\BaseBuilder.php(1916): CodeIgniter\Database\BaseConnection->query('INSERT INTO `tb...', Array, false)
#4 C:\xampp\htdocs\myproject\system\Model.php(279): CodeIgniter\Database\BaseBuilder->insert()
#5 C:\xampp\htdocs\myproject\system\BaseModel.php(749): CodeIgniter\Model->doInsert(Array)
#6 C:\xampp\htdocs\myproject\system\Model.php(667): CodeIgniter\BaseModel->insert(Array, false)
#7 C:\xampp\htdocs\myproject\app\Controllers\Pelanggaran.php(54): CodeIgniter\Model->insert(Array, false)
#8 C:\xampp\htdocs\myproject\system\CodeIgniter.php(927): App\Controllers\Pelanggaran->simpanjenispelanggaran()
#9 C:\xampp\htdocs\myproject\system\CodeIgniter.php(482): CodeIgniter\CodeIgniter->runController(Object(App\Controllers\Pelanggaran))
#10 C:\xampp\htdocs\myproject\system\CodeIgniter.php(351): CodeIgniter\CodeIgniter->handleRequest(NULL, Object(Config\Cache), false)
#11 C:\xampp\htdocs\myproject\public\index.php(67): CodeIgniter\CodeIgniter->run()
#12 {main}
CRITICAL - 2022-12-21 19:13:12 --> Duplicate entry 'H001' for key 'PRIMARY'
in SYSTEMPATH\Database\MySQLi\Connection.php on line 292.
 1 SYSTEMPATH\Database\MySQLi\Connection.php(292): mysqli->query('INSERT INTO `tblpelaku` (`idPelaku`) VALUES (\'H001\')', 0)
 2 SYSTEMPATH\Database\BaseConnection.php(666): CodeIgniter\Database\MySQLi\Connection->execute('INSERT INTO `tblpelaku` (`idPelaku`) VALUES (\'H001\')')
 3 SYSTEMPATH\Database\BaseConnection.php(593): CodeIgniter\Database\BaseConnection->simpleQuery('INSERT INTO `tblpelaku` (`idPelaku`) VALUES (\'H001\')')
 4 SYSTEMPATH\Database\BaseBuilder.php(1916): CodeIgniter\Database\BaseConnection->query('INSERT INTO `tblpelaku` (`idPelaku`) VALUES (:idPelaku:)', [...], false)
 5 SYSTEMPATH\Model.php(279): CodeIgniter\Database\BaseBuilder->insert()
 6 SYSTEMPATH\BaseModel.php(749): CodeIgniter\Model->doInsert([...])
 7 SYSTEMPATH\Model.php(667): CodeIgniter\BaseModel->insert([...], false)
 8 APPPATH\Controllers\Pelanggaran.php(54): CodeIgniter\Model->insert([...], false)
 9 SYSTEMPATH\CodeIgniter.php(927): App\Controllers\Pelanggaran->simpanjenispelanggaran()
10 SYSTEMPATH\CodeIgniter.php(482): CodeIgniter\CodeIgniter->runController(Object(App\Controllers\Pelanggaran))
11 SYSTEMPATH\CodeIgniter.php(351): CodeIgniter\CodeIgniter->handleRequest(null, Object(Config\Cache), false)
12 FCPATH\index.php(67): CodeIgniter\CodeIgniter->run()
ERROR - 2022-12-21 19:13:32 --> mysqli_sql_exception: Duplicate entry 'H007' for key 'PRIMARY' in C:\xampp\htdocs\myproject\system\Database\MySQLi\Connection.php:292
Stack trace:
#0 C:\xampp\htdocs\myproject\system\Database\MySQLi\Connection.php(292): mysqli->query('INSERT INTO `tb...', 0)
#1 C:\xampp\htdocs\myproject\system\Database\BaseConnection.php(666): CodeIgniter\Database\MySQLi\Connection->execute('INSERT INTO `tb...')
#2 C:\xampp\htdocs\myproject\system\Database\BaseConnection.php(593): CodeIgniter\Database\BaseConnection->simpleQuery('INSERT INTO `tb...')
#3 C:\xampp\htdocs\myproject\system\Database\BaseBuilder.php(1916): CodeIgniter\Database\BaseConnection->query('INSERT INTO `tb...', Array, false)
#4 C:\xampp\htdocs\myproject\system\Model.php(279): CodeIgniter\Database\BaseBuilder->insert()
#5 C:\xampp\htdocs\myproject\system\BaseModel.php(749): CodeIgniter\Model->doInsert(Array)
#6 C:\xampp\htdocs\myproject\system\Model.php(667): CodeIgniter\BaseModel->insert(Array, false)
#7 C:\xampp\htdocs\myproject\app\Controllers\Pelanggaran.php(54): CodeIgniter\Model->insert(Array, false)
#8 C:\xampp\htdocs\myproject\system\CodeIgniter.php(927): App\Controllers\Pelanggaran->simpanjenispelanggaran()
#9 C:\xampp\htdocs\myproject\system\CodeIgniter.php(482): CodeIgniter\CodeIgniter->runController(Object(App\Controllers\Pelanggaran))
#10 C:\xampp\htdocs\myproject\system\CodeIgniter.php(351): CodeIgniter\CodeIgniter->handleRequest(NULL, Object(Config\Cache), false)
#11 C:\xampp\htdocs\myproject\public\index.php(67): CodeIgniter\CodeIgniter->run()
#12 {main}
CRITICAL - 2022-12-21 19:13:32 --> Duplicate entry 'H007' for key 'PRIMARY'
in SYSTEMPATH\Database\MySQLi\Connection.php on line 292.
 1 SYSTEMPATH\Database\MySQLi\Connection.php(292): mysqli->query('INSERT INTO `tblpelaku` (`idPelaku`) VALUES (\'H007\')', 0)
 2 SYSTEMPATH\Database\BaseConnection.php(666): CodeIgniter\Database\MySQLi\Connection->execute('INSERT INTO `tblpelaku` (`idPelaku`) VALUES (\'H007\')')
 3 SYSTEMPATH\Database\BaseConnection.php(593): CodeIgniter\Database\BaseConnection->simpleQuery('INSERT INTO `tblpelaku` (`idPelaku`) VALUES (\'H007\')')
 4 SYSTEMPATH\Database\BaseBuilder.php(1916): CodeIgniter\Database\BaseConnection->query('INSERT INTO `tblpelaku` (`idPelaku`) VALUES (:idPelaku:)', [...], false)
 5 SYSTEMPATH\Model.php(279): CodeIgniter\Database\BaseBuilder->insert()
 6 SYSTEMPATH\BaseModel.php(749): CodeIgniter\Model->doInsert([...])
 7 SYSTEMPATH\Model.php(667): CodeIgniter\BaseModel->insert([...], false)
 8 APPPATH\Controllers\Pelanggaran.php(54): CodeIgniter\Model->insert([...], false)
 9 SYSTEMPATH\CodeIgniter.php(927): App\Controllers\Pelanggaran->simpanjenispelanggaran()
10 SYSTEMPATH\CodeIgniter.php(482): CodeIgniter\CodeIgniter->runController(Object(App\Controllers\Pelanggaran))
11 SYSTEMPATH\CodeIgniter.php(351): CodeIgniter\CodeIgniter->handleRequest(null, Object(Config\Cache), false)
12 FCPATH\index.php(67): CodeIgniter\CodeIgniter->run()
ERROR - 2022-12-21 19:22:59 --> mysqli_sql_exception: Duplicate entry 'H004' for key 'PRIMARY' in C:\xampp\htdocs\myproject\system\Database\MySQLi\Connection.php:292
Stack trace:
#0 C:\xampp\htdocs\myproject\system\Database\MySQLi\Connection.php(292): mysqli->query('INSERT INTO `tb...', 0)
#1 C:\xampp\htdocs\myproject\system\Database\BaseConnection.php(666): CodeIgniter\Database\MySQLi\Connection->execute('INSERT INTO `tb...')
#2 C:\xampp\htdocs\myproject\system\Database\BaseConnection.php(593): CodeIgniter\Database\BaseConnection->simpleQuery('INSERT INTO `tb...')
#3 C:\xampp\htdocs\myproject\system\Database\BaseBuilder.php(1916): CodeIgniter\Database\BaseConnection->query('INSERT INTO `tb...', Array, false)
#4 C:\xampp\htdocs\myproject\system\Model.php(279): CodeIgniter\Database\BaseBuilder->insert()
#5 C:\xampp\htdocs\myproject\system\BaseModel.php(749): CodeIgniter\Model->doInsert(Array)
#6 C:\xampp\htdocs\myproject\system\Model.php(667): CodeIgniter\BaseModel->insert(Array, false)
#7 C:\xampp\htdocs\myproject\app\Controllers\Pelanggaran.php(77): CodeIgniter\Model->insert(Array, false)
#8 C:\xampp\htdocs\myproject\system\CodeIgniter.php(927): App\Controllers\Pelanggaran->simpanjenispelanggaran()
#9 C:\xampp\htdocs\myproject\system\CodeIgniter.php(482): CodeIgniter\CodeIgniter->runController(Object(App\Controllers\Pelanggaran))
#10 C:\xampp\htdocs\myproject\system\CodeIgniter.php(351): CodeIgniter\CodeIgniter->handleRequest(NULL, Object(Config\Cache), false)
#11 C:\xampp\htdocs\myproject\public\index.php(67): CodeIgniter\CodeIgniter->run()
#12 {main}
CRITICAL - 2022-12-21 19:22:59 --> Duplicate entry 'H004' for key 'PRIMARY'
in SYSTEMPATH\Database\MySQLi\Connection.php on line 292.
 1 SYSTEMPATH\Database\MySQLi\Connection.php(292): mysqli->query('INSERT INTO `tblpelaku` (`idPelaku`) VALUES (\'H004\')', 0)
 2 SYSTEMPATH\Database\BaseConnection.php(666): CodeIgniter\Database\MySQLi\Connection->execute('INSERT INTO `tblpelaku` (`idPelaku`) VALUES (\'H004\')')
 3 SYSTEMPATH\Database\BaseConnection.php(593): CodeIgniter\Database\BaseConnection->simpleQuery('INSERT INTO `tblpelaku` (`idPelaku`) VALUES (\'H004\')')
 4 SYSTEMPATH\Database\BaseBuilder.php(1916): CodeIgniter\Database\BaseConnection->query('INSERT INTO `tblpelaku` (`idPelaku`) VALUES (:idPelaku:)', [...], false)
 5 SYSTEMPATH\Model.php(279): CodeIgniter\Database\BaseBuilder->insert()
 6 SYSTEMPATH\BaseModel.php(749): CodeIgniter\Model->doInsert([...])
 7 SYSTEMPATH\Model.php(667): CodeIgniter\BaseModel->insert([...], false)
 8 APPPATH\Controllers\Pelanggaran.php(77): CodeIgniter\Model->insert([...], false)
 9 SYSTEMPATH\CodeIgniter.php(927): App\Controllers\Pelanggaran->simpanjenispelanggaran()
10 SYSTEMPATH\CodeIgniter.php(482): CodeIgniter\CodeIgniter->runController(Object(App\Controllers\Pelanggaran))
11 SYSTEMPATH\CodeIgniter.php(351): CodeIgniter\CodeIgniter->handleRequest(null, Object(Config\Cache), false)
12 FCPATH\index.php(67): CodeIgniter\CodeIgniter->run()
CRITICAL - 2022-12-21 19:25:06 --> Invalid file: pelanggaran/jenisPelanggaran.php
in SYSTEMPATH\Exceptions\FrameworkException.php on line 33.
 1 SYSTEMPATH\View\View.php(201): CodeIgniter\Exceptions\FrameworkException::forInvalidFile('pelanggaran/jenisPelanggaran.php')
 2 SYSTEMPATH\Common.php(1134): CodeIgniter\View\View->render('pelanggaran/jenisPelanggaran', [], true)
 3 APPPATH\Controllers\Pelanggaran.php(30): view('pelanggaran/jenisPelanggaran', [...])
 4 SYSTEMPATH\CodeIgniter.php(927): App\Controllers\Pelanggaran->index()
 5 SYSTEMPATH\CodeIgniter.php(482): CodeIgniter\CodeIgniter->runController(Object(App\Controllers\Pelanggaran))
 6 SYSTEMPATH\CodeIgniter.php(351): CodeIgniter\CodeIgniter->handleRequest(null, Object(Config\Cache), false)
 7 FCPATH\index.php(67): CodeIgniter\CodeIgniter->run()
CRITICAL - 2022-12-21 19:25:38 --> Invalid file: Pelanggaran/jenisPelanggaran.php
in SYSTEMPATH\Exceptions\FrameworkException.php on line 33.
 1 SYSTEMPATH\View\View.php(201): CodeIgniter\Exceptions\FrameworkException::forInvalidFile('Pelanggaran/jenisPelanggaran.php')
 2 SYSTEMPATH\Common.php(1134): CodeIgniter\View\View->render('Pelanggaran/jenisPelanggaran', [], true)
 3 APPPATH\Controllers\Pelanggaran.php(30): view('Pelanggaran/jenisPelanggaran', [...])
 4 SYSTEMPATH\CodeIgniter.php(927): App\Controllers\Pelanggaran->index()
 5 SYSTEMPATH\CodeIgniter.php(482): CodeIgniter\CodeIgniter->runController(Object(App\Controllers\Pelanggaran))
 6 SYSTEMPATH\CodeIgniter.php(351): CodeIgniter\CodeIgniter->handleRequest(null, Object(Config\Cache), false)
 7 FCPATH\index.php(67): CodeIgniter\CodeIgniter->run()
ERROR - 2022-12-21 19:25:54 --> mysqli_sql_exception: Duplicate entry 'H001' for key 'PRIMARY' in C:\xampp\htdocs\myproject\system\Database\MySQLi\Connection.php:292
Stack trace:
#0 C:\xampp\htdocs\myproject\system\Database\MySQLi\Connection.php(292): mysqli->query('INSERT INTO `tb...', 0)
#1 C:\xampp\htdocs\myproject\system\Database\BaseConnection.php(666): CodeIgniter\Database\MySQLi\Connection->execute('INSERT INTO `tb...')
#2 C:\xampp\htdocs\myproject\system\Database\BaseConnection.php(593): CodeIgniter\Database\BaseConnection->simpleQuery('INSERT INTO `tb...')
#3 C:\xampp\htdocs\myproject\system\Database\BaseBuilder.php(1916): CodeIgniter\Database\BaseConnection->query('INSERT INTO `tb...', Array, false)
#4 C:\xampp\htdocs\myproject\system\Model.php(279): CodeIgniter\Database\BaseBuilder->insert()
#5 C:\xampp\htdocs\myproject\system\BaseModel.php(749): CodeIgniter\Model->doInsert(Array)
#6 C:\xampp\htdocs\myproject\system\Model.php(667): CodeIgniter\BaseModel->insert(Array, false)
#7 C:\xampp\htdocs\myproject\app\Controllers\Pelanggaran.php(83): CodeIgniter\Model->insert(Array, false)
#8 C:\xampp\htdocs\myproject\system\CodeIgniter.php(927): App\Controllers\Pelanggaran->simpanjenispelanggaran()
#9 C:\xampp\htdocs\myproject\system\CodeIgniter.php(482): CodeIgniter\CodeIgniter->runController(Object(App\Controllers\Pelanggaran))
#10 C:\xampp\htdocs\myproject\system\CodeIgniter.php(351): CodeIgniter\CodeIgniter->handleRequest(NULL, Object(Config\Cache), false)
#11 C:\xampp\htdocs\myproject\public\index.php(67): CodeIgniter\CodeIgniter->run()
#12 {main}
CRITICAL - 2022-12-21 19:25:54 --> Duplicate entry 'H001' for key 'PRIMARY'
in SYSTEMPATH\Database\MySQLi\Connection.php on line 292.
 1 SYSTEMPATH\Database\MySQLi\Connection.php(292): mysqli->query('INSERT INTO `tblpelaku` (`idPelaku`) VALUES (\'H001\')', 0)
 2 SYSTEMPATH\Database\BaseConnection.php(666): CodeIgniter\Database\MySQLi\Connection->execute('INSERT INTO `tblpelaku` (`idPelaku`) VALUES (\'H001\')')
 3 SYSTEMPATH\Database\BaseConnection.php(593): CodeIgniter\Database\BaseConnection->simpleQuery('INSERT INTO `tblpelaku` (`idPelaku`) VALUES (\'H001\')')
 4 SYSTEMPATH\Database\BaseBuilder.php(1916): CodeIgniter\Database\BaseConnection->query('INSERT INTO `tblpelaku` (`idPelaku`) VALUES (:idPelaku:)', [...], false)
 5 SYSTEMPATH\Model.php(279): CodeIgniter\Database\BaseBuilder->insert()
 6 SYSTEMPATH\BaseModel.php(749): CodeIgniter\Model->doInsert([...])
 7 SYSTEMPATH\Model.php(667): CodeIgniter\BaseModel->insert([...], false)
 8 APPPATH\Controllers\Pelanggaran.php(83): CodeIgniter\Model->insert([...], false)
 9 SYSTEMPATH\CodeIgniter.php(927): App\Controllers\Pelanggaran->simpanjenispelanggaran()
10 SYSTEMPATH\CodeIgniter.php(482): CodeIgniter\CodeIgniter->runController(Object(App\Controllers\Pelanggaran))
11 SYSTEMPATH\CodeIgniter.php(351): CodeIgniter\CodeIgniter->handleRequest(null, Object(Config\Cache), false)
12 FCPATH\index.php(67): CodeIgniter\CodeIgniter->run()
CRITICAL - 2022-12-21 20:14:10 --> Call to undefined method CodeIgniter\Database\MySQLi\Result::limit()
in APPPATH\Models\PelanggaranModel.php on line 52.
 1 APPPATH\Controllers\Pelanggaran.php(48): App\Models\PelanggaranModel->allDispay('ROOTPATH\\public', '0', '10', [...], [...])
 2 SYSTEMPATH\CodeIgniter.php(927): App\Controllers\Pelanggaran->datajenispelanggaran()
 3 SYSTEMPATH\CodeIgniter.php(482): CodeIgniter\CodeIgniter->runController(Object(App\Controllers\Pelanggaran))
 4 SYSTEMPATH\CodeIgniter.php(351): CodeIgniter\CodeIgniter->handleRequest(null, Object(Config\Cache), false)
 5 FCPATH\index.php(67): CodeIgniter\CodeIgniter->run()
CRITICAL - 2022-12-21 20:14:22 --> Call to undefined method CodeIgniter\Database\MySQLi\Result::limit()
in APPPATH\Models\PelanggaranModel.php on line 52.
 1 APPPATH\Controllers\Pelanggaran.php(48): App\Models\PelanggaranModel->allDispay('ROOTPATH\\public', '0', '10', [...], [...])
 2 SYSTEMPATH\CodeIgniter.php(927): App\Controllers\Pelanggaran->datajenispelanggaran()
 3 SYSTEMPATH\CodeIgniter.php(482): CodeIgniter\CodeIgniter->runController(Object(App\Controllers\Pelanggaran))
 4 SYSTEMPATH\CodeIgniter.php(351): CodeIgniter\CodeIgniter->handleRequest(null, Object(Config\Cache), false)
 5 FCPATH\index.php(67): CodeIgniter\CodeIgniter->run()
CRITICAL - 2022-12-21 20:15:01 --> Call to undefined method CodeIgniter\Database\MySQLi\Result::limit()
in APPPATH\Models\PelanggaranModel.php on line 52.
 1 APPPATH\Controllers\Pelanggaran.php(48): App\Models\PelanggaranModel->allDispay('ROOTPATH\\public', '0', '10', [...], [...])
 2 SYSTEMPATH\CodeIgniter.php(927): App\Controllers\Pelanggaran->datajenispelanggaran()
 3 SYSTEMPATH\CodeIgniter.php(482): CodeIgniter\CodeIgniter->runController(Object(App\Controllers\Pelanggaran))
 4 SYSTEMPATH\CodeIgniter.php(351): CodeIgniter\CodeIgniter->handleRequest(null, Object(Config\Cache), false)
 5 FCPATH\index.php(67): CodeIgniter\CodeIgniter->run()
CRITICAL - 2022-12-21 20:15:25 --> Call to undefined method CodeIgniter\Database\MySQLi\Result::limit()
in APPPATH\Models\PelanggaranModel.php on line 52.
 1 APPPATH\Controllers\Pelanggaran.php(48): App\Models\PelanggaranModel->allDispay('ROOTPATH\\public', '0', '10', [...], [...])
 2 SYSTEMPATH\CodeIgniter.php(927): App\Controllers\Pelanggaran->datajenispelanggaran()
 3 SYSTEMPATH\CodeIgniter.php(482): CodeIgniter\CodeIgniter->runController(Object(App\Controllers\Pelanggaran))
 4 SYSTEMPATH\CodeIgniter.php(351): CodeIgniter\CodeIgniter->handleRequest(null, Object(Config\Cache), false)
 5 FCPATH\index.php(67): CodeIgniter\CodeIgniter->run()
CRITICAL - 2022-12-21 20:15:37 --> Call to undefined method CodeIgniter\Database\MySQLi\Result::limit()
in APPPATH\Models\PelanggaranModel.php on line 52.
 1 APPPATH\Controllers\Pelanggaran.php(48): App\Models\PelanggaranModel->allDispay('ROOTPATH\\public', '0', '10', [...], [...])
 2 SYSTEMPATH\CodeIgniter.php(927): App\Controllers\Pelanggaran->datajenispelanggaran()
 3 SYSTEMPATH\CodeIgniter.php(482): CodeIgniter\CodeIgniter->runController(Object(App\Controllers\Pelanggaran))
 4 SYSTEMPATH\CodeIgniter.php(351): CodeIgniter\CodeIgniter->handleRequest(null, Object(Config\Cache), false)
 5 FCPATH\index.php(67): CodeIgniter\CodeIgniter->run()
CRITICAL - 2022-12-21 20:23:18 --> Call to undefined method CodeIgniter\Database\MySQLi\Result::limit()
in APPPATH\Models\PelanggaranModel.php on line 55.
 1 APPPATH\Controllers\Pelanggaran.php(48): App\Models\PelanggaranModel->kategoriDisplay('ROOTPATH\\public', '0', '10', [...], [...])
 2 SYSTEMPATH\CodeIgniter.php(927): App\Controllers\Pelanggaran->datajenispelanggaran()
 3 SYSTEMPATH\CodeIgniter.php(482): CodeIgniter\CodeIgniter->runController(Object(App\Controllers\Pelanggaran))
 4 SYSTEMPATH\CodeIgniter.php(351): CodeIgniter\CodeIgniter->handleRequest(null, Object(Config\Cache), false)
 5 FCPATH\index.php(67): CodeIgniter\CodeIgniter->run()
CRITICAL - 2022-12-21 20:23:30 --> Call to undefined method CodeIgniter\Database\MySQLi\Result::limit()
in APPPATH\Models\PelanggaranModel.php on line 55.
 1 APPPATH\Controllers\Pelanggaran.php(48): App\Models\PelanggaranModel->kategoriDisplay('ROOTPATH\\public', '0', '10', [...], [...])
 2 SYSTEMPATH\CodeIgniter.php(927): App\Controllers\Pelanggaran->datajenispelanggaran()
 3 SYSTEMPATH\CodeIgniter.php(482): CodeIgniter\CodeIgniter->runController(Object(App\Controllers\Pelanggaran))
 4 SYSTEMPATH\CodeIgniter.php(351): CodeIgniter\CodeIgniter->handleRequest(null, Object(Config\Cache), false)
 5 FCPATH\index.php(67): CodeIgniter\CodeIgniter->run()
