ERROR - 2022-12-20 05:25:02 --> mysqli_sql_exception: Unknown column 'pertanyaan' in 'order clause' in C:\xampp\htdocs\myproject\system\Database\MySQLi\Connection.php:292
Stack trace:
#0 C:\xampp\htdocs\myproject\system\Database\MySQLi\Connection.php(292): mysqli->query('SELECT *\nFROM `...', 0)
#1 C:\xampp\htdocs\myproject\system\Database\BaseConnection.php(666): CodeIgniter\Database\MySQLi\Connection->execute('SELECT *\nFROM `...')
#2 C:\xampp\htdocs\myproject\system\Database\BaseConnection.php(593): CodeIgniter\Database\BaseConnection->simpleQuery('SELECT *\nFROM `...')
#3 C:\xampp\htdocs\myproject\system\Database\BaseBuilder.php(1585): CodeIgniter\Database\BaseConnection->query('SELECT *\nFROM `...', Array, false)
#4 C:\xampp\htdocs\myproject\app\Models\UserModel.php(56): CodeIgniter\Database\BaseBuilder->get()
#5 C:\xampp\htdocs\myproject\app\Controllers\Home.php(44): App\Models\UserModel->UserDisplay('', '0', '10', Array, Array)
#6 C:\xampp\htdocs\myproject\system\CodeIgniter.php(927): App\Controllers\Home->dataAjax()
#7 C:\xampp\htdocs\myproject\system\CodeIgniter.php(482): CodeIgniter\CodeIgniter->runController(Object(App\Controllers\Home))
#8 C:\xampp\htdocs\myproject\system\CodeIgniter.php(351): CodeIgniter\CodeIgniter->handleRequest(NULL, Object(Config\Cache), false)
#9 C:\xampp\htdocs\myproject\public\index.php(67): CodeIgniter\CodeIgniter->run()
#10 {main}
CRITICAL - 2022-12-20 05:25:02 --> Unknown column 'pertanyaan' in 'order clause'
in SYSTEMPATH\Database\MySQLi\Connection.php on line 292.
 1 SYSTEMPATH\Database\MySQLi\Connection.php(292): mysqli->query('SELECT *
FROM `tbluser`
ORDER BY `pertanyaan` ASC
 LIMIT 10', 0)
 2 SYSTEMPATH\Database\BaseConnection.php(666): CodeIgniter\Database\MySQLi\Connection->execute('SELECT *
FROM `tbluser`
ORDER BY `pertanyaan` ASC
 LIMIT 10')
 3 SYSTEMPATH\Database\BaseConnection.php(593): CodeIgniter\Database\BaseConnection->simpleQuery('SELECT *
FROM `tbluser`
ORDER BY `pertanyaan` ASC
 LIMIT 10')
 4 SYSTEMPATH\Database\BaseBuilder.php(1585): CodeIgniter\Database\BaseConnection->query('SELECT *
FROM `tbluser`
ORDER BY `pertanyaan` ASC
 LIMIT 10', [], false)
 5 APPPATH\Models\UserModel.php(56): CodeIgniter\Database\BaseBuilder->get()
 6 APPPATH\Controllers\Home.php(44): App\Models\UserModel->UserDisplay('ROOTPATH\\public', '0', '10', [...], [...])
 7 SYSTEMPATH\CodeIgniter.php(927): App\Controllers\Home->dataAjax()
 8 SYSTEMPATH\CodeIgniter.php(482): CodeIgniter\CodeIgniter->runController(Object(App\Controllers\Home))
 9 SYSTEMPATH\CodeIgniter.php(351): CodeIgniter\CodeIgniter->handleRequest(null, Object(Config\Cache), false)
10 FCPATH\index.php(67): CodeIgniter\CodeIgniter->run()
CRITICAL - 2022-12-20 05:26:33 --> Call to undefined method App\Models\UserModel::serDisplay
in SYSTEMPATH\Model.php on line 774.
 1 APPPATH\Controllers\Home.php(44): CodeIgniter\Model->__call('serDisplay', [...])
 2 SYSTEMPATH\CodeIgniter.php(927): App\Controllers\Home->dataAjax()
 3 SYSTEMPATH\CodeIgniter.php(482): CodeIgniter\CodeIgniter->runController(Object(App\Controllers\Home))
 4 SYSTEMPATH\CodeIgniter.php(351): CodeIgniter\CodeIgniter->handleRequest(null, Object(Config\Cache), false)
 5 FCPATH\index.php(67): CodeIgniter\CodeIgniter->run()
ERROR - 2022-12-20 05:27:49 --> mysqli_sql_exception: Unknown column 'pertanyaan' in 'order clause' in C:\xampp\htdocs\myproject\system\Database\MySQLi\Connection.php:292
Stack trace:
#0 C:\xampp\htdocs\myproject\system\Database\MySQLi\Connection.php(292): mysqli->query('SELECT *\nFROM `...', 0)
#1 C:\xampp\htdocs\myproject\system\Database\BaseConnection.php(666): CodeIgniter\Database\MySQLi\Connection->execute('SELECT *\nFROM `...')
#2 C:\xampp\htdocs\myproject\system\Database\BaseConnection.php(593): CodeIgniter\Database\BaseConnection->simpleQuery('SELECT *\nFROM `...')
#3 C:\xampp\htdocs\myproject\system\Database\BaseBuilder.php(1585): CodeIgniter\Database\BaseConnection->query('SELECT *\nFROM `...', Array, false)
#4 C:\xampp\htdocs\myproject\app\Models\UserModel.php(56): CodeIgniter\Database\BaseBuilder->get()
#5 C:\xampp\htdocs\myproject\app\Controllers\Home.php(44): App\Models\UserModel->userDisplay('', '0', '10', Array, Array)
#6 C:\xampp\htdocs\myproject\system\CodeIgniter.php(927): App\Controllers\Home->dataAjax()
#7 C:\xampp\htdocs\myproject\system\CodeIgniter.php(482): CodeIgniter\CodeIgniter->runController(Object(App\Controllers\Home))
#8 C:\xampp\htdocs\myproject\system\CodeIgniter.php(351): CodeIgniter\CodeIgniter->handleRequest(NULL, Object(Config\Cache), false)
#9 C:\xampp\htdocs\myproject\public\index.php(67): CodeIgniter\CodeIgniter->run()
#10 {main}
CRITICAL - 2022-12-20 05:27:49 --> Unknown column 'pertanyaan' in 'order clause'
in SYSTEMPATH\Database\MySQLi\Connection.php on line 292.
 1 SYSTEMPATH\Database\MySQLi\Connection.php(292): mysqli->query('SELECT *
FROM `tbluser`
ORDER BY `pertanyaan` ASC
 LIMIT 10', 0)
 2 SYSTEMPATH\Database\BaseConnection.php(666): CodeIgniter\Database\MySQLi\Connection->execute('SELECT *
FROM `tbluser`
ORDER BY `pertanyaan` ASC
 LIMIT 10')
 3 SYSTEMPATH\Database\BaseConnection.php(593): CodeIgniter\Database\BaseConnection->simpleQuery('SELECT *
FROM `tbluser`
ORDER BY `pertanyaan` ASC
 LIMIT 10')
 4 SYSTEMPATH\Database\BaseBuilder.php(1585): CodeIgniter\Database\BaseConnection->query('SELECT *
FROM `tbluser`
ORDER BY `pertanyaan` ASC
 LIMIT 10', [], false)
 5 APPPATH\Models\UserModel.php(56): CodeIgniter\Database\BaseBuilder->get()
 6 APPPATH\Controllers\Home.php(44): App\Models\UserModel->userDisplay('ROOTPATH\\public', '0', '10', [...], [...])
 7 SYSTEMPATH\CodeIgniter.php(927): App\Controllers\Home->dataAjax()
 8 SYSTEMPATH\CodeIgniter.php(482): CodeIgniter\CodeIgniter->runController(Object(App\Controllers\Home))
 9 SYSTEMPATH\CodeIgniter.php(351): CodeIgniter\CodeIgniter->handleRequest(null, Object(Config\Cache), false)
10 FCPATH\index.php(67): CodeIgniter\CodeIgniter->run()
ERROR - 2022-12-20 05:28:29 --> mysqli_sql_exception: Unknown column 'pertanyaan' in 'order clause' in C:\xampp\htdocs\myproject\system\Database\MySQLi\Connection.php:292
Stack trace:
#0 C:\xampp\htdocs\myproject\system\Database\MySQLi\Connection.php(292): mysqli->query('SELECT *\nFROM `...', 0)
#1 C:\xampp\htdocs\myproject\system\Database\BaseConnection.php(666): CodeIgniter\Database\MySQLi\Connection->execute('SELECT *\nFROM `...')
#2 C:\xampp\htdocs\myproject\system\Database\BaseConnection.php(593): CodeIgniter\Database\BaseConnection->simpleQuery('SELECT *\nFROM `...')
#3 C:\xampp\htdocs\myproject\system\Database\BaseBuilder.php(1585): CodeIgniter\Database\BaseConnection->query('SELECT *\nFROM `...', Array, false)
#4 C:\xampp\htdocs\myproject\app\Models\UserModel.php(56): CodeIgniter\Database\BaseBuilder->get()
#5 C:\xampp\htdocs\myproject\app\Controllers\Home.php(44): App\Models\UserModel->userDisplay('', '0', '10', Array, Array)
#6 C:\xampp\htdocs\myproject\system\CodeIgniter.php(927): App\Controllers\Home->dataAjax()
#7 C:\xampp\htdocs\myproject\system\CodeIgniter.php(482): CodeIgniter\CodeIgniter->runController(Object(App\Controllers\Home))
#8 C:\xampp\htdocs\myproject\system\CodeIgniter.php(351): CodeIgniter\CodeIgniter->handleRequest(NULL, Object(Config\Cache), false)
#9 C:\xampp\htdocs\myproject\public\index.php(67): CodeIgniter\CodeIgniter->run()
#10 {main}
CRITICAL - 2022-12-20 05:28:29 --> Unknown column 'pertanyaan' in 'order clause'
in SYSTEMPATH\Database\MySQLi\Connection.php on line 292.
 1 SYSTEMPATH\Database\MySQLi\Connection.php(292): mysqli->query('SELECT *
FROM `tbluser`
ORDER BY `pertanyaan` ASC
 LIMIT 10', 0)
 2 SYSTEMPATH\Database\BaseConnection.php(666): CodeIgniter\Database\MySQLi\Connection->execute('SELECT *
FROM `tbluser`
ORDER BY `pertanyaan` ASC
 LIMIT 10')
 3 SYSTEMPATH\Database\BaseConnection.php(593): CodeIgniter\Database\BaseConnection->simpleQuery('SELECT *
FROM `tbluser`
ORDER BY `pertanyaan` ASC
 LIMIT 10')
 4 SYSTEMPATH\Database\BaseBuilder.php(1585): CodeIgniter\Database\BaseConnection->query('SELECT *
FROM `tbluser`
ORDER BY `pertanyaan` ASC
 LIMIT 10', [], false)
 5 APPPATH\Models\UserModel.php(56): CodeIgniter\Database\BaseBuilder->get()
 6 APPPATH\Controllers\Home.php(44): App\Models\UserModel->userDisplay('ROOTPATH\\public', '0', '10', [...], [...])
 7 SYSTEMPATH\CodeIgniter.php(927): App\Controllers\Home->dataAjax()
 8 SYSTEMPATH\CodeIgniter.php(482): CodeIgniter\CodeIgniter->runController(Object(App\Controllers\Home))
 9 SYSTEMPATH\CodeIgniter.php(351): CodeIgniter\CodeIgniter->handleRequest(null, Object(Config\Cache), false)
10 FCPATH\index.php(67): CodeIgniter\CodeIgniter->run()
CRITICAL - 2022-12-20 05:41:59 --> Undefined array key "username"
in APPPATH\Controllers\Home.php on line 97.
 1 APPPATH\Controllers\Home.php(97): CodeIgniter\Debug\Exceptions->errorHandler(2, 'Undefined array key "username"', 'APPPATH\\Controllers\\Home.php', 97)
 2 SYSTEMPATH\CodeIgniter.php(927): App\Controllers\Home->simpan()
 3 SYSTEMPATH\CodeIgniter.php(482): CodeIgniter\CodeIgniter->runController(Object(App\Controllers\Home))
 4 SYSTEMPATH\CodeIgniter.php(351): CodeIgniter\CodeIgniter->handleRequest(null, Object(Config\Cache), false)
 5 FCPATH\index.php(67): CodeIgniter\CodeIgniter->run()
CRITICAL - 2022-12-20 05:43:54 --> Undefined array key "username"
in APPPATH\Controllers\Home.php on line 97.
 1 APPPATH\Controllers\Home.php(97): CodeIgniter\Debug\Exceptions->errorHandler(2, 'Undefined array key "username"', 'APPPATH\\Controllers\\Home.php', 97)
 2 SYSTEMPATH\CodeIgniter.php(927): App\Controllers\Home->simpan()
 3 SYSTEMPATH\CodeIgniter.php(482): CodeIgniter\CodeIgniter->runController(Object(App\Controllers\Home))
 4 SYSTEMPATH\CodeIgniter.php(351): CodeIgniter\CodeIgniter->handleRequest(null, Object(Config\Cache), false)
 5 FCPATH\index.php(67): CodeIgniter\CodeIgniter->run()
CRITICAL - 2022-12-20 06:24:11 --> Undefined array key "idPertanyaan"
in APPPATH\Controllers\Home.php on line 122.
 1 APPPATH\Controllers\Home.php(122): CodeIgniter\Debug\Exceptions->errorHandler(2, 'Undefined array key "idPertanyaan"', 'APPPATH\\Controllers\\Home.php', 122)
 2 SYSTEMPATH\CodeIgniter.php(927): App\Controllers\Home->simpanMbti()
 3 SYSTEMPATH\CodeIgniter.php(482): CodeIgniter\CodeIgniter->runController(Object(App\Controllers\Home))
 4 SYSTEMPATH\CodeIgniter.php(351): CodeIgniter\CodeIgniter->handleRequest(null, Object(Config\Cache), false)
 5 FCPATH\index.php(67): CodeIgniter\CodeIgniter->run()
CRITICAL - 2022-12-20 06:24:15 --> Undefined array key "idPertanyaan"
in APPPATH\Controllers\Home.php on line 122.
 1 APPPATH\Controllers\Home.php(122): CodeIgniter\Debug\Exceptions->errorHandler(2, 'Undefined array key "idPertanyaan"', 'APPPATH\\Controllers\\Home.php', 122)
 2 SYSTEMPATH\CodeIgniter.php(927): App\Controllers\Home->simpanMbti()
 3 SYSTEMPATH\CodeIgniter.php(482): CodeIgniter\CodeIgniter->runController(Object(App\Controllers\Home))
 4 SYSTEMPATH\CodeIgniter.php(351): CodeIgniter\CodeIgniter->handleRequest(null, Object(Config\Cache), false)
 5 FCPATH\index.php(67): CodeIgniter\CodeIgniter->run()
CRITICAL - 2022-12-20 06:41:21 --> There is no data to insert.
in SYSTEMPATH\BaseModel.php on line 729.
 1 SYSTEMPATH\BaseModel.php(729): CodeIgniter\Database\Exceptions\DataException::forEmptyDataset('insert')
 2 SYSTEMPATH\Model.php(667): CodeIgniter\BaseModel->insert([], false)
 3 APPPATH\Controllers\Home.php(125): CodeIgniter\Model->insert([...], false)
 4 SYSTEMPATH\CodeIgniter.php(927): App\Controllers\Home->simpanmbti()
 5 SYSTEMPATH\CodeIgniter.php(482): CodeIgniter\CodeIgniter->runController(Object(App\Controllers\Home))
 6 SYSTEMPATH\CodeIgniter.php(351): CodeIgniter\CodeIgniter->handleRequest(null, Object(Config\Cache), false)
 7 FCPATH\index.php(67): CodeIgniter\CodeIgniter->run()
CRITICAL - 2022-12-20 06:50:16 --> There is no data to insert.
in SYSTEMPATH\BaseModel.php on line 729.
 1 SYSTEMPATH\BaseModel.php(729): CodeIgniter\Database\Exceptions\DataException::forEmptyDataset('insert')
 2 SYSTEMPATH\Model.php(667): CodeIgniter\BaseModel->insert([], false)
 3 APPPATH\Controllers\Home.php(126): CodeIgniter\Model->insert([...], false)
 4 SYSTEMPATH\CodeIgniter.php(927): App\Controllers\Home->simpanmbti()
 5 SYSTEMPATH\CodeIgniter.php(482): CodeIgniter\CodeIgniter->runController(Object(App\Controllers\Home))
 6 SYSTEMPATH\CodeIgniter.php(351): CodeIgniter\CodeIgniter->handleRequest(null, Object(Config\Cache), false)
 7 FCPATH\index.php(67): CodeIgniter\CodeIgniter->run()
CRITICAL - 2022-12-20 06:51:15 --> There is no data to insert.
in SYSTEMPATH\BaseModel.php on line 729.
 1 SYSTEMPATH\BaseModel.php(729): CodeIgniter\Database\Exceptions\DataException::forEmptyDataset('insert')
 2 SYSTEMPATH\Model.php(667): CodeIgniter\BaseModel->insert([], false)
 3 APPPATH\Controllers\Home.php(126): CodeIgniter\Model->insert([...], false)
 4 SYSTEMPATH\CodeIgniter.php(927): App\Controllers\Home->simpanmbti()
 5 SYSTEMPATH\CodeIgniter.php(482): CodeIgniter\CodeIgniter->runController(Object(App\Controllers\Home))
 6 SYSTEMPATH\CodeIgniter.php(351): CodeIgniter\CodeIgniter->handleRequest(null, Object(Config\Cache), false)
 7 FCPATH\index.php(67): CodeIgniter\CodeIgniter->run()
CRITICAL - 2022-12-20 07:04:06 --> Undefined array key "username"
in APPPATH\Controllers\Home.php on line 97.
 1 APPPATH\Controllers\Home.php(97): CodeIgniter\Debug\Exceptions->errorHandler(2, 'Undefined array key "username"', 'APPPATH\\Controllers\\Home.php', 97)
 2 SYSTEMPATH\CodeIgniter.php(927): App\Controllers\Home->simpan()
 3 SYSTEMPATH\CodeIgniter.php(482): CodeIgniter\CodeIgniter->runController(Object(App\Controllers\Home))
 4 SYSTEMPATH\CodeIgniter.php(351): CodeIgniter\CodeIgniter->handleRequest(null, Object(Config\Cache), false)
 5 FCPATH\index.php(67): CodeIgniter\CodeIgniter->run()
ERROR - 2022-12-20 07:50:39 --> mysqli_sql_exception: Unknown column 'username' in 'order clause' in C:\xampp\htdocs\myproject\system\Database\MySQLi\Connection.php:292
Stack trace:
#0 C:\xampp\htdocs\myproject\system\Database\MySQLi\Connection.php(292): mysqli->query('SELECT *\nFROM `...', 0)
#1 C:\xampp\htdocs\myproject\system\Database\BaseConnection.php(666): CodeIgniter\Database\MySQLi\Connection->execute('SELECT *\nFROM `...')
#2 C:\xampp\htdocs\myproject\system\Database\BaseConnection.php(593): CodeIgniter\Database\BaseConnection->simpleQuery('SELECT *\nFROM `...')
#3 C:\xampp\htdocs\myproject\system\Database\BaseBuilder.php(1585): CodeIgniter\Database\BaseConnection->query('SELECT *\nFROM `...', Array, false)
#4 C:\xampp\htdocs\myproject\app\Models\UserModel.php(80): CodeIgniter\Database\BaseBuilder->get()
#5 C:\xampp\htdocs\myproject\app\Controllers\Home.php(71): App\Models\UserModel->kategoriDisplay('', '0', '10', Array, Array)
#6 C:\xampp\htdocs\myproject\system\CodeIgniter.php(927): App\Controllers\Home->dataKategori()
#7 C:\xampp\htdocs\myproject\system\CodeIgniter.php(482): CodeIgniter\CodeIgniter->runController(Object(App\Controllers\Home))
#8 C:\xampp\htdocs\myproject\system\CodeIgniter.php(351): CodeIgniter\CodeIgniter->handleRequest(NULL, Object(Config\Cache), false)
#9 C:\xampp\htdocs\myproject\public\index.php(67): CodeIgniter\CodeIgniter->run()
#10 {main}
CRITICAL - 2022-12-20 07:50:39 --> Unknown column 'username' in 'order clause'
in SYSTEMPATH\Database\MySQLi\Connection.php on line 292.
 1 SYSTEMPATH\Database\MySQLi\Connection.php(292): mysqli->query('SELECT *
FROM `tblkategori`
ORDER BY `username` ASC
 LIMIT 10', 0)
 2 SYSTEMPATH\Database\BaseConnection.php(666): CodeIgniter\Database\MySQLi\Connection->execute('SELECT *
FROM `tblkategori`
ORDER BY `username` ASC
 LIMIT 10')
 3 SYSTEMPATH\Database\BaseConnection.php(593): CodeIgniter\Database\BaseConnection->simpleQuery('SELECT *
FROM `tblkategori`
ORDER BY `username` ASC
 LIMIT 10')
 4 SYSTEMPATH\Database\BaseBuilder.php(1585): CodeIgniter\Database\BaseConnection->query('SELECT *
FROM `tblkategori`
ORDER BY `username` ASC
 LIMIT 10', [], false)
 5 APPPATH\Models\UserModel.php(80): CodeIgniter\Database\BaseBuilder->get()
 6 APPPATH\Controllers\Home.php(71): App\Models\UserModel->kategoriDisplay('ROOTPATH\\public', '0', '10', [...], [...])
 7 SYSTEMPATH\CodeIgniter.php(927): App\Controllers\Home->dataKategori()
 8 SYSTEMPATH\CodeIgniter.php(482): CodeIgniter\CodeIgniter->runController(Object(App\Controllers\Home))
 9 SYSTEMPATH\CodeIgniter.php(351): CodeIgniter\CodeIgniter->handleRequest(null, Object(Config\Cache), false)
10 FCPATH\index.php(67): CodeIgniter\CodeIgniter->run()
CRITICAL - 2022-12-20 07:57:53 --> There is no data to insert.
in SYSTEMPATH\BaseModel.php on line 729.
 1 SYSTEMPATH\BaseModel.php(729): CodeIgniter\Database\Exceptions\DataException::forEmptyDataset('insert')
 2 SYSTEMPATH\Model.php(667): CodeIgniter\BaseModel->insert([], false)
 3 APPPATH\Controllers\Home.php(173): CodeIgniter\Model->insert([...], false)
 4 SYSTEMPATH\CodeIgniter.php(927): App\Controllers\Home->simpanmbti()
 5 SYSTEMPATH\CodeIgniter.php(482): CodeIgniter\CodeIgniter->runController(Object(App\Controllers\Home))
 6 SYSTEMPATH\CodeIgniter.php(351): CodeIgniter\CodeIgniter->handleRequest(null, Object(Config\Cache), false)
 7 FCPATH\index.php(67): CodeIgniter\CodeIgniter->run()
CRITICAL - 2022-12-20 08:00:53 --> There is no data to insert.
in SYSTEMPATH\BaseModel.php on line 729.
 1 SYSTEMPATH\BaseModel.php(729): CodeIgniter\Database\Exceptions\DataException::forEmptyDataset('insert')
 2 SYSTEMPATH\Model.php(667): CodeIgniter\BaseModel->insert([], false)
 3 APPPATH\Controllers\Home.php(152): CodeIgniter\Model->insert([...], false)
 4 SYSTEMPATH\CodeIgniter.php(927): App\Controllers\Home->simpanKategori()
 5 SYSTEMPATH\CodeIgniter.php(482): CodeIgniter\CodeIgniter->runController(Object(App\Controllers\Home))
 6 SYSTEMPATH\CodeIgniter.php(351): CodeIgniter\CodeIgniter->handleRequest(null, Object(Config\Cache), false)
 7 FCPATH\index.php(67): CodeIgniter\CodeIgniter->run()
ERROR - 2022-12-20 08:12:12 --> mysqli_sql_exception: Unknown column 'idKategori' in 'where clause' in C:\xampp\htdocs\myproject\system\Database\MySQLi\Connection.php:292
Stack trace:
#0 C:\xampp\htdocs\myproject\system\Database\MySQLi\Connection.php(292): mysqli->query('DELETE FROM `tb...', 0)
#1 C:\xampp\htdocs\myproject\system\Database\BaseConnection.php(666): CodeIgniter\Database\MySQLi\Connection->execute('DELETE FROM `tb...')
#2 C:\xampp\htdocs\myproject\system\Database\BaseConnection.php(593): CodeIgniter\Database\BaseConnection->simpleQuery('DELETE FROM `tb...')
#3 C:\xampp\htdocs\myproject\system\Database\BaseBuilder.php(2391): CodeIgniter\Database\BaseConnection->query('DELETE FROM `tb...', Array, false)
#4 C:\xampp\htdocs\myproject\system\Model.php(401): CodeIgniter\Database\BaseBuilder->delete()
#5 C:\xampp\htdocs\myproject\system\BaseModel.php(984): CodeIgniter\Model->doDelete(NULL, false)
#6 C:\xampp\htdocs\myproject\app\Controllers\Home.php(125): CodeIgniter\BaseModel->delete()
#7 C:\xampp\htdocs\myproject\system\CodeIgniter.php(927): App\Controllers\Home->hapusKategori()
#8 C:\xampp\htdocs\myproject\system\CodeIgniter.php(482): CodeIgniter\CodeIgniter->runController(Object(App\Controllers\Home))
#9 C:\xampp\htdocs\myproject\system\CodeIgniter.php(351): CodeIgniter\CodeIgniter->handleRequest(NULL, Object(Config\Cache), false)
#10 C:\xampp\htdocs\myproject\public\index.php(67): CodeIgniter\CodeIgniter->run()
#11 {main}
CRITICAL - 2022-12-20 08:12:12 --> Unknown column 'idKategori' in 'where clause'
in SYSTEMPATH\Database\MySQLi\Connection.php on line 292.
 1 SYSTEMPATH\Database\MySQLi\Connection.php(292): mysqli->query('DELETE FROM `tbluser`
WHERE `idKategori` = \'1\'', 0)
 2 SYSTEMPATH\Database\BaseConnection.php(666): CodeIgniter\Database\MySQLi\Connection->execute('DELETE FROM `tbluser`
WHERE `idKategori` = \'1\'')
 3 SYSTEMPATH\Database\BaseConnection.php(593): CodeIgniter\Database\BaseConnection->simpleQuery('DELETE FROM `tbluser`
WHERE `idKategori` = \'1\'')
 4 SYSTEMPATH\Database\BaseBuilder.php(2391): CodeIgniter\Database\BaseConnection->query('DELETE FROM `tbluser`
WHERE `idKategori` = :idKategori:', [...], false)
 5 SYSTEMPATH\Model.php(401): CodeIgniter\Database\BaseBuilder->delete()
 6 SYSTEMPATH\BaseModel.php(984): CodeIgniter\Model->doDelete(null, false)
 7 APPPATH\Controllers\Home.php(125): CodeIgniter\BaseModel->delete()
 8 SYSTEMPATH\CodeIgniter.php(927): App\Controllers\Home->hapusKategori()
 9 SYSTEMPATH\CodeIgniter.php(482): CodeIgniter\CodeIgniter->runController(Object(App\Controllers\Home))
10 SYSTEMPATH\CodeIgniter.php(351): CodeIgniter\CodeIgniter->handleRequest(null, Object(Config\Cache), false)
11 FCPATH\index.php(67): CodeIgniter\CodeIgniter->run()
ERROR - 2022-12-20 08:12:12 --> mysqli_sql_exception: Unknown column 'idKategori' in 'where clause' in C:\xampp\htdocs\myproject\system\Database\MySQLi\Connection.php:292
Stack trace:
#0 C:\xampp\htdocs\myproject\system\Database\MySQLi\Connection.php(292): mysqli->query('DELETE FROM `tb...', 0)
#1 C:\xampp\htdocs\myproject\system\Database\BaseConnection.php(666): CodeIgniter\Database\MySQLi\Connection->execute('DELETE FROM `tb...')
#2 C:\xampp\htdocs\myproject\system\Database\BaseConnection.php(593): CodeIgniter\Database\BaseConnection->simpleQuery('DELETE FROM `tb...')
#3 C:\xampp\htdocs\myproject\system\Database\BaseBuilder.php(2391): CodeIgniter\Database\BaseConnection->query('DELETE FROM `tb...', Array, false)
#4 C:\xampp\htdocs\myproject\system\Model.php(401): CodeIgniter\Database\BaseBuilder->delete()
#5 C:\xampp\htdocs\myproject\system\BaseModel.php(984): CodeIgniter\Model->doDelete(NULL, false)
#6 C:\xampp\htdocs\myproject\app\Controllers\Home.php(125): CodeIgniter\BaseModel->delete()
#7 C:\xampp\htdocs\myproject\system\CodeIgniter.php(927): App\Controllers\Home->hapusKategori()
#8 C:\xampp\htdocs\myproject\system\CodeIgniter.php(482): CodeIgniter\CodeIgniter->runController(Object(App\Controllers\Home))
#9 C:\xampp\htdocs\myproject\system\CodeIgniter.php(351): CodeIgniter\CodeIgniter->handleRequest(NULL, Object(Config\Cache), false)
#10 C:\xampp\htdocs\myproject\public\index.php(67): CodeIgniter\CodeIgniter->run()
#11 {main}
CRITICAL - 2022-12-20 08:12:12 --> Unknown column 'idKategori' in 'where clause'
in SYSTEMPATH\Database\MySQLi\Connection.php on line 292.
 1 SYSTEMPATH\Database\MySQLi\Connection.php(292): mysqli->query('DELETE FROM `tbluser`
WHERE `idKategori` = \'1\'', 0)
 2 SYSTEMPATH\Database\BaseConnection.php(666): CodeIgniter\Database\MySQLi\Connection->execute('DELETE FROM `tbluser`
WHERE `idKategori` = \'1\'')
 3 SYSTEMPATH\Database\BaseConnection.php(593): CodeIgniter\Database\BaseConnection->simpleQuery('DELETE FROM `tbluser`
WHERE `idKategori` = \'1\'')
 4 SYSTEMPATH\Database\BaseBuilder.php(2391): CodeIgniter\Database\BaseConnection->query('DELETE FROM `tbluser`
WHERE `idKategori` = :idKategori:', [...], false)
 5 SYSTEMPATH\Model.php(401): CodeIgniter\Database\BaseBuilder->delete()
 6 SYSTEMPATH\BaseModel.php(984): CodeIgniter\Model->doDelete(null, false)
 7 APPPATH\Controllers\Home.php(125): CodeIgniter\BaseModel->delete()
 8 SYSTEMPATH\CodeIgniter.php(927): App\Controllers\Home->hapusKategori()
 9 SYSTEMPATH\CodeIgniter.php(482): CodeIgniter\CodeIgniter->runController(Object(App\Controllers\Home))
10 SYSTEMPATH\CodeIgniter.php(351): CodeIgniter\CodeIgniter->handleRequest(null, Object(Config\Cache), false)
11 FCPATH\index.php(67): CodeIgniter\CodeIgniter->run()
ERROR - 2022-12-20 08:12:13 --> mysqli_sql_exception: Unknown column 'idKategori' in 'where clause' in C:\xampp\htdocs\myproject\system\Database\MySQLi\Connection.php:292
Stack trace:
#0 C:\xampp\htdocs\myproject\system\Database\MySQLi\Connection.php(292): mysqli->query('DELETE FROM `tb...', 0)
#1 C:\xampp\htdocs\myproject\system\Database\BaseConnection.php(666): CodeIgniter\Database\MySQLi\Connection->execute('DELETE FROM `tb...')
#2 C:\xampp\htdocs\myproject\system\Database\BaseConnection.php(593): CodeIgniter\Database\BaseConnection->simpleQuery('DELETE FROM `tb...')
#3 C:\xampp\htdocs\myproject\system\Database\BaseBuilder.php(2391): CodeIgniter\Database\BaseConnection->query('DELETE FROM `tb...', Array, false)
#4 C:\xampp\htdocs\myproject\system\Model.php(401): CodeIgniter\Database\BaseBuilder->delete()
#5 C:\xampp\htdocs\myproject\system\BaseModel.php(984): CodeIgniter\Model->doDelete(NULL, false)
#6 C:\xampp\htdocs\myproject\app\Controllers\Home.php(125): CodeIgniter\BaseModel->delete()
#7 C:\xampp\htdocs\myproject\system\CodeIgniter.php(927): App\Controllers\Home->hapusKategori()
#8 C:\xampp\htdocs\myproject\system\CodeIgniter.php(482): CodeIgniter\CodeIgniter->runController(Object(App\Controllers\Home))
#9 C:\xampp\htdocs\myproject\system\CodeIgniter.php(351): CodeIgniter\CodeIgniter->handleRequest(NULL, Object(Config\Cache), false)
#10 C:\xampp\htdocs\myproject\public\index.php(67): CodeIgniter\CodeIgniter->run()
#11 {main}
CRITICAL - 2022-12-20 08:12:13 --> Unknown column 'idKategori' in 'where clause'
in SYSTEMPATH\Database\MySQLi\Connection.php on line 292.
 1 SYSTEMPATH\Database\MySQLi\Connection.php(292): mysqli->query('DELETE FROM `tbluser`
WHERE `idKategori` = \'1\'', 0)
 2 SYSTEMPATH\Database\BaseConnection.php(666): CodeIgniter\Database\MySQLi\Connection->execute('DELETE FROM `tbluser`
WHERE `idKategori` = \'1\'')
 3 SYSTEMPATH\Database\BaseConnection.php(593): CodeIgniter\Database\BaseConnection->simpleQuery('DELETE FROM `tbluser`
WHERE `idKategori` = \'1\'')
 4 SYSTEMPATH\Database\BaseBuilder.php(2391): CodeIgniter\Database\BaseConnection->query('DELETE FROM `tbluser`
WHERE `idKategori` = :idKategori:', [...], false)
 5 SYSTEMPATH\Model.php(401): CodeIgniter\Database\BaseBuilder->delete()
 6 SYSTEMPATH\BaseModel.php(984): CodeIgniter\Model->doDelete(null, false)
 7 APPPATH\Controllers\Home.php(125): CodeIgniter\BaseModel->delete()
 8 SYSTEMPATH\CodeIgniter.php(927): App\Controllers\Home->hapusKategori()
 9 SYSTEMPATH\CodeIgniter.php(482): CodeIgniter\CodeIgniter->runController(Object(App\Controllers\Home))
10 SYSTEMPATH\CodeIgniter.php(351): CodeIgniter\CodeIgniter->handleRequest(null, Object(Config\Cache), false)
11 FCPATH\index.php(67): CodeIgniter\CodeIgniter->run()
ERROR - 2022-12-20 08:12:15 --> mysqli_sql_exception: Unknown column 'idKategori' in 'where clause' in C:\xampp\htdocs\myproject\system\Database\MySQLi\Connection.php:292
Stack trace:
#0 C:\xampp\htdocs\myproject\system\Database\MySQLi\Connection.php(292): mysqli->query('DELETE FROM `tb...', 0)
#1 C:\xampp\htdocs\myproject\system\Database\BaseConnection.php(666): CodeIgniter\Database\MySQLi\Connection->execute('DELETE FROM `tb...')
#2 C:\xampp\htdocs\myproject\system\Database\BaseConnection.php(593): CodeIgniter\Database\BaseConnection->simpleQuery('DELETE FROM `tb...')
#3 C:\xampp\htdocs\myproject\system\Database\BaseBuilder.php(2391): CodeIgniter\Database\BaseConnection->query('DELETE FROM `tb...', Array, false)
#4 C:\xampp\htdocs\myproject\system\Model.php(401): CodeIgniter\Database\BaseBuilder->delete()
#5 C:\xampp\htdocs\myproject\system\BaseModel.php(984): CodeIgniter\Model->doDelete(NULL, false)
#6 C:\xampp\htdocs\myproject\app\Controllers\Home.php(125): CodeIgniter\BaseModel->delete()
#7 C:\xampp\htdocs\myproject\system\CodeIgniter.php(927): App\Controllers\Home->hapusKategori()
#8 C:\xampp\htdocs\myproject\system\CodeIgniter.php(482): CodeIgniter\CodeIgniter->runController(Object(App\Controllers\Home))
#9 C:\xampp\htdocs\myproject\system\CodeIgniter.php(351): CodeIgniter\CodeIgniter->handleRequest(NULL, Object(Config\Cache), false)
#10 C:\xampp\htdocs\myproject\public\index.php(67): CodeIgniter\CodeIgniter->run()
#11 {main}
CRITICAL - 2022-12-20 08:12:15 --> Unknown column 'idKategori' in 'where clause'
in SYSTEMPATH\Database\MySQLi\Connection.php on line 292.
 1 SYSTEMPATH\Database\MySQLi\Connection.php(292): mysqli->query('DELETE FROM `tbluser`
WHERE `idKategori` = \'1\'', 0)
 2 SYSTEMPATH\Database\BaseConnection.php(666): CodeIgniter\Database\MySQLi\Connection->execute('DELETE FROM `tbluser`
WHERE `idKategori` = \'1\'')
 3 SYSTEMPATH\Database\BaseConnection.php(593): CodeIgniter\Database\BaseConnection->simpleQuery('DELETE FROM `tbluser`
WHERE `idKategori` = \'1\'')
 4 SYSTEMPATH\Database\BaseBuilder.php(2391): CodeIgniter\Database\BaseConnection->query('DELETE FROM `tbluser`
WHERE `idKategori` = :idKategori:', [...], false)
 5 SYSTEMPATH\Model.php(401): CodeIgniter\Database\BaseBuilder->delete()
 6 SYSTEMPATH\BaseModel.php(984): CodeIgniter\Model->doDelete(null, false)
 7 APPPATH\Controllers\Home.php(125): CodeIgniter\BaseModel->delete()
 8 SYSTEMPATH\CodeIgniter.php(927): App\Controllers\Home->hapusKategori()
 9 SYSTEMPATH\CodeIgniter.php(482): CodeIgniter\CodeIgniter->runController(Object(App\Controllers\Home))
10 SYSTEMPATH\CodeIgniter.php(351): CodeIgniter\CodeIgniter->handleRequest(null, Object(Config\Cache), false)
11 FCPATH\index.php(67): CodeIgniter\CodeIgniter->run()
ERROR - 2022-12-20 08:12:15 --> mysqli_sql_exception: Unknown column 'idKategori' in 'where clause' in C:\xampp\htdocs\myproject\system\Database\MySQLi\Connection.php:292
Stack trace:
#0 C:\xampp\htdocs\myproject\system\Database\MySQLi\Connection.php(292): mysqli->query('DELETE FROM `tb...', 0)
#1 C:\xampp\htdocs\myproject\system\Database\BaseConnection.php(666): CodeIgniter\Database\MySQLi\Connection->execute('DELETE FROM `tb...')
#2 C:\xampp\htdocs\myproject\system\Database\BaseConnection.php(593): CodeIgniter\Database\BaseConnection->simpleQuery('DELETE FROM `tb...')
#3 C:\xampp\htdocs\myproject\system\Database\BaseBuilder.php(2391): CodeIgniter\Database\BaseConnection->query('DELETE FROM `tb...', Array, false)
#4 C:\xampp\htdocs\myproject\system\Model.php(401): CodeIgniter\Database\BaseBuilder->delete()
#5 C:\xampp\htdocs\myproject\system\BaseModel.php(984): CodeIgniter\Model->doDelete(NULL, false)
#6 C:\xampp\htdocs\myproject\app\Controllers\Home.php(125): CodeIgniter\BaseModel->delete()
#7 C:\xampp\htdocs\myproject\system\CodeIgniter.php(927): App\Controllers\Home->hapusKategori()
#8 C:\xampp\htdocs\myproject\system\CodeIgniter.php(482): CodeIgniter\CodeIgniter->runController(Object(App\Controllers\Home))
#9 C:\xampp\htdocs\myproject\system\CodeIgniter.php(351): CodeIgniter\CodeIgniter->handleRequest(NULL, Object(Config\Cache), false)
#10 C:\xampp\htdocs\myproject\public\index.php(67): CodeIgniter\CodeIgniter->run()
#11 {main}
CRITICAL - 2022-12-20 08:12:15 --> Unknown column 'idKategori' in 'where clause'
in SYSTEMPATH\Database\MySQLi\Connection.php on line 292.
 1 SYSTEMPATH\Database\MySQLi\Connection.php(292): mysqli->query('DELETE FROM `tbluser`
WHERE `idKategori` = \'1\'', 0)
 2 SYSTEMPATH\Database\BaseConnection.php(666): CodeIgniter\Database\MySQLi\Connection->execute('DELETE FROM `tbluser`
WHERE `idKategori` = \'1\'')
 3 SYSTEMPATH\Database\BaseConnection.php(593): CodeIgniter\Database\BaseConnection->simpleQuery('DELETE FROM `tbluser`
WHERE `idKategori` = \'1\'')
 4 SYSTEMPATH\Database\BaseBuilder.php(2391): CodeIgniter\Database\BaseConnection->query('DELETE FROM `tbluser`
WHERE `idKategori` = :idKategori:', [...], false)
 5 SYSTEMPATH\Model.php(401): CodeIgniter\Database\BaseBuilder->delete()
 6 SYSTEMPATH\BaseModel.php(984): CodeIgniter\Model->doDelete(null, false)
 7 APPPATH\Controllers\Home.php(125): CodeIgniter\BaseModel->delete()
 8 SYSTEMPATH\CodeIgniter.php(927): App\Controllers\Home->hapusKategori()
 9 SYSTEMPATH\CodeIgniter.php(482): CodeIgniter\CodeIgniter->runController(Object(App\Controllers\Home))
10 SYSTEMPATH\CodeIgniter.php(351): CodeIgniter\CodeIgniter->handleRequest(null, Object(Config\Cache), false)
11 FCPATH\index.php(67): CodeIgniter\CodeIgniter->run()
ERROR - 2022-12-20 08:12:16 --> mysqli_sql_exception: Unknown column 'idKategori' in 'where clause' in C:\xampp\htdocs\myproject\system\Database\MySQLi\Connection.php:292
Stack trace:
#0 C:\xampp\htdocs\myproject\system\Database\MySQLi\Connection.php(292): mysqli->query('DELETE FROM `tb...', 0)
#1 C:\xampp\htdocs\myproject\system\Database\BaseConnection.php(666): CodeIgniter\Database\MySQLi\Connection->execute('DELETE FROM `tb...')
#2 C:\xampp\htdocs\myproject\system\Database\BaseConnection.php(593): CodeIgniter\Database\BaseConnection->simpleQuery('DELETE FROM `tb...')
#3 C:\xampp\htdocs\myproject\system\Database\BaseBuilder.php(2391): CodeIgniter\Database\BaseConnection->query('DELETE FROM `tb...', Array, false)
#4 C:\xampp\htdocs\myproject\system\Model.php(401): CodeIgniter\Database\BaseBuilder->delete()
#5 C:\xampp\htdocs\myproject\system\BaseModel.php(984): CodeIgniter\Model->doDelete(NULL, false)
#6 C:\xampp\htdocs\myproject\app\Controllers\Home.php(125): CodeIgniter\BaseModel->delete()
#7 C:\xampp\htdocs\myproject\system\CodeIgniter.php(927): App\Controllers\Home->hapusKategori()
#8 C:\xampp\htdocs\myproject\system\CodeIgniter.php(482): CodeIgniter\CodeIgniter->runController(Object(App\Controllers\Home))
#9 C:\xampp\htdocs\myproject\system\CodeIgniter.php(351): CodeIgniter\CodeIgniter->handleRequest(NULL, Object(Config\Cache), false)
#10 C:\xampp\htdocs\myproject\public\index.php(67): CodeIgniter\CodeIgniter->run()
#11 {main}
CRITICAL - 2022-12-20 08:12:16 --> Unknown column 'idKategori' in 'where clause'
in SYSTEMPATH\Database\MySQLi\Connection.php on line 292.
 1 SYSTEMPATH\Database\MySQLi\Connection.php(292): mysqli->query('DELETE FROM `tbluser`
WHERE `idKategori` = \'1\'', 0)
 2 SYSTEMPATH\Database\BaseConnection.php(666): CodeIgniter\Database\MySQLi\Connection->execute('DELETE FROM `tbluser`
WHERE `idKategori` = \'1\'')
 3 SYSTEMPATH\Database\BaseConnection.php(593): CodeIgniter\Database\BaseConnection->simpleQuery('DELETE FROM `tbluser`
WHERE `idKategori` = \'1\'')
 4 SYSTEMPATH\Database\BaseBuilder.php(2391): CodeIgniter\Database\BaseConnection->query('DELETE FROM `tbluser`
WHERE `idKategori` = :idKategori:', [...], false)
 5 SYSTEMPATH\Model.php(401): CodeIgniter\Database\BaseBuilder->delete()
 6 SYSTEMPATH\BaseModel.php(984): CodeIgniter\Model->doDelete(null, false)
 7 APPPATH\Controllers\Home.php(125): CodeIgniter\BaseModel->delete()
 8 SYSTEMPATH\CodeIgniter.php(927): App\Controllers\Home->hapusKategori()
 9 SYSTEMPATH\CodeIgniter.php(482): CodeIgniter\CodeIgniter->runController(Object(App\Controllers\Home))
10 SYSTEMPATH\CodeIgniter.php(351): CodeIgniter\CodeIgniter->handleRequest(null, Object(Config\Cache), false)
11 FCPATH\index.php(67): CodeIgniter\CodeIgniter->run()
ERROR - 2022-12-20 08:12:16 --> mysqli_sql_exception: Unknown column 'idKategori' in 'where clause' in C:\xampp\htdocs\myproject\system\Database\MySQLi\Connection.php:292
Stack trace:
#0 C:\xampp\htdocs\myproject\system\Database\MySQLi\Connection.php(292): mysqli->query('DELETE FROM `tb...', 0)
#1 C:\xampp\htdocs\myproject\system\Database\BaseConnection.php(666): CodeIgniter\Database\MySQLi\Connection->execute('DELETE FROM `tb...')
#2 C:\xampp\htdocs\myproject\system\Database\BaseConnection.php(593): CodeIgniter\Database\BaseConnection->simpleQuery('DELETE FROM `tb...')
#3 C:\xampp\htdocs\myproject\system\Database\BaseBuilder.php(2391): CodeIgniter\Database\BaseConnection->query('DELETE FROM `tb...', Array, false)
#4 C:\xampp\htdocs\myproject\system\Model.php(401): CodeIgniter\Database\BaseBuilder->delete()
#5 C:\xampp\htdocs\myproject\system\BaseModel.php(984): CodeIgniter\Model->doDelete(NULL, false)
#6 C:\xampp\htdocs\myproject\app\Controllers\Home.php(125): CodeIgniter\BaseModel->delete()
#7 C:\xampp\htdocs\myproject\system\CodeIgniter.php(927): App\Controllers\Home->hapusKategori()
#8 C:\xampp\htdocs\myproject\system\CodeIgniter.php(482): CodeIgniter\CodeIgniter->runController(Object(App\Controllers\Home))
#9 C:\xampp\htdocs\myproject\system\CodeIgniter.php(351): CodeIgniter\CodeIgniter->handleRequest(NULL, Object(Config\Cache), false)
#10 C:\xampp\htdocs\myproject\public\index.php(67): CodeIgniter\CodeIgniter->run()
#11 {main}
CRITICAL - 2022-12-20 08:12:16 --> Unknown column 'idKategori' in 'where clause'
in SYSTEMPATH\Database\MySQLi\Connection.php on line 292.
 1 SYSTEMPATH\Database\MySQLi\Connection.php(292): mysqli->query('DELETE FROM `tbluser`
WHERE `idKategori` = \'1\'', 0)
 2 SYSTEMPATH\Database\BaseConnection.php(666): CodeIgniter\Database\MySQLi\Connection->execute('DELETE FROM `tbluser`
WHERE `idKategori` = \'1\'')
 3 SYSTEMPATH\Database\BaseConnection.php(593): CodeIgniter\Database\BaseConnection->simpleQuery('DELETE FROM `tbluser`
WHERE `idKategori` = \'1\'')
 4 SYSTEMPATH\Database\BaseBuilder.php(2391): CodeIgniter\Database\BaseConnection->query('DELETE FROM `tbluser`
WHERE `idKategori` = :idKategori:', [...], false)
 5 SYSTEMPATH\Model.php(401): CodeIgniter\Database\BaseBuilder->delete()
 6 SYSTEMPATH\BaseModel.php(984): CodeIgniter\Model->doDelete(null, false)
 7 APPPATH\Controllers\Home.php(125): CodeIgniter\BaseModel->delete()
 8 SYSTEMPATH\CodeIgniter.php(927): App\Controllers\Home->hapusKategori()
 9 SYSTEMPATH\CodeIgniter.php(482): CodeIgniter\CodeIgniter->runController(Object(App\Controllers\Home))
10 SYSTEMPATH\CodeIgniter.php(351): CodeIgniter\CodeIgniter->handleRequest(null, Object(Config\Cache), false)
11 FCPATH\index.php(67): CodeIgniter\CodeIgniter->run()
ERROR - 2022-12-20 08:12:17 --> mysqli_sql_exception: Unknown column 'idKategori' in 'where clause' in C:\xampp\htdocs\myproject\system\Database\MySQLi\Connection.php:292
Stack trace:
#0 C:\xampp\htdocs\myproject\system\Database\MySQLi\Connection.php(292): mysqli->query('DELETE FROM `tb...', 0)
#1 C:\xampp\htdocs\myproject\system\Database\BaseConnection.php(666): CodeIgniter\Database\MySQLi\Connection->execute('DELETE FROM `tb...')
#2 C:\xampp\htdocs\myproject\system\Database\BaseConnection.php(593): CodeIgniter\Database\BaseConnection->simpleQuery('DELETE FROM `tb...')
#3 C:\xampp\htdocs\myproject\system\Database\BaseBuilder.php(2391): CodeIgniter\Database\BaseConnection->query('DELETE FROM `tb...', Array, false)
#4 C:\xampp\htdocs\myproject\system\Model.php(401): CodeIgniter\Database\BaseBuilder->delete()
#5 C:\xampp\htdocs\myproject\system\BaseModel.php(984): CodeIgniter\Model->doDelete(NULL, false)
#6 C:\xampp\htdocs\myproject\app\Controllers\Home.php(125): CodeIgniter\BaseModel->delete()
#7 C:\xampp\htdocs\myproject\system\CodeIgniter.php(927): App\Controllers\Home->hapusKategori()
#8 C:\xampp\htdocs\myproject\system\CodeIgniter.php(482): CodeIgniter\CodeIgniter->runController(Object(App\Controllers\Home))
#9 C:\xampp\htdocs\myproject\system\CodeIgniter.php(351): CodeIgniter\CodeIgniter->handleRequest(NULL, Object(Config\Cache), false)
#10 C:\xampp\htdocs\myproject\public\index.php(67): CodeIgniter\CodeIgniter->run()
#11 {main}
CRITICAL - 2022-12-20 08:12:17 --> Unknown column 'idKategori' in 'where clause'
in SYSTEMPATH\Database\MySQLi\Connection.php on line 292.
 1 SYSTEMPATH\Database\MySQLi\Connection.php(292): mysqli->query('DELETE FROM `tbluser`
WHERE `idKategori` = \'1\'', 0)
 2 SYSTEMPATH\Database\BaseConnection.php(666): CodeIgniter\Database\MySQLi\Connection->execute('DELETE FROM `tbluser`
WHERE `idKategori` = \'1\'')
 3 SYSTEMPATH\Database\BaseConnection.php(593): CodeIgniter\Database\BaseConnection->simpleQuery('DELETE FROM `tbluser`
WHERE `idKategori` = \'1\'')
 4 SYSTEMPATH\Database\BaseBuilder.php(2391): CodeIgniter\Database\BaseConnection->query('DELETE FROM `tbluser`
WHERE `idKategori` = :idKategori:', [...], false)
 5 SYSTEMPATH\Model.php(401): CodeIgniter\Database\BaseBuilder->delete()
 6 SYSTEMPATH\BaseModel.php(984): CodeIgniter\Model->doDelete(null, false)
 7 APPPATH\Controllers\Home.php(125): CodeIgniter\BaseModel->delete()
 8 SYSTEMPATH\CodeIgniter.php(927): App\Controllers\Home->hapusKategori()
 9 SYSTEMPATH\CodeIgniter.php(482): CodeIgniter\CodeIgniter->runController(Object(App\Controllers\Home))
10 SYSTEMPATH\CodeIgniter.php(351): CodeIgniter\CodeIgniter->handleRequest(null, Object(Config\Cache), false)
11 FCPATH\index.php(67): CodeIgniter\CodeIgniter->run()
CRITICAL - 2022-12-20 08:20:25 --> Call to undefined method App\Models\kategoriModel::userDisplay
in SYSTEMPATH\Model.php on line 774.
 1 APPPATH\Controllers\Home.php(112): CodeIgniter\Model->__call('userDisplay', [...])
 2 SYSTEMPATH\CodeIgniter.php(927): App\Controllers\Home->dataKategori()
 3 SYSTEMPATH\CodeIgniter.php(482): CodeIgniter\CodeIgniter->runController(Object(App\Controllers\Home))
 4 SYSTEMPATH\CodeIgniter.php(351): CodeIgniter\CodeIgniter->handleRequest(null, Object(Config\Cache), false)
 5 FCPATH\index.php(67): CodeIgniter\CodeIgniter->run()
CRITICAL - 2022-12-20 08:21:25 --> Call to undefined method App\Models\kategoriModel::userDisplay
in SYSTEMPATH\Model.php on line 774.
 1 APPPATH\Controllers\Home.php(112): CodeIgniter\Model->__call('userDisplay', [...])
 2 SYSTEMPATH\CodeIgniter.php(927): App\Controllers\Home->dataKategori()
 3 SYSTEMPATH\CodeIgniter.php(482): CodeIgniter\CodeIgniter->runController(Object(App\Controllers\Home))
 4 SYSTEMPATH\CodeIgniter.php(351): CodeIgniter\CodeIgniter->handleRequest(null, Object(Config\Cache), false)
 5 FCPATH\index.php(67): CodeIgniter\CodeIgniter->run()
CRITICAL - 2022-12-20 08:22:08 --> Call to undefined method App\Models\KategoriModel::userDisplay
in SYSTEMPATH\Model.php on line 774.
 1 APPPATH\Controllers\Home.php(112): CodeIgniter\Model->__call('userDisplay', [...])
 2 SYSTEMPATH\CodeIgniter.php(927): App\Controllers\Home->dataKategori()
 3 SYSTEMPATH\CodeIgniter.php(482): CodeIgniter\CodeIgniter->runController(Object(App\Controllers\Home))
 4 SYSTEMPATH\CodeIgniter.php(351): CodeIgniter\CodeIgniter->handleRequest(null, Object(Config\Cache), false)
 5 FCPATH\index.php(67): CodeIgniter\CodeIgniter->run()
CRITICAL - 2022-12-20 08:22:56 --> Call to undefined method App\Models\KategoriModel::userDisplay
in SYSTEMPATH\Model.php on line 774.
 1 APPPATH\Controllers\Home.php(112): CodeIgniter\Model->__call('userDisplay', [...])
 2 SYSTEMPATH\CodeIgniter.php(927): App\Controllers\Home->dataKategori()
 3 SYSTEMPATH\CodeIgniter.php(482): CodeIgniter\CodeIgniter->runController(Object(App\Controllers\Home))
 4 SYSTEMPATH\CodeIgniter.php(351): CodeIgniter\CodeIgniter->handleRequest(null, Object(Config\Cache), false)
 5 FCPATH\index.php(67): CodeIgniter\CodeIgniter->run()
CRITICAL - 2022-12-20 08:23:57 --> Call to undefined method App\Models\KategoriModel::userDisplay
in SYSTEMPATH\Model.php on line 774.
 1 APPPATH\Controllers\Home.php(112): CodeIgniter\Model->__call('userDisplay', [...])
 2 SYSTEMPATH\CodeIgniter.php(927): App\Controllers\Home->dataKategori()
 3 SYSTEMPATH\CodeIgniter.php(482): CodeIgniter\CodeIgniter->runController(Object(App\Controllers\Home))
 4 SYSTEMPATH\CodeIgniter.php(351): CodeIgniter\CodeIgniter->handleRequest(null, Object(Config\Cache), false)
 5 FCPATH\index.php(67): CodeIgniter\CodeIgniter->run()
CRITICAL - 2022-12-20 08:24:46 --> Call to undefined method App\Models\KategoriModel::userDisplay
in SYSTEMPATH\Model.php on line 774.
 1 APPPATH\Controllers\Home.php(112): CodeIgniter\Model->__call('userDisplay', [...])
 2 SYSTEMPATH\CodeIgniter.php(927): App\Controllers\Home->dataKategori()
 3 SYSTEMPATH\CodeIgniter.php(482): CodeIgniter\CodeIgniter->runController(Object(App\Controllers\Home))
 4 SYSTEMPATH\CodeIgniter.php(351): CodeIgniter\CodeIgniter->handleRequest(null, Object(Config\Cache), false)
 5 FCPATH\index.php(67): CodeIgniter\CodeIgniter->run()
CRITICAL - 2022-12-20 08:29:11 --> There is no data to insert.
in SYSTEMPATH\BaseModel.php on line 729.
 1 SYSTEMPATH\BaseModel.php(729): CodeIgniter\Database\Exceptions\DataException::forEmptyDataset('insert')
 2 SYSTEMPATH\Model.php(667): CodeIgniter\BaseModel->insert([], false)
 3 APPPATH\Controllers\Home.php(147): CodeIgniter\Model->insert([...], false)
 4 SYSTEMPATH\CodeIgniter.php(927): App\Controllers\Home->simpanKategori()
 5 SYSTEMPATH\CodeIgniter.php(482): CodeIgniter\CodeIgniter->runController(Object(App\Controllers\Home))
 6 SYSTEMPATH\CodeIgniter.php(351): CodeIgniter\CodeIgniter->handleRequest(null, Object(Config\Cache), false)
 7 FCPATH\index.php(67): CodeIgniter\CodeIgniter->run()
CRITICAL - 2022-12-20 08:36:12 --> Cannot redeclare App\Controllers\Home::hapusKategori()
in APPPATH\Controllers\Home.php on line 186.
 1 [internal function]: CodeIgniter\Debug\Exceptions->shutdownHandler()
CRITICAL - 2022-12-20 08:51:27 --> Undefined array key "idPertanyaan"
in APPPATH\Controllers\Home.php on line 205.
 1 APPPATH\Controllers\Home.php(205): CodeIgniter\Debug\Exceptions->errorHandler(2, 'Undefined array key "idPertanyaan"', 'APPPATH\\Controllers\\Home.php', 205)
 2 SYSTEMPATH\CodeIgniter.php(927): App\Controllers\Home->simpanmbti()
 3 SYSTEMPATH\CodeIgniter.php(482): CodeIgniter\CodeIgniter->runController(Object(App\Controllers\Home))
 4 SYSTEMPATH\CodeIgniter.php(351): CodeIgniter\CodeIgniter->handleRequest(null, Object(Config\Cache), false)
 5 FCPATH\index.php(67): CodeIgniter\CodeIgniter->run()
CRITICAL - 2022-12-20 09:25:29 --> Invalid file: client/Navigasi/template.php
in SYSTEMPATH\Exceptions\FrameworkException.php on line 33.
 1 SYSTEMPATH\View\View.php(201): CodeIgniter\Exceptions\FrameworkException::forInvalidFile('client/Navigasi/template.php')
 2 SYSTEMPATH\Common.php(1134): CodeIgniter\View\View->render('client/Navigasi/template', [], true)
 3 APPPATH\Controllers\Client.php(16): view('client/Navigasi/template')
 4 SYSTEMPATH\CodeIgniter.php(927): App\Controllers\Client->index()
 5 SYSTEMPATH\CodeIgniter.php(482): CodeIgniter\CodeIgniter->runController(Object(App\Controllers\Client))
 6 SYSTEMPATH\CodeIgniter.php(351): CodeIgniter\CodeIgniter->handleRequest(null, Object(Config\Cache), false)
 7 FCPATH\index.php(67): CodeIgniter\CodeIgniter->run()
ERROR - 2022-12-20 19:11:56 --> mysqli_sql_exception: Unknown column 'idKategori' in 'order clause' in C:\xampp\htdocs\myproject\system\Database\MySQLi\Connection.php:292
Stack trace:
#0 C:\xampp\htdocs\myproject\system\Database\MySQLi\Connection.php(292): mysqli->query('SELECT *\nFROM `...', 0)
#1 C:\xampp\htdocs\myproject\system\Database\BaseConnection.php(666): CodeIgniter\Database\MySQLi\Connection->execute('SELECT *\nFROM `...')
#2 C:\xampp\htdocs\myproject\system\Database\BaseConnection.php(593): CodeIgniter\Database\BaseConnection->simpleQuery('SELECT *\nFROM `...')
#3 C:\xampp\htdocs\myproject\system\Database\BaseBuilder.php(1585): CodeIgniter\Database\BaseConnection->query('SELECT *\nFROM `...', Array, false)
#4 C:\xampp\htdocs\myproject\app\Models\PelakuModel.php(49): CodeIgniter\Database\BaseBuilder->get()
#5 C:\xampp\htdocs\myproject\app\Controllers\Home.php(181): App\Models\PelakuModel->kategoriDisplay('', '0', '10', Array, Array)
#6 C:\xampp\htdocs\myproject\system\CodeIgniter.php(927): App\Controllers\Home->dataKategoripelanggar()
#7 C:\xampp\htdocs\myproject\system\CodeIgniter.php(482): CodeIgniter\CodeIgniter->runController(Object(App\Controllers\Home))
#8 C:\xampp\htdocs\myproject\system\CodeIgniter.php(351): CodeIgniter\CodeIgniter->handleRequest(NULL, Object(Config\Cache), false)
#9 C:\xampp\htdocs\myproject\public\index.php(67): CodeIgniter\CodeIgniter->run()
#10 {main}
CRITICAL - 2022-12-20 19:11:56 --> Unknown column 'idKategori' in 'order clause'
in SYSTEMPATH\Database\MySQLi\Connection.php on line 292.
 1 SYSTEMPATH\Database\MySQLi\Connection.php(292): mysqli->query('SELECT *
FROM `tblpelaku`
ORDER BY `idKategori` ASC
 LIMIT 10', 0)
 2 SYSTEMPATH\Database\BaseConnection.php(666): CodeIgniter\Database\MySQLi\Connection->execute('SELECT *
FROM `tblpelaku`
ORDER BY `idKategori` ASC
 LIMIT 10')
 3 SYSTEMPATH\Database\BaseConnection.php(593): CodeIgniter\Database\BaseConnection->simpleQuery('SELECT *
FROM `tblpelaku`
ORDER BY `idKategori` ASC
 LIMIT 10')
 4 SYSTEMPATH\Database\BaseBuilder.php(1585): CodeIgniter\Database\BaseConnection->query('SELECT *
FROM `tblpelaku`
ORDER BY `idKategori` ASC
 LIMIT 10', [], false)
 5 APPPATH\Models\PelakuModel.php(49): CodeIgniter\Database\BaseBuilder->get()
 6 APPPATH\Controllers\Home.php(181): App\Models\PelakuModel->kategoriDisplay('ROOTPATH\\public', '0', '10', [...], [...])
 7 SYSTEMPATH\CodeIgniter.php(927): App\Controllers\Home->dataKategoripelanggar()
 8 SYSTEMPATH\CodeIgniter.php(482): CodeIgniter\CodeIgniter->runController(Object(App\Controllers\Home))
 9 SYSTEMPATH\CodeIgniter.php(351): CodeIgniter\CodeIgniter->handleRequest(null, Object(Config\Cache), false)
10 FCPATH\index.php(67): CodeIgniter\CodeIgniter->run()
CRITICAL - 2022-12-20 19:33:30 --> Undefined array key "draw"
in APPPATH\Controllers\Home.php on line 237.
 1 APPPATH\Controllers\Home.php(237): CodeIgniter\Debug\Exceptions->errorHandler(2, 'Undefined array key "draw"', 'APPPATH\\Controllers\\Home.php', 237)
 2 SYSTEMPATH\CodeIgniter.php(927): App\Controllers\Home->dataKategoripelanggaran()
 3 SYSTEMPATH\CodeIgniter.php(482): CodeIgniter\CodeIgniter->runController(Object(App\Controllers\Home))
 4 SYSTEMPATH\CodeIgniter.php(351): CodeIgniter\CodeIgniter->handleRequest(null, Object(Config\Cache), false)
 5 FCPATH\index.php(67): CodeIgniter\CodeIgniter->run()
CRITICAL - 2022-12-20 19:36:36 --> Undefined array key "draw"
in APPPATH\Controllers\Home.php on line 241.
 1 APPPATH\Controllers\Home.php(241): CodeIgniter\Debug\Exceptions->errorHandler(2, 'Undefined array key "draw"', 'APPPATH\\Controllers\\Home.php', 241)
 2 SYSTEMPATH\CodeIgniter.php(927): App\Controllers\Home->datajenispelanggaran()
 3 SYSTEMPATH\CodeIgniter.php(482): CodeIgniter\CodeIgniter->runController(Object(App\Controllers\Home))
 4 SYSTEMPATH\CodeIgniter.php(351): CodeIgniter\CodeIgniter->handleRequest(null, Object(Config\Cache), false)
 5 FCPATH\index.php(67): CodeIgniter\CodeIgniter->run()
CRITICAL - 2022-12-20 19:37:22 --> Undefined array key "draw"
in APPPATH\Controllers\Home.php on line 241.
 1 APPPATH\Controllers\Home.php(241): CodeIgniter\Debug\Exceptions->errorHandler(2, 'Undefined array key "draw"', 'APPPATH\\Controllers\\Home.php', 241)
 2 SYSTEMPATH\CodeIgniter.php(927): App\Controllers\Home->datajenispelanggaran()
 3 SYSTEMPATH\CodeIgniter.php(482): CodeIgniter\CodeIgniter->runController(Object(App\Controllers\Home))
 4 SYSTEMPATH\CodeIgniter.php(351): CodeIgniter\CodeIgniter->handleRequest(null, Object(Config\Cache), false)
 5 FCPATH\index.php(67): CodeIgniter\CodeIgniter->run()
CRITICAL - 2022-12-20 19:37:28 --> Undefined array key "draw"
in APPPATH\Controllers\Home.php on line 241.
 1 APPPATH\Controllers\Home.php(241): CodeIgniter\Debug\Exceptions->errorHandler(2, 'Undefined array key "draw"', 'APPPATH\\Controllers\\Home.php', 241)
 2 SYSTEMPATH\CodeIgniter.php(927): App\Controllers\Home->datajenispelanggaran()
 3 SYSTEMPATH\CodeIgniter.php(482): CodeIgniter\CodeIgniter->runController(Object(App\Controllers\Home))
 4 SYSTEMPATH\CodeIgniter.php(351): CodeIgniter\CodeIgniter->handleRequest(null, Object(Config\Cache), false)
 5 FCPATH\index.php(67): CodeIgniter\CodeIgniter->run()
CRITICAL - 2022-12-20 19:39:59 --> Undefined array key "draw"
in APPPATH\Controllers\Home.php on line 241.
 1 APPPATH\Controllers\Home.php(241): CodeIgniter\Debug\Exceptions->errorHandler(2, 'Undefined array key "draw"', 'APPPATH\\Controllers\\Home.php', 241)
 2 SYSTEMPATH\CodeIgniter.php(927): App\Controllers\Home->datajenispelanggaran()
 3 SYSTEMPATH\CodeIgniter.php(482): CodeIgniter\CodeIgniter->runController(Object(App\Controllers\Home))
 4 SYSTEMPATH\CodeIgniter.php(351): CodeIgniter\CodeIgniter->handleRequest(null, Object(Config\Cache), false)
 5 FCPATH\index.php(67): CodeIgniter\CodeIgniter->run()
CRITICAL - 2022-12-20 20:16:20 --> include(koneksi.php): Failed to open stream: No such file or directory
in APPPATH\Views\home\jenisPelanggaran.php on line 182.
 1 APPPATH\Views\home\jenisPelanggaran.php(182): CodeIgniter\Debug\Exceptions->errorHandler(2, 'include(koneksi.php): Failed to open stream: No such file or directory', 'APPPATH\\Views\\home\\jenisPelanggaran.php', 182)
 2 APPPATH\Views\home\jenisPelanggaran.php(182): include()
 3 SYSTEMPATH\View\View.php(213): include('APPPATH\\Views\\home\\jenisPelanggaran.php')
 4 SYSTEMPATH\View\View.php(216): CodeIgniter\View\View->CodeIgniter\View\{closure}()
 5 SYSTEMPATH\Common.php(1134): CodeIgniter\View\View->render('home/jenisPelanggaran', [], true)
 6 APPPATH\Controllers\Home.php(49): view('home/jenisPelanggaran')
 7 SYSTEMPATH\CodeIgniter.php(927): App\Controllers\Home->jenispelanggaran()
 8 SYSTEMPATH\CodeIgniter.php(482): CodeIgniter\CodeIgniter->runController(Object(App\Controllers\Home))
 9 SYSTEMPATH\CodeIgniter.php(351): CodeIgniter\CodeIgniter->handleRequest(null, Object(Config\Cache), false)
10 FCPATH\index.php(67): CodeIgniter\CodeIgniter->run()
ERROR - 2022-12-20 20:57:16 --> mysqli_sql_exception: Duplicate entry '' for key 'PRIMARY' in C:\xampp\htdocs\myproject\system\Database\MySQLi\Connection.php:292
Stack trace:
#0 C:\xampp\htdocs\myproject\system\Database\MySQLi\Connection.php(292): mysqli->query('INSERT INTO `tb...', 0)
#1 C:\xampp\htdocs\myproject\system\Database\BaseConnection.php(666): CodeIgniter\Database\MySQLi\Connection->execute('INSERT INTO `tb...')
#2 C:\xampp\htdocs\myproject\system\Database\BaseConnection.php(593): CodeIgniter\Database\BaseConnection->simpleQuery('INSERT INTO `tb...')
#3 C:\xampp\htdocs\myproject\system\Database\BaseBuilder.php(1916): CodeIgniter\Database\BaseConnection->query('INSERT INTO `tb...', Array, false)
#4 C:\xampp\htdocs\myproject\system\Model.php(279): CodeIgniter\Database\BaseBuilder->insert()
#5 C:\xampp\htdocs\myproject\system\BaseModel.php(749): CodeIgniter\Model->doInsert(Array)
#6 C:\xampp\htdocs\myproject\system\Model.php(667): CodeIgniter\BaseModel->insert(Array, false)
#7 C:\xampp\htdocs\myproject\app\Controllers\Home.php(283): CodeIgniter\Model->insert(Array, false)
#8 C:\xampp\htdocs\myproject\system\CodeIgniter.php(927): App\Controllers\Home->simpanjenispelanggaran()
#9 C:\xampp\htdocs\myproject\system\CodeIgniter.php(482): CodeIgniter\CodeIgniter->runController(Object(App\Controllers\Home))
#10 C:\xampp\htdocs\myproject\system\CodeIgniter.php(351): CodeIgniter\CodeIgniter->handleRequest(NULL, Object(Config\Cache), false)
#11 C:\xampp\htdocs\myproject\public\index.php(67): CodeIgniter\CodeIgniter->run()
#12 {main}
CRITICAL - 2022-12-20 20:57:16 --> Duplicate entry '' for key 'PRIMARY'
in SYSTEMPATH\Database\MySQLi\Connection.php on line 292.
 1 SYSTEMPATH\Database\MySQLi\Connection.php(292): mysqli->query('INSERT INTO `tblpelaku` (`idPelaku`) VALUES (\'\')', 0)
 2 SYSTEMPATH\Database\BaseConnection.php(666): CodeIgniter\Database\MySQLi\Connection->execute('INSERT INTO `tblpelaku` (`idPelaku`) VALUES (\'\')')
 3 SYSTEMPATH\Database\BaseConnection.php(593): CodeIgniter\Database\BaseConnection->simpleQuery('INSERT INTO `tblpelaku` (`idPelaku`) VALUES (\'\')')
 4 SYSTEMPATH\Database\BaseBuilder.php(1916): CodeIgniter\Database\BaseConnection->query('INSERT INTO `tblpelaku` (`idPelaku`) VALUES (:idPelaku:)', [...], false)
 5 SYSTEMPATH\Model.php(279): CodeIgniter\Database\BaseBuilder->insert()
 6 SYSTEMPATH\BaseModel.php(749): CodeIgniter\Model->doInsert([...])
 7 SYSTEMPATH\Model.php(667): CodeIgniter\BaseModel->insert([...], false)
 8 APPPATH\Controllers\Home.php(283): CodeIgniter\Model->insert([...], false)
 9 SYSTEMPATH\CodeIgniter.php(927): App\Controllers\Home->simpanjenispelanggaran()
10 SYSTEMPATH\CodeIgniter.php(482): CodeIgniter\CodeIgniter->runController(Object(App\Controllers\Home))
11 SYSTEMPATH\CodeIgniter.php(351): CodeIgniter\CodeIgniter->handleRequest(null, Object(Config\Cache), false)
12 FCPATH\index.php(67): CodeIgniter\CodeIgniter->run()
ERROR - 2022-12-20 21:01:59 --> mysqli_sql_exception: Duplicate entry '' for key 'PRIMARY' in C:\xampp\htdocs\myproject\system\Database\MySQLi\Connection.php:292
Stack trace:
#0 C:\xampp\htdocs\myproject\system\Database\MySQLi\Connection.php(292): mysqli->query('INSERT INTO `tb...', 0)
#1 C:\xampp\htdocs\myproject\system\Database\BaseConnection.php(666): CodeIgniter\Database\MySQLi\Connection->execute('INSERT INTO `tb...')
#2 C:\xampp\htdocs\myproject\system\Database\BaseConnection.php(593): CodeIgniter\Database\BaseConnection->simpleQuery('INSERT INTO `tb...')
#3 C:\xampp\htdocs\myproject\system\Database\BaseBuilder.php(1916): CodeIgniter\Database\BaseConnection->query('INSERT INTO `tb...', Array, false)
#4 C:\xampp\htdocs\myproject\system\Model.php(279): CodeIgniter\Database\BaseBuilder->insert()
#5 C:\xampp\htdocs\myproject\system\BaseModel.php(749): CodeIgniter\Model->doInsert(Array)
#6 C:\xampp\htdocs\myproject\system\Model.php(667): CodeIgniter\BaseModel->insert(Array, false)
#7 C:\xampp\htdocs\myproject\app\Controllers\Home.php(283): CodeIgniter\Model->insert(Array, false)
#8 C:\xampp\htdocs\myproject\system\CodeIgniter.php(927): App\Controllers\Home->simpanjenispelanggaran()
#9 C:\xampp\htdocs\myproject\system\CodeIgniter.php(482): CodeIgniter\CodeIgniter->runController(Object(App\Controllers\Home))
#10 C:\xampp\htdocs\myproject\system\CodeIgniter.php(351): CodeIgniter\CodeIgniter->handleRequest(NULL, Object(Config\Cache), false)
#11 C:\xampp\htdocs\myproject\public\index.php(67): CodeIgniter\CodeIgniter->run()
#12 {main}
CRITICAL - 2022-12-20 21:01:59 --> Duplicate entry '' for key 'PRIMARY'
in SYSTEMPATH\Database\MySQLi\Connection.php on line 292.
 1 SYSTEMPATH\Database\MySQLi\Connection.php(292): mysqli->query('INSERT INTO `tblpelaku` (`idPelaku`) VALUES (\'\')', 0)
 2 SYSTEMPATH\Database\BaseConnection.php(666): CodeIgniter\Database\MySQLi\Connection->execute('INSERT INTO `tblpelaku` (`idPelaku`) VALUES (\'\')')
 3 SYSTEMPATH\Database\BaseConnection.php(593): CodeIgniter\Database\BaseConnection->simpleQuery('INSERT INTO `tblpelaku` (`idPelaku`) VALUES (\'\')')
 4 SYSTEMPATH\Database\BaseBuilder.php(1916): CodeIgniter\Database\BaseConnection->query('INSERT INTO `tblpelaku` (`idPelaku`) VALUES (:idPelaku:)', [...], false)
 5 SYSTEMPATH\Model.php(279): CodeIgniter\Database\BaseBuilder->insert()
 6 SYSTEMPATH\BaseModel.php(749): CodeIgniter\Model->doInsert([...])
 7 SYSTEMPATH\Model.php(667): CodeIgniter\BaseModel->insert([...], false)
 8 APPPATH\Controllers\Home.php(283): CodeIgniter\Model->insert([...], false)
 9 SYSTEMPATH\CodeIgniter.php(927): App\Controllers\Home->simpanjenispelanggaran()
10 SYSTEMPATH\CodeIgniter.php(482): CodeIgniter\CodeIgniter->runController(Object(App\Controllers\Home))
11 SYSTEMPATH\CodeIgniter.php(351): CodeIgniter\CodeIgniter->handleRequest(null, Object(Config\Cache), false)
12 FCPATH\index.php(67): CodeIgniter\CodeIgniter->run()
ERROR - 2022-12-20 21:02:34 --> mysqli_sql_exception: Duplicate entry '' for key 'PRIMARY' in C:\xampp\htdocs\myproject\system\Database\MySQLi\Connection.php:292
Stack trace:
#0 C:\xampp\htdocs\myproject\system\Database\MySQLi\Connection.php(292): mysqli->query('INSERT INTO `tb...', 0)
#1 C:\xampp\htdocs\myproject\system\Database\BaseConnection.php(666): CodeIgniter\Database\MySQLi\Connection->execute('INSERT INTO `tb...')
#2 C:\xampp\htdocs\myproject\system\Database\BaseConnection.php(593): CodeIgniter\Database\BaseConnection->simpleQuery('INSERT INTO `tb...')
#3 C:\xampp\htdocs\myproject\system\Database\BaseBuilder.php(1916): CodeIgniter\Database\BaseConnection->query('INSERT INTO `tb...', Array, false)
#4 C:\xampp\htdocs\myproject\system\Model.php(279): CodeIgniter\Database\BaseBuilder->insert()
#5 C:\xampp\htdocs\myproject\system\BaseModel.php(749): CodeIgniter\Model->doInsert(Array)
#6 C:\xampp\htdocs\myproject\system\Model.php(667): CodeIgniter\BaseModel->insert(Array, false)
#7 C:\xampp\htdocs\myproject\app\Controllers\Home.php(283): CodeIgniter\Model->insert(Array, false)
#8 C:\xampp\htdocs\myproject\system\CodeIgniter.php(927): App\Controllers\Home->simpanjenispelanggaran()
#9 C:\xampp\htdocs\myproject\system\CodeIgniter.php(482): CodeIgniter\CodeIgniter->runController(Object(App\Controllers\Home))
#10 C:\xampp\htdocs\myproject\system\CodeIgniter.php(351): CodeIgniter\CodeIgniter->handleRequest(NULL, Object(Config\Cache), false)
#11 C:\xampp\htdocs\myproject\public\index.php(67): CodeIgniter\CodeIgniter->run()
#12 {main}
CRITICAL - 2022-12-20 21:02:34 --> Duplicate entry '' for key 'PRIMARY'
in SYSTEMPATH\Database\MySQLi\Connection.php on line 292.
 1 SYSTEMPATH\Database\MySQLi\Connection.php(292): mysqli->query('INSERT INTO `tblpelaku` (`idPelaku`) VALUES (\'\')', 0)
 2 SYSTEMPATH\Database\BaseConnection.php(666): CodeIgniter\Database\MySQLi\Connection->execute('INSERT INTO `tblpelaku` (`idPelaku`) VALUES (\'\')')
 3 SYSTEMPATH\Database\BaseConnection.php(593): CodeIgniter\Database\BaseConnection->simpleQuery('INSERT INTO `tblpelaku` (`idPelaku`) VALUES (\'\')')
 4 SYSTEMPATH\Database\BaseBuilder.php(1916): CodeIgniter\Database\BaseConnection->query('INSERT INTO `tblpelaku` (`idPelaku`) VALUES (:idPelaku:)', [...], false)
 5 SYSTEMPATH\Model.php(279): CodeIgniter\Database\BaseBuilder->insert()
 6 SYSTEMPATH\BaseModel.php(749): CodeIgniter\Model->doInsert([...])
 7 SYSTEMPATH\Model.php(667): CodeIgniter\BaseModel->insert([...], false)
 8 APPPATH\Controllers\Home.php(283): CodeIgniter\Model->insert([...], false)
 9 SYSTEMPATH\CodeIgniter.php(927): App\Controllers\Home->simpanjenispelanggaran()
10 SYSTEMPATH\CodeIgniter.php(482): CodeIgniter\CodeIgniter->runController(Object(App\Controllers\Home))
11 SYSTEMPATH\CodeIgniter.php(351): CodeIgniter\CodeIgniter->handleRequest(null, Object(Config\Cache), false)
12 FCPATH\index.php(67): CodeIgniter\CodeIgniter->run()
ERROR - 2022-12-20 21:02:41 --> mysqli_sql_exception: Duplicate entry '' for key 'PRIMARY' in C:\xampp\htdocs\myproject\system\Database\MySQLi\Connection.php:292
Stack trace:
#0 C:\xampp\htdocs\myproject\system\Database\MySQLi\Connection.php(292): mysqli->query('INSERT INTO `tb...', 0)
#1 C:\xampp\htdocs\myproject\system\Database\BaseConnection.php(666): CodeIgniter\Database\MySQLi\Connection->execute('INSERT INTO `tb...')
#2 C:\xampp\htdocs\myproject\system\Database\BaseConnection.php(593): CodeIgniter\Database\BaseConnection->simpleQuery('INSERT INTO `tb...')
#3 C:\xampp\htdocs\myproject\system\Database\BaseBuilder.php(1916): CodeIgniter\Database\BaseConnection->query('INSERT INTO `tb...', Array, false)
#4 C:\xampp\htdocs\myproject\system\Model.php(279): CodeIgniter\Database\BaseBuilder->insert()
#5 C:\xampp\htdocs\myproject\system\BaseModel.php(749): CodeIgniter\Model->doInsert(Array)
#6 C:\xampp\htdocs\myproject\system\Model.php(667): CodeIgniter\BaseModel->insert(Array, false)
#7 C:\xampp\htdocs\myproject\app\Controllers\Home.php(283): CodeIgniter\Model->insert(Array, false)
#8 C:\xampp\htdocs\myproject\system\CodeIgniter.php(927): App\Controllers\Home->simpanjenispelanggaran()
#9 C:\xampp\htdocs\myproject\system\CodeIgniter.php(482): CodeIgniter\CodeIgniter->runController(Object(App\Controllers\Home))
#10 C:\xampp\htdocs\myproject\system\CodeIgniter.php(351): CodeIgniter\CodeIgniter->handleRequest(NULL, Object(Config\Cache), false)
#11 C:\xampp\htdocs\myproject\public\index.php(67): CodeIgniter\CodeIgniter->run()
#12 {main}
CRITICAL - 2022-12-20 21:02:41 --> Duplicate entry '' for key 'PRIMARY'
in SYSTEMPATH\Database\MySQLi\Connection.php on line 292.
 1 SYSTEMPATH\Database\MySQLi\Connection.php(292): mysqli->query('INSERT INTO `tblpelaku` (`idPelaku`) VALUES (\'\')', 0)
 2 SYSTEMPATH\Database\BaseConnection.php(666): CodeIgniter\Database\MySQLi\Connection->execute('INSERT INTO `tblpelaku` (`idPelaku`) VALUES (\'\')')
 3 SYSTEMPATH\Database\BaseConnection.php(593): CodeIgniter\Database\BaseConnection->simpleQuery('INSERT INTO `tblpelaku` (`idPelaku`) VALUES (\'\')')
 4 SYSTEMPATH\Database\BaseBuilder.php(1916): CodeIgniter\Database\BaseConnection->query('INSERT INTO `tblpelaku` (`idPelaku`) VALUES (:idPelaku:)', [...], false)
 5 SYSTEMPATH\Model.php(279): CodeIgniter\Database\BaseBuilder->insert()
 6 SYSTEMPATH\BaseModel.php(749): CodeIgniter\Model->doInsert([...])
 7 SYSTEMPATH\Model.php(667): CodeIgniter\BaseModel->insert([...], false)
 8 APPPATH\Controllers\Home.php(283): CodeIgniter\Model->insert([...], false)
 9 SYSTEMPATH\CodeIgniter.php(927): App\Controllers\Home->simpanjenispelanggaran()
10 SYSTEMPATH\CodeIgniter.php(482): CodeIgniter\CodeIgniter->runController(Object(App\Controllers\Home))
11 SYSTEMPATH\CodeIgniter.php(351): CodeIgniter\CodeIgniter->handleRequest(null, Object(Config\Cache), false)
12 FCPATH\index.php(67): CodeIgniter\CodeIgniter->run()
ERROR - 2022-12-20 21:04:25 --> mysqli_sql_exception: Table 'dbproject.tblpelanggaran' doesn't exist in C:\xampp\htdocs\myproject\system\Database\MySQLi\Connection.php:292
Stack trace:
#0 C:\xampp\htdocs\myproject\system\Database\MySQLi\Connection.php(292): mysqli->query('SELECT *\nFROM `...', 0)
#1 C:\xampp\htdocs\myproject\system\Database\BaseConnection.php(666): CodeIgniter\Database\MySQLi\Connection->execute('SELECT *\nFROM `...')
#2 C:\xampp\htdocs\myproject\system\Database\BaseConnection.php(593): CodeIgniter\Database\BaseConnection->simpleQuery('SELECT *\nFROM `...')
#3 C:\xampp\htdocs\myproject\system\Database\BaseBuilder.php(1585): CodeIgniter\Database\BaseConnection->query('SELECT *\nFROM `...', Array, false)
#4 C:\xampp\htdocs\myproject\app\Models\PelanggaranModel.php(56): CodeIgniter\Database\BaseBuilder->get()
#5 C:\xampp\htdocs\myproject\app\Controllers\Home.php(248): App\Models\PelanggaranModel->kategoriDisplay('', '0', '10', Array, Array)
#6 C:\xampp\htdocs\myproject\system\CodeIgniter.php(927): App\Controllers\Home->datajenispelanggaran()
#7 C:\xampp\htdocs\myproject\system\CodeIgniter.php(482): CodeIgniter\CodeIgniter->runController(Object(App\Controllers\Home))
#8 C:\xampp\htdocs\myproject\system\CodeIgniter.php(351): CodeIgniter\CodeIgniter->handleRequest(NULL, Object(Config\Cache), false)
#9 C:\xampp\htdocs\myproject\public\index.php(67): CodeIgniter\CodeIgniter->run()
#10 {main}
CRITICAL - 2022-12-20 21:04:25 --> Table 'dbproject.tblpelanggaran' doesn't exist
in SYSTEMPATH\Database\MySQLi\Connection.php on line 292.
 1 SYSTEMPATH\Database\MySQLi\Connection.php(292): mysqli->query('SELECT *
FROM `tblpelanggaran`
ORDER BY `idPelanggaran` ASC
 LIMIT 10', 0)
 2 SYSTEMPATH\Database\BaseConnection.php(666): CodeIgniter\Database\MySQLi\Connection->execute('SELECT *
FROM `tblpelanggaran`
ORDER BY `idPelanggaran` ASC
 LIMIT 10')
 3 SYSTEMPATH\Database\BaseConnection.php(593): CodeIgniter\Database\BaseConnection->simpleQuery('SELECT *
FROM `tblpelanggaran`
ORDER BY `idPelanggaran` ASC
 LIMIT 10')
 4 SYSTEMPATH\Database\BaseBuilder.php(1585): CodeIgniter\Database\BaseConnection->query('SELECT *
FROM `tblpelanggaran`
ORDER BY `idPelanggaran` ASC
 LIMIT 10', [], false)
 5 APPPATH\Models\PelanggaranModel.php(56): CodeIgniter\Database\BaseBuilder->get()
 6 APPPATH\Controllers\Home.php(248): App\Models\PelanggaranModel->kategoriDisplay('ROOTPATH\\public', '0', '10', [...], [...])
 7 SYSTEMPATH\CodeIgniter.php(927): App\Controllers\Home->datajenispelanggaran()
 8 SYSTEMPATH\CodeIgniter.php(482): CodeIgniter\CodeIgniter->runController(Object(App\Controllers\Home))
 9 SYSTEMPATH\CodeIgniter.php(351): CodeIgniter\CodeIgniter->handleRequest(null, Object(Config\Cache), false)
10 FCPATH\index.php(67): CodeIgniter\CodeIgniter->run()
ERROR - 2022-12-20 21:06:44 --> mysqli_sql_exception: Duplicate entry '' for key 'PRIMARY' in C:\xampp\htdocs\myproject\system\Database\MySQLi\Connection.php:292
Stack trace:
#0 C:\xampp\htdocs\myproject\system\Database\MySQLi\Connection.php(292): mysqli->query('INSERT INTO `tb...', 0)
#1 C:\xampp\htdocs\myproject\system\Database\BaseConnection.php(666): CodeIgniter\Database\MySQLi\Connection->execute('INSERT INTO `tb...')
#2 C:\xampp\htdocs\myproject\system\Database\BaseConnection.php(593): CodeIgniter\Database\BaseConnection->simpleQuery('INSERT INTO `tb...')
#3 C:\xampp\htdocs\myproject\system\Database\BaseBuilder.php(1916): CodeIgniter\Database\BaseConnection->query('INSERT INTO `tb...', Array, false)
#4 C:\xampp\htdocs\myproject\system\Model.php(279): CodeIgniter\Database\BaseBuilder->insert()
#5 C:\xampp\htdocs\myproject\system\BaseModel.php(749): CodeIgniter\Model->doInsert(Array)
#6 C:\xampp\htdocs\myproject\system\Model.php(667): CodeIgniter\BaseModel->insert(Array, false)
#7 C:\xampp\htdocs\myproject\app\Controllers\Home.php(283): CodeIgniter\Model->insert(Array, false)
#8 C:\xampp\htdocs\myproject\system\CodeIgniter.php(927): App\Controllers\Home->simpanjenispelanggaran()
#9 C:\xampp\htdocs\myproject\system\CodeIgniter.php(482): CodeIgniter\CodeIgniter->runController(Object(App\Controllers\Home))
#10 C:\xampp\htdocs\myproject\system\CodeIgniter.php(351): CodeIgniter\CodeIgniter->handleRequest(NULL, Object(Config\Cache), false)
#11 C:\xampp\htdocs\myproject\public\index.php(67): CodeIgniter\CodeIgniter->run()
#12 {main}
CRITICAL - 2022-12-20 21:06:44 --> Duplicate entry '' for key 'PRIMARY'
in SYSTEMPATH\Database\MySQLi\Connection.php on line 292.
 1 SYSTEMPATH\Database\MySQLi\Connection.php(292): mysqli->query('INSERT INTO `tblpelaku` (`idPelaku`) VALUES (\'\')', 0)
 2 SYSTEMPATH\Database\BaseConnection.php(666): CodeIgniter\Database\MySQLi\Connection->execute('INSERT INTO `tblpelaku` (`idPelaku`) VALUES (\'\')')
 3 SYSTEMPATH\Database\BaseConnection.php(593): CodeIgniter\Database\BaseConnection->simpleQuery('INSERT INTO `tblpelaku` (`idPelaku`) VALUES (\'\')')
 4 SYSTEMPATH\Database\BaseBuilder.php(1916): CodeIgniter\Database\BaseConnection->query('INSERT INTO `tblpelaku` (`idPelaku`) VALUES (:idPelaku:)', [...], false)
 5 SYSTEMPATH\Model.php(279): CodeIgniter\Database\BaseBuilder->insert()
 6 SYSTEMPATH\BaseModel.php(749): CodeIgniter\Model->doInsert([...])
 7 SYSTEMPATH\Model.php(667): CodeIgniter\BaseModel->insert([...], false)
 8 APPPATH\Controllers\Home.php(283): CodeIgniter\Model->insert([...], false)
 9 SYSTEMPATH\CodeIgniter.php(927): App\Controllers\Home->simpanjenispelanggaran()
10 SYSTEMPATH\CodeIgniter.php(482): CodeIgniter\CodeIgniter->runController(Object(App\Controllers\Home))
11 SYSTEMPATH\CodeIgniter.php(351): CodeIgniter\CodeIgniter->handleRequest(null, Object(Config\Cache), false)
12 FCPATH\index.php(67): CodeIgniter\CodeIgniter->run()
CRITICAL - 2022-12-20 21:19:30 --> Undefined property: App\Controllers\Pelanggaran::$tblpelanggaran
in APPPATH\Controllers\Pelanggaran.php on line 20.
 1 APPPATH\Controllers\Pelanggaran.php(20): CodeIgniter\Debug\Exceptions->errorHandler(2, 'Undefined property: App\\Controllers\\Pelanggaran::$tblpelanggaran', 'APPPATH\\Controllers\\Pelanggaran.php', 20)
 2 SYSTEMPATH\CodeIgniter.php(927): App\Controllers\Pelanggaran->index()
 3 SYSTEMPATH\CodeIgniter.php(482): CodeIgniter\CodeIgniter->runController(Object(App\Controllers\Pelanggaran))
 4 SYSTEMPATH\CodeIgniter.php(351): CodeIgniter\CodeIgniter->handleRequest(null, Object(Config\Cache), false)
 5 FCPATH\index.php(67): CodeIgniter\CodeIgniter->run()
CRITICAL - 2022-12-20 21:20:02 --> Undefined property: App\Controllers\Pelanggaran::$tblpelanggaran
in APPPATH\Controllers\Pelanggaran.php on line 20.
 1 APPPATH\Controllers\Pelanggaran.php(20): CodeIgniter\Debug\Exceptions->errorHandler(2, 'Undefined property: App\\Controllers\\Pelanggaran::$tblpelanggaran', 'APPPATH\\Controllers\\Pelanggaran.php', 20)
 2 SYSTEMPATH\CodeIgniter.php(927): App\Controllers\Pelanggaran->index()
 3 SYSTEMPATH\CodeIgniter.php(482): CodeIgniter\CodeIgniter->runController(Object(App\Controllers\Pelanggaran))
 4 SYSTEMPATH\CodeIgniter.php(351): CodeIgniter\CodeIgniter->handleRequest(null, Object(Config\Cache), false)
 5 FCPATH\index.php(67): CodeIgniter\CodeIgniter->run()
CRITICAL - 2022-12-20 21:20:39 --> Invalid file: Pelanggaran/jenisPelanggaran.php
in SYSTEMPATH\Exceptions\FrameworkException.php on line 33.
 1 SYSTEMPATH\View\View.php(201): CodeIgniter\Exceptions\FrameworkException::forInvalidFile('Pelanggaran/jenisPelanggaran.php')
 2 SYSTEMPATH\Common.php(1134): CodeIgniter\View\View->render('Pelanggaran/jenisPelanggaran', [], true)
 3 APPPATH\Controllers\Pelanggaran.php(21): view('Pelanggaran/jenisPelanggaran', [...])
 4 SYSTEMPATH\CodeIgniter.php(927): App\Controllers\Pelanggaran->index()
 5 SYSTEMPATH\CodeIgniter.php(482): CodeIgniter\CodeIgniter->runController(Object(App\Controllers\Pelanggaran))
 6 SYSTEMPATH\CodeIgniter.php(351): CodeIgniter\CodeIgniter->handleRequest(null, Object(Config\Cache), false)
 7 FCPATH\index.php(67): CodeIgniter\CodeIgniter->run()
CRITICAL - 2022-12-20 21:20:52 --> Invalid file: pelanggaran/jenisPelanggaran.php
in SYSTEMPATH\Exceptions\FrameworkException.php on line 33.
 1 SYSTEMPATH\View\View.php(201): CodeIgniter\Exceptions\FrameworkException::forInvalidFile('pelanggaran/jenisPelanggaran.php')
 2 SYSTEMPATH\Common.php(1134): CodeIgniter\View\View->render('pelanggaran/jenisPelanggaran', [], true)
 3 APPPATH\Controllers\Pelanggaran.php(21): view('pelanggaran/jenisPelanggaran', [...])
 4 SYSTEMPATH\CodeIgniter.php(927): App\Controllers\Pelanggaran->index()
 5 SYSTEMPATH\CodeIgniter.php(482): CodeIgniter\CodeIgniter->runController(Object(App\Controllers\Pelanggaran))
 6 SYSTEMPATH\CodeIgniter.php(351): CodeIgniter\CodeIgniter->handleRequest(null, Object(Config\Cache), false)
 7 FCPATH\index.php(67): CodeIgniter\CodeIgniter->run()
CRITICAL - 2022-12-20 21:23:42 --> Invalid file: pelanggaran/jenisPelanggaran.php
in SYSTEMPATH\Exceptions\FrameworkException.php on line 33.
 1 SYSTEMPATH\View\View.php(201): CodeIgniter\Exceptions\FrameworkException::forInvalidFile('pelanggaran/jenisPelanggaran.php')
 2 SYSTEMPATH\Common.php(1134): CodeIgniter\View\View->render('pelanggaran/jenisPelanggaran', [], true)
 3 APPPATH\Controllers\Pelanggaran.php(23): view('pelanggaran/jenisPelanggaran', [...])
 4 SYSTEMPATH\CodeIgniter.php(927): App\Controllers\Pelanggaran->index()
 5 SYSTEMPATH\CodeIgniter.php(482): CodeIgniter\CodeIgniter->runController(Object(App\Controllers\Pelanggaran))
 6 SYSTEMPATH\CodeIgniter.php(351): CodeIgniter\CodeIgniter->handleRequest(null, Object(Config\Cache), false)
 7 FCPATH\index.php(67): CodeIgniter\CodeIgniter->run()
CRITICAL - 2022-12-20 21:25:07 --> Invalid file: pelanggaran/jenisPelanggaran.php
in SYSTEMPATH\Exceptions\FrameworkException.php on line 33.
 1 SYSTEMPATH\View\View.php(201): CodeIgniter\Exceptions\FrameworkException::forInvalidFile('pelanggaran/jenisPelanggaran.php')
 2 SYSTEMPATH\Common.php(1134): CodeIgniter\View\View->render('pelanggaran/jenisPelanggaran', [], true)
 3 APPPATH\Controllers\Pelanggaran.php(22): view('pelanggaran/jenisPelanggaran')
 4 SYSTEMPATH\CodeIgniter.php(927): App\Controllers\Pelanggaran->index()
 5 SYSTEMPATH\CodeIgniter.php(482): CodeIgniter\CodeIgniter->runController(Object(App\Controllers\Pelanggaran))
 6 SYSTEMPATH\CodeIgniter.php(351): CodeIgniter\CodeIgniter->handleRequest(null, Object(Config\Cache), false)
 7 FCPATH\index.php(67): CodeIgniter\CodeIgniter->run()
CRITICAL - 2022-12-20 21:25:13 --> Invalid file: pelanggaran/jenisPelanggaran.php
in SYSTEMPATH\Exceptions\FrameworkException.php on line 33.
 1 SYSTEMPATH\View\View.php(201): CodeIgniter\Exceptions\FrameworkException::forInvalidFile('pelanggaran/jenisPelanggaran.php')
 2 SYSTEMPATH\Common.php(1134): CodeIgniter\View\View->render('pelanggaran/jenisPelanggaran', [], true)
 3 APPPATH\Controllers\Pelanggaran.php(22): view('pelanggaran/jenisPelanggaran')
 4 SYSTEMPATH\CodeIgniter.php(927): App\Controllers\Pelanggaran->index()
 5 SYSTEMPATH\CodeIgniter.php(482): CodeIgniter\CodeIgniter->runController(Object(App\Controllers\Pelanggaran))
 6 SYSTEMPATH\CodeIgniter.php(351): CodeIgniter\CodeIgniter->handleRequest(null, Object(Config\Cache), false)
 7 FCPATH\index.php(67): CodeIgniter\CodeIgniter->run()
CRITICAL - 2022-12-20 21:33:14 --> Invalid file: pelanggaran/jenisPelanggaran.php
in SYSTEMPATH\Exceptions\FrameworkException.php on line 33.
 1 SYSTEMPATH\View\View.php(201): CodeIgniter\Exceptions\FrameworkException::forInvalidFile('pelanggaran/jenisPelanggaran.php')
 2 SYSTEMPATH\Common.php(1134): CodeIgniter\View\View->render('pelanggaran/jenisPelanggaran', [], true)
 3 APPPATH\Controllers\Pelanggaran.php(23): view('pelanggaran/jenisPelanggaran', [...])
 4 SYSTEMPATH\CodeIgniter.php(927): App\Controllers\Pelanggaran->index()
 5 SYSTEMPATH\CodeIgniter.php(482): CodeIgniter\CodeIgniter->runController(Object(App\Controllers\Pelanggaran))
 6 SYSTEMPATH\CodeIgniter.php(351): CodeIgniter\CodeIgniter->handleRequest(null, Object(Config\Cache), false)
 7 FCPATH\index.php(67): CodeIgniter\CodeIgniter->run()
CRITICAL - 2022-12-20 21:34:23 --> Invalid file: home/jenisPelanggaran/.php
in SYSTEMPATH\Exceptions\FrameworkException.php on line 33.
 1 SYSTEMPATH\View\View.php(201): CodeIgniter\Exceptions\FrameworkException::forInvalidFile('home/jenisPelanggaran/.php')
 2 SYSTEMPATH\Common.php(1134): CodeIgniter\View\View->render('home/jenisPelanggaran/', [], true)
 3 APPPATH\Controllers\Pelanggaran.php(23): view('home/jenisPelanggaran/', [...])
 4 SYSTEMPATH\CodeIgniter.php(927): App\Controllers\Pelanggaran->index()
 5 SYSTEMPATH\CodeIgniter.php(482): CodeIgniter\CodeIgniter->runController(Object(App\Controllers\Pelanggaran))
 6 SYSTEMPATH\CodeIgniter.php(351): CodeIgniter\CodeIgniter->handleRequest(null, Object(Config\Cache), false)
 7 FCPATH\index.php(67): CodeIgniter\CodeIgniter->run()
ERROR - 2022-12-20 21:34:41 --> mysqli_sql_exception: Duplicate entry '' for key 'PRIMARY' in C:\xampp\htdocs\myproject\system\Database\MySQLi\Connection.php:292
Stack trace:
#0 C:\xampp\htdocs\myproject\system\Database\MySQLi\Connection.php(292): mysqli->query('INSERT INTO `tb...', 0)
#1 C:\xampp\htdocs\myproject\system\Database\BaseConnection.php(666): CodeIgniter\Database\MySQLi\Connection->execute('INSERT INTO `tb...')
#2 C:\xampp\htdocs\myproject\system\Database\BaseConnection.php(593): CodeIgniter\Database\BaseConnection->simpleQuery('INSERT INTO `tb...')
#3 C:\xampp\htdocs\myproject\system\Database\BaseBuilder.php(1916): CodeIgniter\Database\BaseConnection->query('INSERT INTO `tb...', Array, false)
#4 C:\xampp\htdocs\myproject\system\Model.php(279): CodeIgniter\Database\BaseBuilder->insert()
#5 C:\xampp\htdocs\myproject\system\BaseModel.php(749): CodeIgniter\Model->doInsert(Array)
#6 C:\xampp\htdocs\myproject\system\Model.php(667): CodeIgniter\BaseModel->insert(Array, false)
#7 C:\xampp\htdocs\myproject\app\Controllers\Home.php(283): CodeIgniter\Model->insert(Array, false)
#8 C:\xampp\htdocs\myproject\system\CodeIgniter.php(927): App\Controllers\Home->simpanjenispelanggaran()
#9 C:\xampp\htdocs\myproject\system\CodeIgniter.php(482): CodeIgniter\CodeIgniter->runController(Object(App\Controllers\Home))
#10 C:\xampp\htdocs\myproject\system\CodeIgniter.php(351): CodeIgniter\CodeIgniter->handleRequest(NULL, Object(Config\Cache), false)
#11 C:\xampp\htdocs\myproject\public\index.php(67): CodeIgniter\CodeIgniter->run()
#12 {main}
CRITICAL - 2022-12-20 21:34:41 --> Duplicate entry '' for key 'PRIMARY'
in SYSTEMPATH\Database\MySQLi\Connection.php on line 292.
 1 SYSTEMPATH\Database\MySQLi\Connection.php(292): mysqli->query('INSERT INTO `tblpelaku` (`idPelaku`) VALUES (\'\')', 0)
 2 SYSTEMPATH\Database\BaseConnection.php(666): CodeIgniter\Database\MySQLi\Connection->execute('INSERT INTO `tblpelaku` (`idPelaku`) VALUES (\'\')')
 3 SYSTEMPATH\Database\BaseConnection.php(593): CodeIgniter\Database\BaseConnection->simpleQuery('INSERT INTO `tblpelaku` (`idPelaku`) VALUES (\'\')')
 4 SYSTEMPATH\Database\BaseBuilder.php(1916): CodeIgniter\Database\BaseConnection->query('INSERT INTO `tblpelaku` (`idPelaku`) VALUES (:idPelaku:)', [...], false)
 5 SYSTEMPATH\Model.php(279): CodeIgniter\Database\BaseBuilder->insert()
 6 SYSTEMPATH\BaseModel.php(749): CodeIgniter\Model->doInsert([...])
 7 SYSTEMPATH\Model.php(667): CodeIgniter\BaseModel->insert([...], false)
 8 APPPATH\Controllers\Home.php(283): CodeIgniter\Model->insert([...], false)
 9 SYSTEMPATH\CodeIgniter.php(927): App\Controllers\Home->simpanjenispelanggaran()
10 SYSTEMPATH\CodeIgniter.php(482): CodeIgniter\CodeIgniter->runController(Object(App\Controllers\Home))
11 SYSTEMPATH\CodeIgniter.php(351): CodeIgniter\CodeIgniter->handleRequest(null, Object(Config\Cache), false)
12 FCPATH\index.php(67): CodeIgniter\CodeIgniter->run()
CRITICAL - 2022-12-20 21:35:06 --> Invalid file: pelanggaran/jenisPelanggaran.php
in SYSTEMPATH\Exceptions\FrameworkException.php on line 33.
 1 SYSTEMPATH\View\View.php(201): CodeIgniter\Exceptions\FrameworkException::forInvalidFile('pelanggaran/jenisPelanggaran.php')
 2 SYSTEMPATH\Common.php(1134): CodeIgniter\View\View->render('pelanggaran/jenisPelanggaran', [], true)
 3 APPPATH\Controllers\Pelanggaran.php(23): view('pelanggaran/jenisPelanggaran', [...])
 4 SYSTEMPATH\CodeIgniter.php(927): App\Controllers\Pelanggaran->index()
 5 SYSTEMPATH\CodeIgniter.php(482): CodeIgniter\CodeIgniter->runController(Object(App\Controllers\Pelanggaran))
 6 SYSTEMPATH\CodeIgniter.php(351): CodeIgniter\CodeIgniter->handleRequest(null, Object(Config\Cache), false)
 7 FCPATH\index.php(67): CodeIgniter\CodeIgniter->run()
