CRITICAL - 2022-11-21 06:14:15 --> Undefined variable $pesan_ui
in APPPATH\Views\Register\index.php on line 91.
 1 APPPATH\Views\Register\index.php(91): CodeIgniter\Debug\Exceptions->errorHandler(2, 'Undefined variable $pesan_ui', 'APPPATH\\Views\\Register\\index.php', 91)
 2 SYSTEMPATH\View\View.php(213): include('APPPATH\\Views\\Register\\index.php')
 3 SYSTEMPATH\View\View.php(216): CodeIgniter\View\View->CodeIgniter\View\{closure}()
 4 SYSTEMPATH\Common.php(1134): CodeIgniter\View\View->render('register/index', [], true)
 5 APPPATH\Controllers\Login.php(42): view('register/index')
 6 SYSTEMPATH\CodeIgniter.php(927): App\Controllers\Login->register()
 7 SYSTEMPATH\CodeIgniter.php(482): CodeIgniter\CodeIgniter->runController(Object(App\Controllers\Login))
 8 SYSTEMPATH\CodeIgniter.php(351): CodeIgniter\CodeIgniter->handleRequest(null, Object(Config\Cache), false)
 9 FCPATH\index.php(67): CodeIgniter\CodeIgniter->run()
CRITICAL - 2022-11-21 06:15:56 --> Undefined variable $pesan_ui
in APPPATH\Views\Register\index.php on line 91.
 1 APPPATH\Views\Register\index.php(91): CodeIgniter\Debug\Exceptions->errorHandler(2, 'Undefined variable $pesan_ui', 'APPPATH\\Views\\Register\\index.php', 91)
 2 SYSTEMPATH\View\View.php(213): include('APPPATH\\Views\\Register\\index.php')
 3 SYSTEMPATH\View\View.php(216): CodeIgniter\View\View->CodeIgniter\View\{closure}()
 4 SYSTEMPATH\Common.php(1134): CodeIgniter\View\View->render('register/index', [], true)
 5 APPPATH\Controllers\Login.php(42): view('register/index')
 6 SYSTEMPATH\CodeIgniter.php(927): App\Controllers\Login->register()
 7 SYSTEMPATH\CodeIgniter.php(482): CodeIgniter\CodeIgniter->runController(Object(App\Controllers\Login))
 8 SYSTEMPATH\CodeIgniter.php(351): CodeIgniter\CodeIgniter->handleRequest(null, Object(Config\Cache), false)
 9 FCPATH\index.php(67): CodeIgniter\CodeIgniter->run()
CRITICAL - 2022-11-21 06:16:01 --> Undefined variable $pesan_ui
in APPPATH\Views\Register\index.php on line 91.
 1 APPPATH\Views\Register\index.php(91): CodeIgniter\Debug\Exceptions->errorHandler(2, 'Undefined variable $pesan_ui', 'APPPATH\\Views\\Register\\index.php', 91)
 2 SYSTEMPATH\View\View.php(213): include('APPPATH\\Views\\Register\\index.php')
 3 SYSTEMPATH\View\View.php(216): CodeIgniter\View\View->CodeIgniter\View\{closure}()
 4 SYSTEMPATH\Common.php(1134): CodeIgniter\View\View->render('register/index', [], true)
 5 APPPATH\Controllers\Login.php(42): view('register/index')
 6 SYSTEMPATH\CodeIgniter.php(927): App\Controllers\Login->register()
 7 SYSTEMPATH\CodeIgniter.php(482): CodeIgniter\CodeIgniter->runController(Object(App\Controllers\Login))
 8 SYSTEMPATH\CodeIgniter.php(351): CodeIgniter\CodeIgniter->handleRequest(null, Object(Config\Cache), false)
 9 FCPATH\index.php(67): CodeIgniter\CodeIgniter->run()
CRITICAL - 2022-11-21 06:16:52 --> Undefined variable $pesan_ui
in APPPATH\Views\Login\index.php on line 74.
 1 APPPATH\Views\Login\index.php(74): CodeIgniter\Debug\Exceptions->errorHandler(2, 'Undefined variable $pesan_ui', 'APPPATH\\Views\\Login\\index.php', 74)
 2 SYSTEMPATH\View\View.php(213): include('APPPATH\\Views\\Login\\index.php')
 3 SYSTEMPATH\View\View.php(216): CodeIgniter\View\View->CodeIgniter\View\{closure}()
 4 SYSTEMPATH\Common.php(1134): CodeIgniter\View\View->render('login/index', [], true)
 5 APPPATH\Controllers\Login.php(62): view('login/index')
 6 SYSTEMPATH\CodeIgniter.php(927): App\Controllers\Login->daftar()
 7 SYSTEMPATH\CodeIgniter.php(482): CodeIgniter\CodeIgniter->runController(Object(App\Controllers\Login))
 8 SYSTEMPATH\CodeIgniter.php(351): CodeIgniter\CodeIgniter->handleRequest(null, Object(Config\Cache), false)
 9 FCPATH\index.php(67): CodeIgniter\CodeIgniter->run()
CRITICAL - 2022-11-21 06:17:52 --> Undefined variable $pesan_ui
in APPPATH\Views\Login\index.php on line 74.
 1 APPPATH\Views\Login\index.php(74): CodeIgniter\Debug\Exceptions->errorHandler(2, 'Undefined variable $pesan_ui', 'APPPATH\\Views\\Login\\index.php', 74)
 2 SYSTEMPATH\View\View.php(213): include('APPPATH\\Views\\Login\\index.php')
 3 SYSTEMPATH\View\View.php(216): CodeIgniter\View\View->CodeIgniter\View\{closure}()
 4 SYSTEMPATH\Common.php(1134): CodeIgniter\View\View->render('login/index', [], true)
 5 APPPATH\Controllers\Login.php(62): view('login/index')
 6 SYSTEMPATH\CodeIgniter.php(927): App\Controllers\Login->daftar()
 7 SYSTEMPATH\CodeIgniter.php(482): CodeIgniter\CodeIgniter->runController(Object(App\Controllers\Login))
 8 SYSTEMPATH\CodeIgniter.php(351): CodeIgniter\CodeIgniter->handleRequest(null, Object(Config\Cache), false)
 9 FCPATH\index.php(67): CodeIgniter\CodeIgniter->run()
CRITICAL - 2022-11-21 06:20:21 --> Undefined variable $pesan_ui
in APPPATH\Views\Register\index.php on line 89.
 1 APPPATH\Views\Register\index.php(89): CodeIgniter\Debug\Exceptions->errorHandler(2, 'Undefined variable $pesan_ui', 'APPPATH\\Views\\Register\\index.php', 89)
 2 SYSTEMPATH\View\View.php(213): include('APPPATH\\Views\\Register\\index.php')
 3 SYSTEMPATH\View\View.php(216): CodeIgniter\View\View->CodeIgniter\View\{closure}()
 4 SYSTEMPATH\Common.php(1134): CodeIgniter\View\View->render('register/index', [], true)
 5 APPPATH\Controllers\Login.php(42): view('register/index')
 6 SYSTEMPATH\CodeIgniter.php(927): App\Controllers\Login->register()
 7 SYSTEMPATH\CodeIgniter.php(482): CodeIgniter\CodeIgniter->runController(Object(App\Controllers\Login))
 8 SYSTEMPATH\CodeIgniter.php(351): CodeIgniter\CodeIgniter->handleRequest(null, Object(Config\Cache), false)
 9 FCPATH\index.php(67): CodeIgniter\CodeIgniter->run()
CRITICAL - 2022-11-21 06:20:27 --> Undefined variable $pesan_ui
in APPPATH\Views\Register\index.php on line 89.
 1 APPPATH\Views\Register\index.php(89): CodeIgniter\Debug\Exceptions->errorHandler(2, 'Undefined variable $pesan_ui', 'APPPATH\\Views\\Register\\index.php', 89)
 2 SYSTEMPATH\View\View.php(213): include('APPPATH\\Views\\Register\\index.php')
 3 SYSTEMPATH\View\View.php(216): CodeIgniter\View\View->CodeIgniter\View\{closure}()
 4 SYSTEMPATH\Common.php(1134): CodeIgniter\View\View->render('register/index', [], true)
 5 APPPATH\Controllers\Login.php(42): view('register/index')
 6 SYSTEMPATH\CodeIgniter.php(927): App\Controllers\Login->register()
 7 SYSTEMPATH\CodeIgniter.php(482): CodeIgniter\CodeIgniter->runController(Object(App\Controllers\Login))
 8 SYSTEMPATH\CodeIgniter.php(351): CodeIgniter\CodeIgniter->handleRequest(null, Object(Config\Cache), false)
 9 FCPATH\index.php(67): CodeIgniter\CodeIgniter->run()
CRITICAL - 2022-11-21 06:32:34 --> Undefined property: App\Controllers\Login::$db
in APPPATH\Controllers\Login.php on line 64.
 1 APPPATH\Controllers\Login.php(64): CodeIgniter\Debug\Exceptions->errorHandler(2, 'Undefined property: App\\Controllers\\Login::$db', 'APPPATH\\Controllers\\Login.php', 64)
 2 SYSTEMPATH\CodeIgniter.php(927): App\Controllers\Login->daftar()
 3 SYSTEMPATH\CodeIgniter.php(482): CodeIgniter\CodeIgniter->runController(Object(App\Controllers\Login))
 4 SYSTEMPATH\CodeIgniter.php(351): CodeIgniter\CodeIgniter->handleRequest(null, Object(Config\Cache), false)
 5 FCPATH\index.php(67): CodeIgniter\CodeIgniter->run()
ERROR - 2022-11-21 06:40:05 --> mysqli_sql_exception: Column 'password' cannot be null in C:\xampp\htdocs\ecatalog\system\Database\MySQLi\Connection.php:292
Stack trace:
#0 C:\xampp\htdocs\ecatalog\system\Database\MySQLi\Connection.php(292): mysqli->query('INSERT INTO `us...', 0)
#1 C:\xampp\htdocs\ecatalog\system\Database\BaseConnection.php(666): CodeIgniter\Database\MySQLi\Connection->execute('INSERT INTO `us...')
#2 C:\xampp\htdocs\ecatalog\system\Database\BaseConnection.php(593): CodeIgniter\Database\BaseConnection->simpleQuery('INSERT INTO `us...')
#3 C:\xampp\htdocs\ecatalog\system\Database\BaseBuilder.php(1916): CodeIgniter\Database\BaseConnection->query('INSERT INTO `us...', Array, false)
#4 C:\xampp\htdocs\ecatalog\system\Model.php(279): CodeIgniter\Database\BaseBuilder->insert()
#5 C:\xampp\htdocs\ecatalog\system\BaseModel.php(749): CodeIgniter\Model->doInsert(Array)
#6 C:\xampp\htdocs\ecatalog\system\Model.php(667): CodeIgniter\BaseModel->insert(Array, true)
#7 C:\xampp\htdocs\ecatalog\app\Controllers\Login.php(63): CodeIgniter\Model->insert(Array)
#8 C:\xampp\htdocs\ecatalog\system\CodeIgniter.php(927): App\Controllers\Login->daftar()
#9 C:\xampp\htdocs\ecatalog\system\CodeIgniter.php(482): CodeIgniter\CodeIgniter->runController(Object(App\Controllers\Login))
#10 C:\xampp\htdocs\ecatalog\system\CodeIgniter.php(351): CodeIgniter\CodeIgniter->handleRequest(NULL, Object(Config\Cache), false)
#11 C:\xampp\htdocs\ecatalog\public\index.php(67): CodeIgniter\CodeIgniter->run()
#12 {main}
CRITICAL - 2022-11-21 06:40:05 --> Column 'password' cannot be null
in SYSTEMPATH\Database\MySQLi\Connection.php on line 292.
 1 SYSTEMPATH\Database\MySQLi\Connection.php(292): mysqli->query('INSERT INTO `user` (`nama`, `username`, `password`) VALUES (\'Putri Nabella\', \'nabella\', NULL)', 0)
 2 SYSTEMPATH\Database\BaseConnection.php(666): CodeIgniter\Database\MySQLi\Connection->execute('INSERT INTO `user` (`nama`, `username`, `password`) VALUES (\'Putri Nabella\', \'nabella\', NULL)')
 3 SYSTEMPATH\Database\BaseConnection.php(593): CodeIgniter\Database\BaseConnection->simpleQuery('INSERT INTO `user` (`nama`, `username`, `password`) VALUES (\'Putri Nabella\', \'nabella\', NULL)')
 4 SYSTEMPATH\Database\BaseBuilder.php(1916): CodeIgniter\Database\BaseConnection->query('INSERT INTO `user` (`nama`, `username`, `password`) VALUES (:nama:, :username:, :password:)', [...], false)
 5 SYSTEMPATH\Model.php(279): CodeIgniter\Database\BaseBuilder->insert()
 6 SYSTEMPATH\BaseModel.php(749): CodeIgniter\Model->doInsert([...])
 7 SYSTEMPATH\Model.php(667): CodeIgniter\BaseModel->insert([...], true)
 8 APPPATH\Controllers\Login.php(63): CodeIgniter\Model->insert([...])
 9 SYSTEMPATH\CodeIgniter.php(927): App\Controllers\Login->daftar()
10 SYSTEMPATH\CodeIgniter.php(482): CodeIgniter\CodeIgniter->runController(Object(App\Controllers\Login))
11 SYSTEMPATH\CodeIgniter.php(351): CodeIgniter\CodeIgniter->handleRequest(null, Object(Config\Cache), false)
12 FCPATH\index.php(67): CodeIgniter\CodeIgniter->run()
ERROR - 2022-11-21 06:40:36 --> mysqli_sql_exception: Column 'password' cannot be null in C:\xampp\htdocs\ecatalog\system\Database\MySQLi\Connection.php:292
Stack trace:
#0 C:\xampp\htdocs\ecatalog\system\Database\MySQLi\Connection.php(292): mysqli->query('INSERT INTO `us...', 0)
#1 C:\xampp\htdocs\ecatalog\system\Database\BaseConnection.php(666): CodeIgniter\Database\MySQLi\Connection->execute('INSERT INTO `us...')
#2 C:\xampp\htdocs\ecatalog\system\Database\BaseConnection.php(593): CodeIgniter\Database\BaseConnection->simpleQuery('INSERT INTO `us...')
#3 C:\xampp\htdocs\ecatalog\system\Database\BaseBuilder.php(1916): CodeIgniter\Database\BaseConnection->query('INSERT INTO `us...', Array, false)
#4 C:\xampp\htdocs\ecatalog\system\Model.php(279): CodeIgniter\Database\BaseBuilder->insert()
#5 C:\xampp\htdocs\ecatalog\system\BaseModel.php(749): CodeIgniter\Model->doInsert(Array)
#6 C:\xampp\htdocs\ecatalog\system\Model.php(667): CodeIgniter\BaseModel->insert(Array, true)
#7 C:\xampp\htdocs\ecatalog\app\Controllers\Login.php(63): CodeIgniter\Model->insert(Array)
#8 C:\xampp\htdocs\ecatalog\system\CodeIgniter.php(927): App\Controllers\Login->daftar()
#9 C:\xampp\htdocs\ecatalog\system\CodeIgniter.php(482): CodeIgniter\CodeIgniter->runController(Object(App\Controllers\Login))
#10 C:\xampp\htdocs\ecatalog\system\CodeIgniter.php(351): CodeIgniter\CodeIgniter->handleRequest(NULL, Object(Config\Cache), false)
#11 C:\xampp\htdocs\ecatalog\public\index.php(67): CodeIgniter\CodeIgniter->run()
#12 {main}
CRITICAL - 2022-11-21 06:40:36 --> Column 'password' cannot be null
in SYSTEMPATH\Database\MySQLi\Connection.php on line 292.
 1 SYSTEMPATH\Database\MySQLi\Connection.php(292): mysqli->query('INSERT INTO `user` (`nama`, `username`, `password`) VALUES (\'Putri Nabella\', \'nabella\', NULL)', 0)
 2 SYSTEMPATH\Database\BaseConnection.php(666): CodeIgniter\Database\MySQLi\Connection->execute('INSERT INTO `user` (`nama`, `username`, `password`) VALUES (\'Putri Nabella\', \'nabella\', NULL)')
 3 SYSTEMPATH\Database\BaseConnection.php(593): CodeIgniter\Database\BaseConnection->simpleQuery('INSERT INTO `user` (`nama`, `username`, `password`) VALUES (\'Putri Nabella\', \'nabella\', NULL)')
 4 SYSTEMPATH\Database\BaseBuilder.php(1916): CodeIgniter\Database\BaseConnection->query('INSERT INTO `user` (`nama`, `username`, `password`) VALUES (:nama:, :username:, :password:)', [...], false)
 5 SYSTEMPATH\Model.php(279): CodeIgniter\Database\BaseBuilder->insert()
 6 SYSTEMPATH\BaseModel.php(749): CodeIgniter\Model->doInsert([...])
 7 SYSTEMPATH\Model.php(667): CodeIgniter\BaseModel->insert([...], true)
 8 APPPATH\Controllers\Login.php(63): CodeIgniter\Model->insert([...])
 9 SYSTEMPATH\CodeIgniter.php(927): App\Controllers\Login->daftar()
10 SYSTEMPATH\CodeIgniter.php(482): CodeIgniter\CodeIgniter->runController(Object(App\Controllers\Login))
11 SYSTEMPATH\CodeIgniter.php(351): CodeIgniter\CodeIgniter->handleRequest(null, Object(Config\Cache), false)
12 FCPATH\index.php(67): CodeIgniter\CodeIgniter->run()
ERROR - 2022-11-21 06:41:48 --> mysqli_sql_exception: Column 'password' cannot be null in C:\xampp\htdocs\ecatalog\system\Database\MySQLi\Connection.php:292
Stack trace:
#0 C:\xampp\htdocs\ecatalog\system\Database\MySQLi\Connection.php(292): mysqli->query('INSERT INTO `us...', 0)
#1 C:\xampp\htdocs\ecatalog\system\Database\BaseConnection.php(666): CodeIgniter\Database\MySQLi\Connection->execute('INSERT INTO `us...')
#2 C:\xampp\htdocs\ecatalog\system\Database\BaseConnection.php(593): CodeIgniter\Database\BaseConnection->simpleQuery('INSERT INTO `us...')
#3 C:\xampp\htdocs\ecatalog\system\Database\BaseBuilder.php(1916): CodeIgniter\Database\BaseConnection->query('INSERT INTO `us...', Array, false)
#4 C:\xampp\htdocs\ecatalog\system\Model.php(279): CodeIgniter\Database\BaseBuilder->insert()
#5 C:\xampp\htdocs\ecatalog\system\BaseModel.php(749): CodeIgniter\Model->doInsert(Array)
#6 C:\xampp\htdocs\ecatalog\system\Model.php(667): CodeIgniter\BaseModel->insert(Array, true)
#7 C:\xampp\htdocs\ecatalog\app\Controllers\Login.php(64): CodeIgniter\Model->insert(Array)
#8 C:\xampp\htdocs\ecatalog\system\CodeIgniter.php(927): App\Controllers\Login->daftar()
#9 C:\xampp\htdocs\ecatalog\system\CodeIgniter.php(482): CodeIgniter\CodeIgniter->runController(Object(App\Controllers\Login))
#10 C:\xampp\htdocs\ecatalog\system\CodeIgniter.php(351): CodeIgniter\CodeIgniter->handleRequest(NULL, Object(Config\Cache), false)
#11 C:\xampp\htdocs\ecatalog\public\index.php(67): CodeIgniter\CodeIgniter->run()
#12 {main}
CRITICAL - 2022-11-21 06:41:48 --> Column 'password' cannot be null
in SYSTEMPATH\Database\MySQLi\Connection.php on line 292.
 1 SYSTEMPATH\Database\MySQLi\Connection.php(292): mysqli->query('INSERT INTO `user` (`nama`, `username`, `password`) VALUES (\'Putri Nabella\', \'nabella\', NULL)', 0)
 2 SYSTEMPATH\Database\BaseConnection.php(666): CodeIgniter\Database\MySQLi\Connection->execute('INSERT INTO `user` (`nama`, `username`, `password`) VALUES (\'Putri Nabella\', \'nabella\', NULL)')
 3 SYSTEMPATH\Database\BaseConnection.php(593): CodeIgniter\Database\BaseConnection->simpleQuery('INSERT INTO `user` (`nama`, `username`, `password`) VALUES (\'Putri Nabella\', \'nabella\', NULL)')
 4 SYSTEMPATH\Database\BaseBuilder.php(1916): CodeIgniter\Database\BaseConnection->query('INSERT INTO `user` (`nama`, `username`, `password`) VALUES (:nama:, :username:, :password:)', [...], false)
 5 SYSTEMPATH\Model.php(279): CodeIgniter\Database\BaseBuilder->insert()
 6 SYSTEMPATH\BaseModel.php(749): CodeIgniter\Model->doInsert([...])
 7 SYSTEMPATH\Model.php(667): CodeIgniter\BaseModel->insert([...], true)
 8 APPPATH\Controllers\Login.php(64): CodeIgniter\Model->insert([...])
 9 SYSTEMPATH\CodeIgniter.php(927): App\Controllers\Login->daftar()
10 SYSTEMPATH\CodeIgniter.php(482): CodeIgniter\CodeIgniter->runController(Object(App\Controllers\Login))
11 SYSTEMPATH\CodeIgniter.php(351): CodeIgniter\CodeIgniter->handleRequest(null, Object(Config\Cache), false)
12 FCPATH\index.php(67): CodeIgniter\CodeIgniter->run()
ERROR - 2022-11-21 06:53:31 --> mysqli_sql_exception: Column 'password' cannot be null in C:\xampp\htdocs\ecatalog\system\Database\MySQLi\Connection.php:292
Stack trace:
#0 C:\xampp\htdocs\ecatalog\system\Database\MySQLi\Connection.php(292): mysqli->query('INSERT INTO `us...', 0)
#1 C:\xampp\htdocs\ecatalog\system\Database\BaseConnection.php(666): CodeIgniter\Database\MySQLi\Connection->execute('INSERT INTO `us...')
#2 C:\xampp\htdocs\ecatalog\system\Database\BaseConnection.php(593): CodeIgniter\Database\BaseConnection->simpleQuery('INSERT INTO `us...')
#3 C:\xampp\htdocs\ecatalog\system\Database\BaseBuilder.php(1916): CodeIgniter\Database\BaseConnection->query('INSERT INTO `us...', Array, false)
#4 C:\xampp\htdocs\ecatalog\app\Models\UserModel.php(22): CodeIgniter\Database\BaseBuilder->insert(Array)
#5 C:\xampp\htdocs\ecatalog\app\Controllers\Login.php(64): App\Models\UserModel->insertData(Array)
#6 C:\xampp\htdocs\ecatalog\system\CodeIgniter.php(927): App\Controllers\Login->daftar()
#7 C:\xampp\htdocs\ecatalog\system\CodeIgniter.php(482): CodeIgniter\CodeIgniter->runController(Object(App\Controllers\Login))
#8 C:\xampp\htdocs\ecatalog\system\CodeIgniter.php(351): CodeIgniter\CodeIgniter->handleRequest(NULL, Object(Config\Cache), false)
#9 C:\xampp\htdocs\ecatalog\public\index.php(67): CodeIgniter\CodeIgniter->run()
#10 {main}
CRITICAL - 2022-11-21 06:53:31 --> Column 'password' cannot be null
in SYSTEMPATH\Database\MySQLi\Connection.php on line 292.
 1 SYSTEMPATH\Database\MySQLi\Connection.php(292): mysqli->query('INSERT INTO `user` (`nama`, `username`, `password`) VALUES (\'Putri Nabella\', \'nabella\', NULL)', 0)
 2 SYSTEMPATH\Database\BaseConnection.php(666): CodeIgniter\Database\MySQLi\Connection->execute('INSERT INTO `user` (`nama`, `username`, `password`) VALUES (\'Putri Nabella\', \'nabella\', NULL)')
 3 SYSTEMPATH\Database\BaseConnection.php(593): CodeIgniter\Database\BaseConnection->simpleQuery('INSERT INTO `user` (`nama`, `username`, `password`) VALUES (\'Putri Nabella\', \'nabella\', NULL)')
 4 SYSTEMPATH\Database\BaseBuilder.php(1916): CodeIgniter\Database\BaseConnection->query('INSERT INTO `user` (`nama`, `username`, `password`) VALUES (:nama:, :username:, :password:)', [...], false)
 5 APPPATH\Models\UserModel.php(22): CodeIgniter\Database\BaseBuilder->insert([...])
 6 APPPATH\Controllers\Login.php(64): App\Models\UserModel->insertData([...])
 7 SYSTEMPATH\CodeIgniter.php(927): App\Controllers\Login->daftar()
 8 SYSTEMPATH\CodeIgniter.php(482): CodeIgniter\CodeIgniter->runController(Object(App\Controllers\Login))
 9 SYSTEMPATH\CodeIgniter.php(351): CodeIgniter\CodeIgniter->handleRequest(null, Object(Config\Cache), false)
10 FCPATH\index.php(67): CodeIgniter\CodeIgniter->run()
ERROR - 2022-11-21 06:53:41 --> mysqli_sql_exception: Column 'password' cannot be null in C:\xampp\htdocs\ecatalog\system\Database\MySQLi\Connection.php:292
Stack trace:
#0 C:\xampp\htdocs\ecatalog\system\Database\MySQLi\Connection.php(292): mysqli->query('INSERT INTO `us...', 0)
#1 C:\xampp\htdocs\ecatalog\system\Database\BaseConnection.php(666): CodeIgniter\Database\MySQLi\Connection->execute('INSERT INTO `us...')
#2 C:\xampp\htdocs\ecatalog\system\Database\BaseConnection.php(593): CodeIgniter\Database\BaseConnection->simpleQuery('INSERT INTO `us...')
#3 C:\xampp\htdocs\ecatalog\system\Database\BaseBuilder.php(1916): CodeIgniter\Database\BaseConnection->query('INSERT INTO `us...', Array, false)
#4 C:\xampp\htdocs\ecatalog\app\Models\UserModel.php(22): CodeIgniter\Database\BaseBuilder->insert(Array)
#5 C:\xampp\htdocs\ecatalog\app\Controllers\Login.php(64): App\Models\UserModel->insertData(Array)
#6 C:\xampp\htdocs\ecatalog\system\CodeIgniter.php(927): App\Controllers\Login->daftar()
#7 C:\xampp\htdocs\ecatalog\system\CodeIgniter.php(482): CodeIgniter\CodeIgniter->runController(Object(App\Controllers\Login))
#8 C:\xampp\htdocs\ecatalog\system\CodeIgniter.php(351): CodeIgniter\CodeIgniter->handleRequest(NULL, Object(Config\Cache), false)
#9 C:\xampp\htdocs\ecatalog\public\index.php(67): CodeIgniter\CodeIgniter->run()
#10 {main}
CRITICAL - 2022-11-21 06:53:41 --> Column 'password' cannot be null
in SYSTEMPATH\Database\MySQLi\Connection.php on line 292.
 1 SYSTEMPATH\Database\MySQLi\Connection.php(292): mysqli->query('INSERT INTO `user` (`nama`, `username`, `password`) VALUES (\'Putri Nabella\', \'nabella\', NULL)', 0)
 2 SYSTEMPATH\Database\BaseConnection.php(666): CodeIgniter\Database\MySQLi\Connection->execute('INSERT INTO `user` (`nama`, `username`, `password`) VALUES (\'Putri Nabella\', \'nabella\', NULL)')
 3 SYSTEMPATH\Database\BaseConnection.php(593): CodeIgniter\Database\BaseConnection->simpleQuery('INSERT INTO `user` (`nama`, `username`, `password`) VALUES (\'Putri Nabella\', \'nabella\', NULL)')
 4 SYSTEMPATH\Database\BaseBuilder.php(1916): CodeIgniter\Database\BaseConnection->query('INSERT INTO `user` (`nama`, `username`, `password`) VALUES (:nama:, :username:, :password:)', [...], false)
 5 APPPATH\Models\UserModel.php(22): CodeIgniter\Database\BaseBuilder->insert([...])
 6 APPPATH\Controllers\Login.php(64): App\Models\UserModel->insertData([...])
 7 SYSTEMPATH\CodeIgniter.php(927): App\Controllers\Login->daftar()
 8 SYSTEMPATH\CodeIgniter.php(482): CodeIgniter\CodeIgniter->runController(Object(App\Controllers\Login))
 9 SYSTEMPATH\CodeIgniter.php(351): CodeIgniter\CodeIgniter->handleRequest(null, Object(Config\Cache), false)
10 FCPATH\index.php(67): CodeIgniter\CodeIgniter->run()
ERROR - 2022-11-21 06:53:56 --> mysqli_sql_exception: Column 'password' cannot be null in C:\xampp\htdocs\ecatalog\system\Database\MySQLi\Connection.php:292
Stack trace:
#0 C:\xampp\htdocs\ecatalog\system\Database\MySQLi\Connection.php(292): mysqli->query('INSERT INTO `us...', 0)
#1 C:\xampp\htdocs\ecatalog\system\Database\BaseConnection.php(666): CodeIgniter\Database\MySQLi\Connection->execute('INSERT INTO `us...')
#2 C:\xampp\htdocs\ecatalog\system\Database\BaseConnection.php(593): CodeIgniter\Database\BaseConnection->simpleQuery('INSERT INTO `us...')
#3 C:\xampp\htdocs\ecatalog\system\Database\BaseBuilder.php(1916): CodeIgniter\Database\BaseConnection->query('INSERT INTO `us...', Array, false)
#4 C:\xampp\htdocs\ecatalog\app\Models\UserModel.php(22): CodeIgniter\Database\BaseBuilder->insert(Array)
#5 C:\xampp\htdocs\ecatalog\app\Controllers\Login.php(64): App\Models\UserModel->insertData(Array)
#6 C:\xampp\htdocs\ecatalog\system\CodeIgniter.php(927): App\Controllers\Login->daftar()
#7 C:\xampp\htdocs\ecatalog\system\CodeIgniter.php(482): CodeIgniter\CodeIgniter->runController(Object(App\Controllers\Login))
#8 C:\xampp\htdocs\ecatalog\system\CodeIgniter.php(351): CodeIgniter\CodeIgniter->handleRequest(NULL, Object(Config\Cache), false)
#9 C:\xampp\htdocs\ecatalog\public\index.php(67): CodeIgniter\CodeIgniter->run()
#10 {main}
CRITICAL - 2022-11-21 06:53:56 --> Column 'password' cannot be null
in SYSTEMPATH\Database\MySQLi\Connection.php on line 292.
 1 SYSTEMPATH\Database\MySQLi\Connection.php(292): mysqli->query('INSERT INTO `user` (`nama`, `username`, `password`) VALUES (\'Putri Nabella\', \'nabella\', NULL)', 0)
 2 SYSTEMPATH\Database\BaseConnection.php(666): CodeIgniter\Database\MySQLi\Connection->execute('INSERT INTO `user` (`nama`, `username`, `password`) VALUES (\'Putri Nabella\', \'nabella\', NULL)')
 3 SYSTEMPATH\Database\BaseConnection.php(593): CodeIgniter\Database\BaseConnection->simpleQuery('INSERT INTO `user` (`nama`, `username`, `password`) VALUES (\'Putri Nabella\', \'nabella\', NULL)')
 4 SYSTEMPATH\Database\BaseBuilder.php(1916): CodeIgniter\Database\BaseConnection->query('INSERT INTO `user` (`nama`, `username`, `password`) VALUES (:nama:, :username:, :password:)', [...], false)
 5 APPPATH\Models\UserModel.php(22): CodeIgniter\Database\BaseBuilder->insert([...])
 6 APPPATH\Controllers\Login.php(64): App\Models\UserModel->insertData([...])
 7 SYSTEMPATH\CodeIgniter.php(927): App\Controllers\Login->daftar()
 8 SYSTEMPATH\CodeIgniter.php(482): CodeIgniter\CodeIgniter->runController(Object(App\Controllers\Login))
 9 SYSTEMPATH\CodeIgniter.php(351): CodeIgniter\CodeIgniter->handleRequest(null, Object(Config\Cache), false)
10 FCPATH\index.php(67): CodeIgniter\CodeIgniter->run()
ERROR - 2022-11-21 06:53:56 --> mysqli_sql_exception: Column 'password' cannot be null in C:\xampp\htdocs\ecatalog\system\Database\MySQLi\Connection.php:292
Stack trace:
#0 C:\xampp\htdocs\ecatalog\system\Database\MySQLi\Connection.php(292): mysqli->query('INSERT INTO `us...', 0)
#1 C:\xampp\htdocs\ecatalog\system\Database\BaseConnection.php(666): CodeIgniter\Database\MySQLi\Connection->execute('INSERT INTO `us...')
#2 C:\xampp\htdocs\ecatalog\system\Database\BaseConnection.php(593): CodeIgniter\Database\BaseConnection->simpleQuery('INSERT INTO `us...')
#3 C:\xampp\htdocs\ecatalog\system\Database\BaseBuilder.php(1916): CodeIgniter\Database\BaseConnection->query('INSERT INTO `us...', Array, false)
#4 C:\xampp\htdocs\ecatalog\app\Models\UserModel.php(22): CodeIgniter\Database\BaseBuilder->insert(Array)
#5 C:\xampp\htdocs\ecatalog\app\Controllers\Login.php(64): App\Models\UserModel->insertData(Array)
#6 C:\xampp\htdocs\ecatalog\system\CodeIgniter.php(927): App\Controllers\Login->daftar()
#7 C:\xampp\htdocs\ecatalog\system\CodeIgniter.php(482): CodeIgniter\CodeIgniter->runController(Object(App\Controllers\Login))
#8 C:\xampp\htdocs\ecatalog\system\CodeIgniter.php(351): CodeIgniter\CodeIgniter->handleRequest(NULL, Object(Config\Cache), false)
#9 C:\xampp\htdocs\ecatalog\public\index.php(67): CodeIgniter\CodeIgniter->run()
#10 {main}
CRITICAL - 2022-11-21 06:53:56 --> Column 'password' cannot be null
in SYSTEMPATH\Database\MySQLi\Connection.php on line 292.
 1 SYSTEMPATH\Database\MySQLi\Connection.php(292): mysqli->query('INSERT INTO `user` (`nama`, `username`, `password`) VALUES (\'Putri Nabella\', \'nabella\', NULL)', 0)
 2 SYSTEMPATH\Database\BaseConnection.php(666): CodeIgniter\Database\MySQLi\Connection->execute('INSERT INTO `user` (`nama`, `username`, `password`) VALUES (\'Putri Nabella\', \'nabella\', NULL)')
 3 SYSTEMPATH\Database\BaseConnection.php(593): CodeIgniter\Database\BaseConnection->simpleQuery('INSERT INTO `user` (`nama`, `username`, `password`) VALUES (\'Putri Nabella\', \'nabella\', NULL)')
 4 SYSTEMPATH\Database\BaseBuilder.php(1916): CodeIgniter\Database\BaseConnection->query('INSERT INTO `user` (`nama`, `username`, `password`) VALUES (:nama:, :username:, :password:)', [...], false)
 5 APPPATH\Models\UserModel.php(22): CodeIgniter\Database\BaseBuilder->insert([...])
 6 APPPATH\Controllers\Login.php(64): App\Models\UserModel->insertData([...])
 7 SYSTEMPATH\CodeIgniter.php(927): App\Controllers\Login->daftar()
 8 SYSTEMPATH\CodeIgniter.php(482): CodeIgniter\CodeIgniter->runController(Object(App\Controllers\Login))
 9 SYSTEMPATH\CodeIgniter.php(351): CodeIgniter\CodeIgniter->handleRequest(null, Object(Config\Cache), false)
10 FCPATH\index.php(67): CodeIgniter\CodeIgniter->run()
ERROR - 2022-11-21 06:56:20 --> mysqli_sql_exception: Column 'password' cannot be null in C:\xampp\htdocs\ecatalog\system\Database\MySQLi\Connection.php:292
Stack trace:
#0 C:\xampp\htdocs\ecatalog\system\Database\MySQLi\Connection.php(292): mysqli->query('INSERT INTO `us...', 0)
#1 C:\xampp\htdocs\ecatalog\system\Database\BaseConnection.php(666): CodeIgniter\Database\MySQLi\Connection->execute('INSERT INTO `us...')
#2 C:\xampp\htdocs\ecatalog\system\Database\BaseConnection.php(593): CodeIgniter\Database\BaseConnection->simpleQuery('INSERT INTO `us...')
#3 C:\xampp\htdocs\ecatalog\system\Database\BaseBuilder.php(1916): CodeIgniter\Database\BaseConnection->query('INSERT INTO `us...', Array, false)
#4 C:\xampp\htdocs\ecatalog\app\Models\UserModel.php(22): CodeIgniter\Database\BaseBuilder->insert(Array)
#5 C:\xampp\htdocs\ecatalog\app\Controllers\Login.php(64): App\Models\UserModel->insertData(Array)
#6 C:\xampp\htdocs\ecatalog\system\CodeIgniter.php(927): App\Controllers\Login->daftar()
#7 C:\xampp\htdocs\ecatalog\system\CodeIgniter.php(482): CodeIgniter\CodeIgniter->runController(Object(App\Controllers\Login))
#8 C:\xampp\htdocs\ecatalog\system\CodeIgniter.php(351): CodeIgniter\CodeIgniter->handleRequest(NULL, Object(Config\Cache), false)
#9 C:\xampp\htdocs\ecatalog\public\index.php(67): CodeIgniter\CodeIgniter->run()
#10 {main}
CRITICAL - 2022-11-21 06:56:20 --> Column 'password' cannot be null
in SYSTEMPATH\Database\MySQLi\Connection.php on line 292.
 1 SYSTEMPATH\Database\MySQLi\Connection.php(292): mysqli->query('INSERT INTO `user` (`nama`, `username`, `password`) VALUES (\'Putri Nabella\', \'nabella\', NULL)', 0)
 2 SYSTEMPATH\Database\BaseConnection.php(666): CodeIgniter\Database\MySQLi\Connection->execute('INSERT INTO `user` (`nama`, `username`, `password`) VALUES (\'Putri Nabella\', \'nabella\', NULL)')
 3 SYSTEMPATH\Database\BaseConnection.php(593): CodeIgniter\Database\BaseConnection->simpleQuery('INSERT INTO `user` (`nama`, `username`, `password`) VALUES (\'Putri Nabella\', \'nabella\', NULL)')
 4 SYSTEMPATH\Database\BaseBuilder.php(1916): CodeIgniter\Database\BaseConnection->query('INSERT INTO `user` (`nama`, `username`, `password`) VALUES (:nama:, :username:, :password:)', [...], false)
 5 APPPATH\Models\UserModel.php(22): CodeIgniter\Database\BaseBuilder->insert([...])
 6 APPPATH\Controllers\Login.php(64): App\Models\UserModel->insertData([...])
 7 SYSTEMPATH\CodeIgniter.php(927): App\Controllers\Login->daftar()
 8 SYSTEMPATH\CodeIgniter.php(482): CodeIgniter\CodeIgniter->runController(Object(App\Controllers\Login))
 9 SYSTEMPATH\CodeIgniter.php(351): CodeIgniter\CodeIgniter->handleRequest(null, Object(Config\Cache), false)
10 FCPATH\index.php(67): CodeIgniter\CodeIgniter->run()
ERROR - 2022-11-21 06:58:41 --> mysqli_sql_exception: Column 'password' cannot be null in C:\xampp\htdocs\ecatalog\system\Database\MySQLi\Connection.php:292
Stack trace:
#0 C:\xampp\htdocs\ecatalog\system\Database\MySQLi\Connection.php(292): mysqli->query('INSERT INTO `us...', 0)
#1 C:\xampp\htdocs\ecatalog\system\Database\BaseConnection.php(666): CodeIgniter\Database\MySQLi\Connection->execute('INSERT INTO `us...')
#2 C:\xampp\htdocs\ecatalog\system\Database\BaseConnection.php(593): CodeIgniter\Database\BaseConnection->simpleQuery('INSERT INTO `us...')
#3 C:\xampp\htdocs\ecatalog\system\Database\BaseBuilder.php(1916): CodeIgniter\Database\BaseConnection->query('INSERT INTO `us...', Array, false)
#4 C:\xampp\htdocs\ecatalog\app\Models\UserModel.php(22): CodeIgniter\Database\BaseBuilder->insert(Array)
#5 C:\xampp\htdocs\ecatalog\app\Controllers\Login.php(64): App\Models\UserModel->insertData(Array)
#6 C:\xampp\htdocs\ecatalog\system\CodeIgniter.php(927): App\Controllers\Login->daftar()
#7 C:\xampp\htdocs\ecatalog\system\CodeIgniter.php(482): CodeIgniter\CodeIgniter->runController(Object(App\Controllers\Login))
#8 C:\xampp\htdocs\ecatalog\system\CodeIgniter.php(351): CodeIgniter\CodeIgniter->handleRequest(NULL, Object(Config\Cache), false)
#9 C:\xampp\htdocs\ecatalog\public\index.php(67): CodeIgniter\CodeIgniter->run()
#10 {main}
CRITICAL - 2022-11-21 06:58:41 --> Column 'password' cannot be null
in SYSTEMPATH\Database\MySQLi\Connection.php on line 292.
 1 SYSTEMPATH\Database\MySQLi\Connection.php(292): mysqli->query('INSERT INTO `user` (`username`, `password`, `nama`) VALUES (\'nabella\', NULL, \'Putri Nabella\')', 0)
 2 SYSTEMPATH\Database\BaseConnection.php(666): CodeIgniter\Database\MySQLi\Connection->execute('INSERT INTO `user` (`username`, `password`, `nama`) VALUES (\'nabella\', NULL, \'Putri Nabella\')')
 3 SYSTEMPATH\Database\BaseConnection.php(593): CodeIgniter\Database\BaseConnection->simpleQuery('INSERT INTO `user` (`username`, `password`, `nama`) VALUES (\'nabella\', NULL, \'Putri Nabella\')')
 4 SYSTEMPATH\Database\BaseBuilder.php(1916): CodeIgniter\Database\BaseConnection->query('INSERT INTO `user` (`username`, `password`, `nama`) VALUES (:username:, :password:, :nama:)', [...], false)
 5 APPPATH\Models\UserModel.php(22): CodeIgniter\Database\BaseBuilder->insert([...])
 6 APPPATH\Controllers\Login.php(64): App\Models\UserModel->insertData([...])
 7 SYSTEMPATH\CodeIgniter.php(927): App\Controllers\Login->daftar()
 8 SYSTEMPATH\CodeIgniter.php(482): CodeIgniter\CodeIgniter->runController(Object(App\Controllers\Login))
 9 SYSTEMPATH\CodeIgniter.php(351): CodeIgniter\CodeIgniter->handleRequest(null, Object(Config\Cache), false)
10 FCPATH\index.php(67): CodeIgniter\CodeIgniter->run()
ERROR - 2022-11-21 07:01:51 --> mysqli_sql_exception: Column 'password' cannot be null in C:\xampp\htdocs\ecatalog\system\Database\MySQLi\Connection.php:292
Stack trace:
#0 C:\xampp\htdocs\ecatalog\system\Database\MySQLi\Connection.php(292): mysqli->query('INSERT INTO `us...', 0)
#1 C:\xampp\htdocs\ecatalog\system\Database\BaseConnection.php(666): CodeIgniter\Database\MySQLi\Connection->execute('INSERT INTO `us...')
#2 C:\xampp\htdocs\ecatalog\system\Database\BaseConnection.php(593): CodeIgniter\Database\BaseConnection->simpleQuery('INSERT INTO `us...')
#3 C:\xampp\htdocs\ecatalog\system\Database\BaseBuilder.php(1916): CodeIgniter\Database\BaseConnection->query('INSERT INTO `us...', Array, false)
#4 C:\xampp\htdocs\ecatalog\app\Models\UserModel.php(22): CodeIgniter\Database\BaseBuilder->insert(Array)
#5 C:\xampp\htdocs\ecatalog\app\Controllers\Login.php(64): App\Models\UserModel->insertData(Array)
#6 C:\xampp\htdocs\ecatalog\system\CodeIgniter.php(927): App\Controllers\Login->daftar()
#7 C:\xampp\htdocs\ecatalog\system\CodeIgniter.php(482): CodeIgniter\CodeIgniter->runController(Object(App\Controllers\Login))
#8 C:\xampp\htdocs\ecatalog\system\CodeIgniter.php(351): CodeIgniter\CodeIgniter->handleRequest(NULL, Object(Config\Cache), false)
#9 C:\xampp\htdocs\ecatalog\public\index.php(67): CodeIgniter\CodeIgniter->run()
#10 {main}
CRITICAL - 2022-11-21 07:01:51 --> Column 'password' cannot be null
in SYSTEMPATH\Database\MySQLi\Connection.php on line 292.
 1 SYSTEMPATH\Database\MySQLi\Connection.php(292): mysqli->query('INSERT INTO `user` (`username`, `password`, `nama`) VALUES (\'nabella\', NULL, \'Putri Nabella\')', 0)
 2 SYSTEMPATH\Database\BaseConnection.php(666): CodeIgniter\Database\MySQLi\Connection->execute('INSERT INTO `user` (`username`, `password`, `nama`) VALUES (\'nabella\', NULL, \'Putri Nabella\')')
 3 SYSTEMPATH\Database\BaseConnection.php(593): CodeIgniter\Database\BaseConnection->simpleQuery('INSERT INTO `user` (`username`, `password`, `nama`) VALUES (\'nabella\', NULL, \'Putri Nabella\')')
 4 SYSTEMPATH\Database\BaseBuilder.php(1916): CodeIgniter\Database\BaseConnection->query('INSERT INTO `user` (`username`, `password`, `nama`) VALUES (:username:, :password:, :nama:)', [...], false)
 5 APPPATH\Models\UserModel.php(22): CodeIgniter\Database\BaseBuilder->insert([...])
 6 APPPATH\Controllers\Login.php(64): App\Models\UserModel->insertData([...])
 7 SYSTEMPATH\CodeIgniter.php(927): App\Controllers\Login->daftar()
 8 SYSTEMPATH\CodeIgniter.php(482): CodeIgniter\CodeIgniter->runController(Object(App\Controllers\Login))
 9 SYSTEMPATH\CodeIgniter.php(351): CodeIgniter\CodeIgniter->handleRequest(null, Object(Config\Cache), false)
10 FCPATH\index.php(67): CodeIgniter\CodeIgniter->run()
